TN:
SF:/Users/cooldued59/Git Projects/CMPT 371 QM-Lab/src/Main/initialzewebpage.js
FN:35,onstartRun
FNF:1
FNH:1
FNDA:1,onstartRun
DA:9,1
DA:10,1
DA:11,1
DA:12,1
DA:13,1
DA:14,1
DA:15,1
DA:16,1
DA:17,1
DA:18,1
DA:19,1
DA:20,1
DA:21,1
DA:22,1
DA:23,1
DA:24,1
DA:27,1
DA:35,1
DA:36,1
DA:37,1
DA:38,0
DA:39,0
LF:22
LH:20
BRF:0
BRH:0
end_of_record
TN:
SF:/Users/cooldued59/Git Projects/CMPT 371 QM-Lab/src/Main/displayData.js
FNF:0
FNH:0
DA:2,1
DA:16,1
LF:2
LH:2
BRF:0
BRH:0
end_of_record
TN:
SF:/Users/cooldued59/Git Projects/CMPT 371 QM-Lab/src/Main/genUI.js
FN:11,QM_LabUI
FN:25,(anonymous_2)
FN:79,(anonymous_3)
FN:88,(anonymous_4)
FN:100,(anonymous_5)
FN:114,(anonymous_6)
FN:129,(anonymous_7)
FN:133,(anonymous_8)
FN:137,(anonymous_9)
FN:141,(anonymous_10)
FN:157,(anonymous_11)
FN:193,(anonymous_12)
FN:209,(anonymous_13)
FN:229,(anonymous_14)
FN:236,(anonymous_15)
FN:244,(anonymous_16)
FN:251,(anonymous_17)
FN:265,(anonymous_18)
FN:287,(anonymous_19)
FN:294,(anonymous_20)
FN:301,(anonymous_21)
FN:308,(anonymous_22)
FN:315,(anonymous_23)
FN:327,(anonymous_24)
FN:347,(anonymous_25)
FN:354,(anonymous_26)
FN:362,(anonymous_27)
FN:370,(anonymous_28)
FN:385,(anonymous_29)
FN:406,(anonymous_30)
FN:413,(anonymous_31)
FN:421,(anonymous_32)
FN:429,(anonymous_33)
FN:436,(anonymous_34)
FN:459,(anonymous_35)
FNF:35
FNH:3
FNDA:1,QM_LabUI
FNDA:0,(anonymous_2)
FNDA:0,(anonymous_3)
FNDA:0,(anonymous_4)
FNDA:1,(anonymous_5)
FNDA:1,(anonymous_6)
FNDA:0,(anonymous_7)
FNDA:0,(anonymous_8)
FNDA:0,(anonymous_9)
FNDA:0,(anonymous_10)
FNDA:0,(anonymous_11)
FNDA:0,(anonymous_12)
FNDA:0,(anonymous_13)
FNDA:0,(anonymous_14)
FNDA:0,(anonymous_15)
FNDA:0,(anonymous_16)
FNDA:0,(anonymous_17)
FNDA:0,(anonymous_18)
FNDA:0,(anonymous_19)
FNDA:0,(anonymous_20)
FNDA:0,(anonymous_21)
FNDA:0,(anonymous_22)
FNDA:0,(anonymous_23)
FNDA:0,(anonymous_24)
FNDA:0,(anonymous_25)
FNDA:0,(anonymous_26)
FNDA:0,(anonymous_27)
FNDA:0,(anonymous_28)
FNDA:0,(anonymous_29)
FNDA:0,(anonymous_30)
FNDA:0,(anonymous_31)
FNDA:0,(anonymous_32)
FNDA:0,(anonymous_33)
FNDA:0,(anonymous_34)
FNDA:0,(anonymous_35)
DA:5,1
DA:11,1
DA:12,1
DA:25,1
DA:26,0
DA:27,0
DA:79,0
DA:80,0
DA:81,0
DA:82,0
DA:88,0
DA:89,0
DA:90,0
DA:91,0
DA:100,1
DA:101,1
DA:102,0
DA:103,0
DA:114,1
DA:115,1
DA:129,0
DA:130,0
DA:133,0
DA:134,0
DA:137,0
DA:139,0
DA:140,0
DA:141,0
DA:142,0
DA:143,0
DA:145,0
DA:157,1
DA:163,0
DA:164,0
DA:165,0
DA:166,0
DA:168,0
DA:171,0
DA:173,0
DA:176,0
DA:179,0
DA:183,0
DA:193,1
DA:194,0
DA:209,1
DA:210,0
DA:211,0
DA:212,0
DA:214,0
DA:229,0
DA:230,0
DA:231,0
DA:232,0
DA:236,0
DA:237,0
DA:238,0
DA:239,0
DA:244,0
DA:245,0
DA:246,0
DA:247,0
DA:251,0
DA:252,0
DA:253,0
DA:254,0
DA:265,1
DA:266,0
DA:267,0
DA:268,0
DA:270,0
DA:287,0
DA:288,0
DA:289,0
DA:290,0
DA:294,0
DA:295,0
DA:296,0
DA:297,0
DA:301,0
DA:302,0
DA:303,0
DA:304,0
DA:308,0
DA:309,0
DA:310,0
DA:311,0
DA:315,0
DA:316,0
DA:317,0
DA:318,0
DA:327,1
DA:328,0
DA:329,0
DA:330,0
DA:332,0
DA:347,0
DA:348,0
DA:349,0
DA:350,0
DA:354,0
DA:355,0
DA:356,0
DA:357,0
DA:362,0
DA:363,0
DA:364,0
DA:365,0
DA:370,0
DA:371,0
DA:372,0
DA:373,0
DA:385,1
DA:386,0
DA:387,0
DA:388,0
DA:390,0
DA:406,0
DA:407,0
DA:408,0
DA:409,0
DA:413,0
DA:414,0
DA:415,0
DA:416,0
DA:421,0
DA:422,0
DA:423,0
DA:424,0
DA:429,0
DA:430,0
DA:431,0
DA:432,0
DA:436,0
DA:437,0
DA:438,0
DA:439,0
DA:459,1
DA:460,0
DA:461,0
LF:139
LH:15
BRDA:164,1,0,0
BRDA:164,1,1,0
BRDA:165,2,0,0
BRDA:165,2,1,0
BRDA:168,3,0,0
BRDA:168,3,1,0
BRDA:168,4,0,0
BRDA:168,4,1,0
BRDA:173,5,0,0
BRDA:173,5,1,0
BRDA:173,6,0,0
BRDA:173,6,1,0
BRDA:230,7,0,0
BRDA:230,7,1,0
BRDA:237,8,0,0
BRDA:237,8,1,0
BRDA:245,9,0,0
BRDA:245,9,1,0
BRDA:252,10,0,0
BRDA:252,10,1,0
BRDA:288,11,0,0
BRDA:288,11,1,0
BRDA:295,12,0,0
BRDA:295,12,1,0
BRDA:302,13,0,0
BRDA:302,13,1,0
BRDA:309,14,0,0
BRDA:309,14,1,0
BRDA:316,15,0,0
BRDA:316,15,1,0
BRDA:348,16,0,0
BRDA:348,16,1,0
BRDA:355,17,0,0
BRDA:355,17,1,0
BRDA:363,18,0,0
BRDA:363,18,1,0
BRDA:371,19,0,0
BRDA:371,19,1,0
BRDA:407,20,0,0
BRDA:407,20,1,0
BRDA:414,21,0,0
BRDA:414,21,1,0
BRDA:422,22,0,0
BRDA:422,22,1,0
BRDA:430,23,0,0
BRDA:430,23,1,0
BRDA:437,24,0,0
BRDA:437,24,1,0
BRF:48
BRH:0
end_of_record
TN:
SF:/Users/cooldued59/Git Projects/CMPT 371 QM-Lab/src/Main/checkcollaballowed.js
FN:18,allowCollabRecording
FN:29,stopCollabRecording
FN:38,isCollabRecordingAllowed
FNF:3
FNH:0
FNDA:0,allowCollabRecording
FNDA:0,stopCollabRecording
FNDA:0,isCollabRecordingAllowed
DA:18,1
DA:19,0
DA:29,1
DA:30,0
DA:38,1
DA:39,0
LF:6
LH:3
BRF:0
BRH:0
end_of_record
TN:
SF:/Users/cooldued59/Git Projects/CMPT 371 QM-Lab/src/Main/collabobjectssetup.js
FN:21,registerCollaborativeObjectTypes
FN:49,addCollabEventToCell
FN:50,(anonymous_3)
FN:51,(anonymous_4)
FN:61,CollaborativeGraph
FN:72,doGraphInitialize
FN:86,doGraphOnLoaded
FN:103,updateCollabGraph
FN:125,updateGraph
FN:128,(anonymous_10)
FN:141,CollaborativeCell
FN:155,doCellInitialize
FN:176,doCellOnLoaded
FN:178,(anonymous_14)
FN:179,(anonymous_15)
FN:199,updateCellByJSON
FN:236,updateCellByEventID
FNF:17
FNH:10
FNDA:1,registerCollaborativeObjectTypes
FNDA:51,addCollabEventToCell
FNDA:51,(anonymous_3)
FNDA:0,(anonymous_4)
FNDA:0,CollaborativeGraph
FNDA:0,doGraphInitialize
FNDA:1,doGraphOnLoaded
FNDA:37,updateCollabGraph
FNDA:1,updateGraph
FNDA:0,(anonymous_10)
FNDA:21,CollaborativeCell
FNDA:21,doCellInitialize
FNDA:21,doCellOnLoaded
FNDA:21,(anonymous_14)
FNDA:0,(anonymous_15)
FNDA:0,updateCellByJSON
FNDA:0,updateCellByEventID
DA:21,1
DA:23,1
DA:24,1
DA:25,1
DA:26,1
DA:29,1
DA:30,1
DA:31,1
DA:32,1
DA:33,1
DA:49,1
DA:50,51
DA:51,51
DA:61,1
DA:72,1
DA:73,0
DA:74,0
DA:86,1
DA:88,1
DA:103,1
DA:104,37
DA:105,15
DA:106,15
DA:110,22
DA:125,1
DA:126,1
DA:128,1
DA:129,0
DA:132,1
DA:133,1
DA:141,1
DA:155,1
DA:156,21
DA:157,21
DA:158,21
DA:159,21
DA:176,1
DA:177,21
DA:178,21
DA:179,21
DA:181,21
DA:199,1
DA:202,0
DA:205,0
DA:206,0
DA:207,0
DA:208,0
DA:211,0
DA:212,0
DA:213,0
DA:216,0
DA:217,0
DA:218,0
DA:220,0
DA:236,1
DA:237,0
DA:238,0
DA:239,0
LF:58
LH:40
BRDA:104,1,0,15
BRDA:104,1,1,22
BRDA:205,2,0,0
BRDA:205,2,1,0
BRDA:207,3,0,0
BRDA:207,3,1,0
BRDA:211,4,0,0
BRDA:211,4,1,0
BRDA:212,5,0,0
BRDA:212,5,1,0
BRDA:216,6,0,0
BRDA:216,6,1,0
BRDA:237,7,0,0
BRDA:237,7,1,0
BRF:14
BRH:2
end_of_record
TN:
SF:/Users/cooldued59/Git Projects/CMPT 371 QM-Lab/src/Main/connectioncheck.js
FN:26,checkAndFreeze
FN:58,checkAndRestore
FNF:2
FNH:0
FNDA:0,checkAndFreeze
FNDA:0,checkAndRestore
DA:26,1
DA:27,0
DA:28,0
DA:29,0
DA:30,0
DA:31,0
DA:58,1
DA:59,0
DA:60,0
DA:61,0
DA:62,0
DA:63,0
DA:64,0
LF:13
LH:2
BRDA:27,1,0,0
BRDA:27,1,1,0
BRDA:59,2,0,0
BRDA:59,2,1,0
BRF:4
BRH:0
end_of_record
TN:
SF:/Users/cooldued59/Git Projects/CMPT 371 QM-Lab/src/Main/createobjects.js
FN:25,createCollabCell
FN:39,createStock
FN:63,createLink
FN:92,createImage
FN:131,createVariable
FN:159,createParameter
FN:189,createIntervention
FN:218,createState
FN:244,createTerminalState
FN:267,createFinalState
FN:295,createBranch
FN:319,createAgent
FN:345,createText
FN:378,createFlow
FN:405,createTransition
FN:431,createConnection
FN:462,setUpNewCell
FNF:17
FNH:13
FNDA:36,createCollabCell
FNDA:6,createStock
FNDA:9,createLink
FNDA:7,createImage
FNDA:3,createVariable
FNDA:1,createParameter
FNDA:0,createIntervention
FNDA:1,createState
FNDA:1,createTerminalState
FNDA:0,createFinalState
FNDA:1,createBranch
FNDA:1,createAgent
FNDA:1,createText
FNDA:1,createFlow
FNDA:0,createTransition
FNDA:0,createConnection
FNDA:36,setUpNewCell
DA:25,1
DA:26,36
DA:27,36
DA:28,36
DA:29,36
DA:39,1
DA:40,6
DA:48,6
DA:50,6
DA:51,6
DA:63,1
DA:64,9
DA:65,9
DA:67,9
DA:68,9
DA:69,9
DA:70,9
DA:92,1
DA:93,7
DA:102,7
DA:103,6
DA:105,7
DA:106,6
DA:109,1
DA:111,7
DA:112,6
DA:113,6
DA:115,1
DA:118,7
DA:119,7
DA:131,1
DA:132,3
DA:141,3
DA:142,3
DA:143,3
DA:145,3
DA:146,3
DA:159,1
DA:160,1
DA:169,1
DA:170,1
DA:171,1
DA:173,1
DA:174,1
DA:189,1
DA:190,0
DA:199,0
DA:200,0
DA:201,0
DA:203,0
DA:204,0
DA:218,1
DA:219,1
DA:227,1
DA:229,1
DA:230,1
DA:244,1
DA:245,1
DA:253,1
DA:255,1
DA:256,1
DA:267,1
DA:268,0
DA:277,0
DA:278,0
DA:280,0
DA:281,0
DA:295,1
DA:296,1
DA:304,1
DA:306,1
DA:307,1
DA:319,1
DA:320,1
DA:329,1
DA:330,1
DA:331,1
DA:332,1
DA:333,1
DA:345,1
DA:346,1
DA:355,1
DA:356,1
DA:357,1
DA:358,1
DA:359,1
DA:378,1
DA:379,1
DA:380,1
DA:381,1
DA:382,1
DA:383,1
DA:389,1
DA:390,1
DA:391,1
DA:392,1
DA:405,1
DA:406,0
DA:407,0
DA:408,0
DA:409,0
DA:410,0
DA:415,0
DA:416,0
DA:417,0
DA:418,0
DA:431,1
DA:432,0
DA:433,0
DA:434,0
DA:435,0
DA:436,0
DA:441,0
DA:442,0
DA:443,0
DA:444,0
DA:462,1
DA:463,36
DA:464,36
DA:465,36
DA:466,36
DA:468,36
DA:469,36
DA:470,36
LF:124
LH:95
BRDA:102,1,0,6
BRDA:102,1,1,1
BRDA:102,2,0,7
BRDA:102,2,1,6
BRDA:105,3,0,6
BRDA:105,3,1,1
BRDA:111,4,0,6
BRDA:111,4,1,1
BRF:8
BRH:8
end_of_record
TN:
SF:/Users/cooldued59/Git Projects/CMPT 371 QM-Lab/src/Main/initialzediagram.js
FN:18,initializeGraph
FN:30,initializePrintGraph
FN:41,updatePrintGraph
FN:46,removeAllSelectionBoxes
FN:58,drawSelectionBox
FN:102,initializePaper
FN:132,(anonymous_7)
FN:154,initializeView
FN:177,initializePrintPaper
FN:201,paperZoom
FN:234,removePaperInteraction
FN:245,restorePaperInteraction
FN:249,resizePaper
FN:265,resizePrintPaper
FN:283,shrinkPrintPaper
FN:305,paperEmptySelectionPressed
FN:341,paperOnMouseUp
FN:394,selectClickedCell
FN:410,deselectCell
FN:436,handleKeyInput
FN:454,deleteSelectedCell
FN:464,stopDraggingAction
FN:499,deselectAllCells
FN:526,handleMouseMove
FN:544,moveSelectedItems
FN:580,moveViewPort
FN:608,updateMousePos
FNF:27
FNH:4
FNDA:2,initializeGraph
FNDA:2,initializePrintGraph
FNDA:1,updatePrintGraph
FNDA:0,removeAllSelectionBoxes
FNDA:0,drawSelectionBox
FNDA:0,initializePaper
FNDA:0,(anonymous_7)
FNDA:0,initializeView
FNDA:1,initializePrintPaper
FNDA:0,paperZoom
FNDA:0,removePaperInteraction
FNDA:0,restorePaperInteraction
FNDA:0,resizePaper
FNDA:0,resizePrintPaper
FNDA:0,shrinkPrintPaper
FNDA:0,paperEmptySelectionPressed
FNDA:0,paperOnMouseUp
FNDA:0,selectClickedCell
FNDA:0,deselectCell
FNDA:0,handleKeyInput
FNDA:0,deleteSelectedCell
FNDA:0,stopDraggingAction
FNDA:0,deselectAllCells
FNDA:0,handleMouseMove
FNDA:0,moveSelectedItems
FNDA:0,moveViewPort
FNDA:0,updateMousePos
DA:18,1
DA:19,2
DA:20,2
DA:30,1
DA:31,2
DA:32,2
DA:33,2
DA:41,1
DA:42,1
DA:46,1
DA:47,0
DA:50,0
DA:51,0
DA:52,0
DA:53,0
DA:58,1
DA:60,0
DA:63,0
DA:65,0
DA:66,0
DA:69,0
DA:70,0
DA:71,0
DA:72,0
DA:75,0
DA:76,0
DA:77,0
DA:78,0
DA:81,0
DA:83,0
DA:84,0
DA:85,0
DA:86,0
DA:88,0
DA:89,0
DA:90,0
DA:102,1
DA:103,0
DA:112,0
DA:113,0
DA:114,0
DA:116,0
DA:117,0
DA:118,0
DA:119,0
DA:120,0
DA:121,0
DA:124,0
DA:125,0
DA:127,0
DA:128,0
DA:129,0
DA:131,0
DA:132,0
DA:133,0
DA:134,0
DA:135,0
DA:141,0
DA:142,0
DA:143,0
DA:154,1
DA:155,0
DA:156,0
DA:157,0
DA:158,0
DA:159,0
DA:160,0
DA:161,0
DA:162,0
DA:163,0
DA:177,1
DA:180,1
DA:188,1
DA:201,1
DA:203,0
DA:206,0
DA:208,0
DA:209,0
DA:212,0
DA:213,0
DA:217,0
DA:220,0
DA:221,0
DA:222,0
DA:226,0
DA:234,1
DA:235,0
DA:236,0
DA:245,1
DA:246,0
DA:249,1
DA:250,0
DA:251,0
DA:252,0
DA:253,0
DA:255,0
DA:265,1
DA:267,0
DA:268,0
DA:269,0
DA:270,0
DA:283,1
DA:285,0
DA:286,0
DA:287,0
DA:305,1
DA:306,0
DA:307,0
DA:310,0
DA:311,0
DA:312,0
DA:316,0
DA:317,0
DA:318,0
DA:321,0
DA:341,1
DA:342,0
DA:345,0
DA:346,0
DA:348,0
DA:349,0
DA:351,0
DA:352,0
DA:354,0
DA:355,0
DA:357,0
DA:358,0
DA:360,0
DA:361,0
DA:363,0
DA:364,0
DA:366,0
DA:367,0
DA:369,0
DA:370,0
DA:372,0
DA:373,0
DA:375,0
DA:376,0
DA:378,0
DA:379,0
DA:381,0
DA:382,0
DA:384,0
DA:387,0
DA:388,0
DA:389,0
DA:390,0
DA:394,1
DA:396,0
DA:397,0
DA:399,0
DA:402,0
DA:403,0
DA:404,0
DA:410,1
DA:412,0
DA:413,0
DA:416,0
DA:417,0
DA:436,1
DA:437,0
DA:438,0
DA:454,1
DA:455,0
DA:456,0
DA:457,0
DA:458,0
DA:464,1
DA:465,0
DA:467,0
DA:468,0
DA:469,0
DA:472,0
DA:474,0
DA:476,0
DA:477,0
DA:479,0
DA:481,0
DA:482,0
DA:483,0
DA:487,0
DA:490,0
DA:493,0
DA:494,0
DA:495,0
DA:499,1
DA:500,0
DA:501,0
DA:504,0
DA:505,0
DA:508,0
DA:526,1
DA:527,0
DA:529,0
DA:530,0
DA:533,0
DA:534,0
DA:535,0
DA:536,0
DA:538,0
DA:539,0
DA:540,0
DA:544,1
DA:545,0
DA:546,0
DA:548,0
DA:549,0
DA:551,0
DA:552,0
DA:553,0
DA:555,0
DA:556,0
DA:557,0
DA:559,0
DA:560,0
DA:565,0
DA:580,1
DA:581,0
DA:582,0
DA:583,0
DA:584,0
DA:585,0
DA:588,0
DA:589,0
DA:591,0
DA:608,1
DA:609,0
DA:610,0
DA:611,0
LF:230
LH:34
BRDA:133,1,0,0
BRDA:133,1,1,0
BRDA:206,2,0,0
BRDA:206,2,1,0
BRDA:206,2,2,0
BRDA:208,3,0,0
BRDA:208,3,1,0
BRDA:212,4,0,0
BRDA:212,4,1,0
BRDA:252,5,0,0
BRDA:252,5,1,0
BRDA:310,6,0,0
BRDA:310,6,1,0
BRDA:345,7,0,0
BRDA:345,7,1,0
BRDA:348,8,0,0
BRDA:348,8,1,0
BRDA:351,9,0,0
BRDA:351,9,1,0
BRDA:354,10,0,0
BRDA:354,10,1,0
BRDA:357,11,0,0
BRDA:357,11,1,0
BRDA:360,12,0,0
BRDA:360,12,1,0
BRDA:363,13,0,0
BRDA:363,13,1,0
BRDA:366,14,0,0
BRDA:366,14,1,0
BRDA:369,15,0,0
BRDA:369,15,1,0
BRDA:372,16,0,0
BRDA:372,16,1,0
BRDA:375,17,0,0
BRDA:375,17,1,0
BRDA:378,18,0,0
BRDA:378,18,1,0
BRDA:381,19,0,0
BRDA:381,19,1,0
BRDA:412,20,0,0
BRDA:412,20,1,0
BRDA:437,21,0,0
BRDA:437,21,1,0
BRDA:455,22,0,0
BRDA:455,22,1,0
BRDA:456,23,0,0
BRDA:456,23,1,0
BRDA:467,24,0,0
BRDA:467,24,1,0
BRDA:472,25,0,0
BRDA:472,25,1,0
BRDA:529,26,0,0
BRDA:529,26,1,0
BRDA:533,27,0,0
BRDA:533,27,1,0
BRDA:538,28,0,0
BRDA:538,28,1,0
BRDA:538,29,0,0
BRDA:538,29,1,0
BRDA:559,30,0,0
BRDA:559,30,1,0
BRF:61
BRH:0
end_of_record
TN:
SF:/Users/cooldued59/Git Projects/CMPT 371 QM-Lab/src/Main/qmlabfileopened.js
FN:22,onFileInitialize
FN:53,onFileLoaded
FN:92,addGlobalEventListeners
FN:107,addCollabEventToAllCells
FNF:4
FNH:4
FNDA:1,onFileInitialize
FNDA:1,onFileLoaded
FNDA:1,addGlobalEventListeners
FNDA:2,addCollabEventToAllCells
DA:22,1
DA:23,1
DA:25,1
DA:26,1
DA:27,1
DA:28,1
DA:29,1
DA:30,1
DA:32,1
DA:53,1
DA:54,1
DA:57,0
DA:58,0
DA:59,0
DA:60,0
DA:61,0
DA:62,0
DA:63,0
DA:67,0
DA:68,0
DA:70,0
DA:72,0
DA:74,0
DA:75,0
DA:77,0
DA:79,0
DA:92,1
DA:93,1
DA:94,1
DA:107,1
DA:108,2
DA:109,2
DA:110,15
LF:33
LH:18
BRF:0
BRH:0
end_of_record
TN:
SF:/Users/cooldued59/Git Projects/CMPT 371 QM-Lab/src/Main/qmlabjointclasses.js
FN:12,localNode
FN:30,(anonymous_2)
FN:42,(anonymous_3)
FN:53,(anonymous_4)
FN:65,(anonymous_5)
FN:77,(anonymous_6)
FN:89,(anonymous_7)
FN:122,(anonymous_8)
FN:135,(anonymous_9)
FN:149,(anonymous_10)
FN:160,(anonymous_11)
FN:173,(anonymous_12)
FN:191,(anonymous_13)
FN:207,(anonymous_14)
FN:223,(anonymous_15)
FN:231,(anonymous_16)
FN:236,(anonymous_17)
FN:241,(anonymous_18)
FN:245,(anonymous_19)
FN:251,(anonymous_20)
FN:257,(anonymous_21)
FN:261,(anonymous_22)
FN:265,(anonymous_23)
FN:277,(anonymous_24)
FN:326,localLink
FN:397,localFlow
FN:439,(anonymous_27)
FN:452,(anonymous_28)
FN:477,(anonymous_29)
FN:502,(anonymous_30)
FN:515,(anonymous_31)
FN:528,(anonymous_32)
FN:540,(anonymous_33)
FN:558,(anonymous_34)
FN:576,(anonymous_35)
FN:595,(anonymous_36)
FN:606,(anonymous_37)
FN:617,(anonymous_38)
FN:622,(anonymous_39)
FN:631,(anonymous_40)
FN:643,(anonymous_41)
FN:648,(anonymous_42)
FN:653,(anonymous_43)
FN:657,(anonymous_44)
FN:661,(anonymous_45)
FN:671,(anonymous_46)
FN:675,(anonymous_47)
FN:682,(anonymous_48)
FN:689,(anonymous_49)
FN:696,(anonymous_50)
FN:703,(anonymous_51)
FN:1058,(anonymous_52)
FN:1062,(anonymous_53)
FN:1066,(anonymous_54)
FN:1070,(anonymous_55)
FN:1074,(anonymous_56)
FN:1104,dropEdge
FN:1112,startResizingTop
FN:1120,startResizingBottom
FN:1128,startResizingLeft
FN:1136,startResizingRight
FN:1144,startResizing
FN:1149,stopResizing
FN:1155,dragResize
FN:1208,setInitialHTML
FN:1252,setInitialHTMLBranch
FN:1294,setInitialHTMLText
FN:1348,setSelectedHTML
FN:1402,setSelectedHTMLNoResize
FN:1444,initializeStockView
FN:1455,(anonymous_71)
FN:1468,(anonymous_72)
FN:1474,(anonymous_73)
FN:1478,(anonymous_74)
FN:1486,initializeImageNodeView
FN:1497,(anonymous_76)
FN:1510,(anonymous_77)
FN:1516,(anonymous_78)
FN:1520,(anonymous_79)
FN:1526,initializeTextView
FN:1537,(anonymous_81)
FN:1550,(anonymous_82)
FN:1556,(anonymous_83)
FN:1560,(anonymous_84)
FN:1566,initializeAgentView
FN:1577,(anonymous_86)
FN:1590,(anonymous_87)
FN:1596,(anonymous_88)
FN:1600,(anonymous_89)
FN:1606,initializeStateView
FN:1617,(anonymous_91)
FN:1630,(anonymous_92)
FN:1636,(anonymous_93)
FN:1640,(anonymous_94)
FN:1646,initializeTerminalStateView
FN:1657,(anonymous_96)
FN:1670,(anonymous_97)
FN:1676,(anonymous_98)
FN:1680,(anonymous_99)
FN:1686,initializeBranchView
FN:1697,(anonymous_101)
FN:1710,(anonymous_102)
FN:1716,(anonymous_103)
FN:1720,(anonymous_104)
FN:1728,initializeVariableView
FN:1739,(anonymous_106)
FN:1752,(anonymous_107)
FN:1758,(anonymous_108)
FN:1762,(anonymous_109)
FN:1768,initializeParameterView
FN:1779,(anonymous_111)
FN:1792,(anonymous_112)
FN:1798,(anonymous_113)
FN:1802,(anonymous_114)
FNF:114
FNH:43
FNDA:1,localNode
FNDA:2,(anonymous_2)
FNDA:2,(anonymous_3)
FNDA:1,(anonymous_4)
FNDA:3,(anonymous_5)
FNDA:3,(anonymous_6)
FNDA:15,(anonymous_7)
FNDA:1,(anonymous_8)
FNDA:1,(anonymous_9)
FNDA:1,(anonymous_10)
FNDA:1,(anonymous_11)
FNDA:8,(anonymous_12)
FNDA:36,(anonymous_13)
FNDA:4,(anonymous_14)
FNDA:23,(anonymous_15)
FNDA:1,(anonymous_16)
FNDA:27,(anonymous_17)
FNDA:1,(anonymous_18)
FNDA:27,(anonymous_19)
FNDA:1,(anonymous_20)
FNDA:0,(anonymous_21)
FNDA:1,(anonymous_22)
FNDA:170,(anonymous_23)
FNDA:4,(anonymous_24)
FNDA:13,localLink
FNDA:2,localFlow
FNDA:1,(anonymous_27)
FNDA:5,(anonymous_28)
FNDA:0,(anonymous_29)
FNDA:1,(anonymous_30)
FNDA:2,(anonymous_31)
FNDA:14,(anonymous_32)
FNDA:12,(anonymous_33)
FNDA:10,(anonymous_34)
FNDA:10,(anonymous_35)
FNDA:20,(anonymous_36)
FNDA:10,(anonymous_37)
FNDA:0,(anonymous_38)
FNDA:10,(anonymous_39)
FNDA:10,(anonymous_40)
FNDA:0,(anonymous_41)
FNDA:0,(anonymous_42)
FNDA:0,(anonymous_43)
FNDA:0,(anonymous_44)
FNDA:0,(anonymous_45)
FNDA:0,(anonymous_46)
FNDA:0,(anonymous_47)
FNDA:0,(anonymous_48)
FNDA:0,(anonymous_49)
FNDA:0,(anonymous_50)
FNDA:3,(anonymous_51)
FNDA:8,(anonymous_52)
FNDA:1,(anonymous_53)
FNDA:2,(anonymous_54)
FNDA:1,(anonymous_55)
FNDA:1,(anonymous_56)
FNDA:0,dropEdge
FNDA:0,startResizingTop
FNDA:0,startResizingBottom
FNDA:0,startResizingLeft
FNDA:0,startResizingRight
FNDA:0,startResizing
FNDA:0,stopResizing
FNDA:0,dragResize
FNDA:0,setInitialHTML
FNDA:0,setInitialHTMLBranch
FNDA:0,setInitialHTMLText
FNDA:0,setSelectedHTML
FNDA:0,setSelectedHTMLNoResize
FNDA:0,initializeStockView
FNDA:0,(anonymous_71)
FNDA:0,(anonymous_72)
FNDA:0,(anonymous_73)
FNDA:0,(anonymous_74)
FNDA:0,initializeImageNodeView
FNDA:0,(anonymous_76)
FNDA:0,(anonymous_77)
FNDA:0,(anonymous_78)
FNDA:0,(anonymous_79)
FNDA:0,initializeTextView
FNDA:0,(anonymous_81)
FNDA:0,(anonymous_82)
FNDA:0,(anonymous_83)
FNDA:0,(anonymous_84)
FNDA:0,initializeAgentView
FNDA:0,(anonymous_86)
FNDA:0,(anonymous_87)
FNDA:0,(anonymous_88)
FNDA:0,(anonymous_89)
FNDA:0,initializeStateView
FNDA:0,(anonymous_91)
FNDA:0,(anonymous_92)
FNDA:0,(anonymous_93)
FNDA:0,(anonymous_94)
FNDA:0,initializeTerminalStateView
FNDA:0,(anonymous_96)
FNDA:0,(anonymous_97)
FNDA:0,(anonymous_98)
FNDA:0,(anonymous_99)
FNDA:0,initializeBranchView
FNDA:0,(anonymous_101)
FNDA:0,(anonymous_102)
FNDA:0,(anonymous_103)
FNDA:0,(anonymous_104)
FNDA:0,initializeVariableView
FNDA:0,(anonymous_106)
FNDA:0,(anonymous_107)
FNDA:0,(anonymous_108)
FNDA:0,(anonymous_109)
FNDA:0,initializeParameterView
FNDA:0,(anonymous_111)
FNDA:0,(anonymous_112)
FNDA:0,(anonymous_113)
FNDA:0,(anonymous_114)
DA:12,1
DA:13,1
DA:16,1
DA:17,1
DA:19,1
DA:30,1
DA:31,2
DA:42,1
DA:43,2
DA:53,1
DA:54,1
DA:65,1
DA:66,3
DA:77,1
DA:78,3
DA:89,1
DA:95,15
DA:98,15
DA:100,15
DA:101,15
DA:105,14
DA:108,1
DA:122,1
DA:123,1
DA:124,1
DA:135,1
DA:136,1
DA:137,1
DA:149,1
DA:150,1
DA:160,1
DA:161,1
DA:162,1
DA:173,1
DA:174,8
DA:175,8
DA:176,1
DA:180,7
DA:191,1
DA:192,36
DA:207,1
DA:208,4
DA:210,0
DA:213,4
DA:217,4
DA:218,4
DA:219,4
DA:223,1
DA:225,23
DA:226,23
DA:231,1
DA:232,1
DA:236,1
DA:237,27
DA:241,1
DA:242,1
DA:245,1
DA:246,27
DA:247,27
DA:251,1
DA:253,1
DA:257,1
DA:261,1
DA:262,1
DA:265,1
DA:266,170
DA:267,170
DA:273,1
DA:274,1
DA:275,1
DA:276,1
DA:277,1
DA:278,4
DA:279,4
DA:280,4
DA:282,1
DA:283,1
DA:284,1
DA:285,1
DA:286,1
DA:288,1
DA:289,1
DA:290,1
DA:291,1
DA:292,1
DA:293,1
DA:294,1
DA:295,1
DA:296,1
DA:326,1
DA:327,13
DA:328,13
DA:330,13
DA:331,1
DA:332,1
DA:337,12
DA:341,13
DA:342,1
DA:343,1
DA:349,12
DA:350,12
DA:354,13
DA:355,1
DA:359,13
DA:360,13
DA:363,13
DA:397,1
DA:399,2
DA:400,2
DA:401,2
DA:404,2
DA:407,2
DA:408,1
DA:412,2
DA:413,0
DA:416,2
DA:419,2
DA:439,1
DA:440,1
DA:452,1
DA:453,5
DA:454,4
DA:455,3
DA:458,1
DA:459,1
DA:463,1
DA:464,1
DA:477,1
DA:478,0
DA:479,0
DA:482,0
DA:483,0
DA:502,1
DA:503,1
DA:515,1
DA:516,2
DA:528,1
DA:529,14
DA:540,1
DA:541,12
DA:543,12
DA:545,2
DA:546,2
DA:558,1
DA:559,10
DA:560,10
DA:561,10
DA:564,10
DA:576,1
DA:578,10
DA:595,1
DA:596,20
DA:597,20
DA:598,20
DA:602,0
DA:606,1
DA:607,10
DA:608,10
DA:617,1
DA:618,0
DA:622,1
DA:623,10
DA:624,10
DA:625,10
DA:626,10
DA:631,1
DA:632,10
DA:633,10
DA:634,0
DA:637,10
DA:643,1
DA:644,0
DA:648,1
DA:649,0
DA:653,1
DA:657,1
DA:661,1
DA:662,0
DA:664,0
DA:665,0
DA:671,1
DA:675,1
DA:676,0
DA:682,1
DA:683,0
DA:689,1
DA:690,0
DA:696,1
DA:697,0
DA:703,1
DA:705,3
DA:706,1
DA:707,1
DA:712,2
DA:716,3
DA:717,1
DA:718,1
DA:724,2
DA:725,2
DA:734,1
DA:744,1
DA:758,1
DA:772,1
DA:788,1
DA:808,1
DA:832,1
DA:854,1
DA:877,1
DA:898,1
DA:918,1
DA:949,1
DA:967,1
DA:983,1
DA:1003,1
DA:1022,1
DA:1046,1
DA:1058,1
DA:1059,8
DA:1062,1
DA:1063,1
DA:1066,1
DA:1067,2
DA:1070,1
DA:1071,1
DA:1074,1
DA:1075,1
DA:1104,1
DA:1105,0
DA:1106,0
DA:1112,1
DA:1114,0
DA:1115,0
DA:1116,0
DA:1117,0
DA:1120,1
DA:1122,0
DA:1123,0
DA:1124,0
DA:1125,0
DA:1128,1
DA:1130,0
DA:1131,0
DA:1132,0
DA:1133,0
DA:1136,1
DA:1138,0
DA:1139,0
DA:1140,0
DA:1141,0
DA:1144,1
DA:1145,0
DA:1146,0
DA:1147,0
DA:1149,1
DA:1150,0
DA:1151,0
DA:1152,0
DA:1153,0
DA:1155,1
DA:1156,0
DA:1157,0
DA:1158,0
DA:1159,0
DA:1160,0
DA:1161,0
DA:1162,0
DA:1163,0
DA:1164,0
DA:1165,0
DA:1166,0
DA:1168,0
DA:1169,0
DA:1170,0
DA:1171,0
DA:1172,0
DA:1173,0
DA:1174,0
DA:1175,0
DA:1176,0
DA:1178,0
DA:1179,0
DA:1180,0
DA:1181,0
DA:1182,0
DA:1183,0
DA:1184,0
DA:1185,0
DA:1186,0
DA:1188,0
DA:1189,0
DA:1190,0
DA:1191,0
DA:1192,0
DA:1193,0
DA:1194,0
DA:1195,0
DA:1196,0
DA:1199,0
DA:1208,1
DA:1209,0
DA:1210,0
DA:1211,0
DA:1213,0
DA:1218,0
DA:1223,0
DA:1227,0
DA:1231,0
DA:1237,0
DA:1238,0
DA:1242,0
DA:1252,1
DA:1253,0
DA:1254,0
DA:1255,0
DA:1257,0
DA:1262,0
DA:1267,0
DA:1271,0
DA:1275,0
DA:1280,0
DA:1281,0
DA:1285,0
DA:1294,1
DA:1297,0
DA:1298,0
DA:1299,0
DA:1300,0
DA:1302,0
DA:1307,0
DA:1312,0
DA:1316,0
DA:1320,0
DA:1325,0
DA:1326,0
DA:1330,0
DA:1348,1
DA:1349,0
DA:1350,0
DA:1355,0
DA:1360,0
DA:1365,0
DA:1370,0
DA:1371,0
DA:1372,0
DA:1373,0
DA:1375,0
DA:1380,0
DA:1385,0
DA:1390,0
DA:1395,0
DA:1396,0
DA:1397,0
DA:1398,0
DA:1402,1
DA:1403,0
DA:1404,0
DA:1408,0
DA:1412,0
DA:1416,0
DA:1421,0
DA:1426,0
DA:1431,0
DA:1436,0
DA:1444,1
DA:1445,0
DA:1456,0
DA:1457,0
DA:1458,0
DA:1460,0
DA:1461,0
DA:1463,0
DA:1465,0
DA:1466,0
DA:1469,0
DA:1470,0
DA:1471,0
DA:1472,0
DA:1475,0
DA:1476,0
DA:1479,0
DA:1486,1
DA:1487,0
DA:1498,0
DA:1499,0
DA:1500,0
DA:1502,0
DA:1503,0
DA:1505,0
DA:1507,0
DA:1508,0
DA:1511,0
DA:1512,0
DA:1513,0
DA:1514,0
DA:1517,0
DA:1518,0
DA:1521,0
DA:1526,1
DA:1527,0
DA:1538,0
DA:1539,0
DA:1540,0
DA:1542,0
DA:1543,0
DA:1545,0
DA:1547,0
DA:1548,0
DA:1551,0
DA:1552,0
DA:1553,0
DA:1554,0
DA:1557,0
DA:1558,0
DA:1561,0
DA:1566,1
DA:1567,0
DA:1578,0
DA:1579,0
DA:1580,0
DA:1582,0
DA:1583,0
DA:1585,0
DA:1587,0
DA:1588,0
DA:1591,0
DA:1592,0
DA:1593,0
DA:1594,0
DA:1597,0
DA:1598,0
DA:1601,0
DA:1606,1
DA:1607,0
DA:1618,0
DA:1619,0
DA:1620,0
DA:1622,0
DA:1623,0
DA:1625,0
DA:1627,0
DA:1628,0
DA:1631,0
DA:1632,0
DA:1633,0
DA:1634,0
DA:1637,0
DA:1638,0
DA:1641,0
DA:1646,1
DA:1647,0
DA:1658,0
DA:1659,0
DA:1660,0
DA:1662,0
DA:1663,0
DA:1665,0
DA:1667,0
DA:1668,0
DA:1671,0
DA:1672,0
DA:1673,0
DA:1674,0
DA:1677,0
DA:1678,0
DA:1681,0
DA:1686,1
DA:1687,0
DA:1698,0
DA:1699,0
DA:1700,0
DA:1702,0
DA:1703,0
DA:1705,0
DA:1707,0
DA:1708,0
DA:1711,0
DA:1712,0
DA:1713,0
DA:1714,0
DA:1717,0
DA:1718,0
DA:1721,0
DA:1728,1
DA:1729,0
DA:1740,0
DA:1741,0
DA:1742,0
DA:1744,0
DA:1745,0
DA:1747,0
DA:1749,0
DA:1750,0
DA:1753,0
DA:1754,0
DA:1755,0
DA:1756,0
DA:1759,0
DA:1760,0
DA:1763,0
DA:1768,1
DA:1769,0
DA:1780,0
DA:1781,0
DA:1782,0
DA:1784,0
DA:1785,0
DA:1787,0
DA:1789,0
DA:1790,0
DA:1793,0
DA:1794,0
DA:1795,0
DA:1796,0
DA:1799,0
DA:1800,0
DA:1803,0
LF:516
LH:230
BRDA:16,1,0,1
BRDA:16,1,1,0
BRDA:95,2,0,2
BRDA:95,2,1,13
BRDA:101,3,0,14
BRDA:101,3,1,1
BRDA:101,4,0,15
BRDA:101,4,1,14
BRDA:101,4,2,5
BRDA:101,4,3,2
BRDA:101,4,4,1
BRDA:101,4,5,1
BRDA:123,5,0,1
BRDA:123,5,1,0
BRDA:136,6,0,1
BRDA:136,6,1,0
BRDA:161,7,0,1
BRDA:161,7,1,0
BRDA:175,8,0,1
BRDA:175,8,1,7
BRDA:208,9,0,0
BRDA:208,9,1,4
BRDA:246,10,0,27
BRDA:246,10,1,0
BRDA:330,11,0,1
BRDA:330,11,1,12
BRDA:331,12,0,1
BRDA:331,12,1,0
BRDA:341,13,0,1
BRDA:341,13,1,12
BRDA:342,14,0,1
BRDA:342,14,1,0
BRDA:354,15,0,1
BRDA:354,15,1,12
BRDA:359,16,0,13
BRDA:359,16,1,0
BRDA:359,17,0,13
BRDA:359,17,1,8
BRDA:359,17,2,4
BRDA:407,18,0,1
BRDA:407,18,1,1
BRDA:412,19,0,0
BRDA:412,19,1,2
BRDA:412,20,0,2
BRDA:412,20,1,2
BRDA:412,20,2,2
BRDA:453,21,0,4
BRDA:453,21,1,1
BRDA:454,22,0,3
BRDA:454,22,1,1
BRDA:478,23,0,0
BRDA:478,23,1,0
BRDA:543,24,0,2
BRDA:543,24,1,10
BRDA:596,25,0,20
BRDA:596,25,1,0
BRDA:597,26,0,20
BRDA:597,26,1,0
BRDA:633,27,0,0
BRDA:633,27,1,10
BRDA:662,28,0,0
BRDA:662,28,1,0
BRDA:662,29,0,0
BRDA:662,29,1,0
BRDA:664,30,0,0
BRDA:664,30,1,0
BRDA:705,31,0,1
BRDA:705,31,1,2
BRDA:706,32,0,1
BRDA:706,32,1,0
BRDA:716,33,0,1
BRDA:716,33,1,2
BRDA:717,34,0,1
BRDA:717,34,1,0
BRDA:1105,35,0,0
BRDA:1105,35,1,0
BRDA:1114,36,0,0
BRDA:1114,36,1,0
BRDA:1122,37,0,0
BRDA:1122,37,1,0
BRDA:1130,38,0,0
BRDA:1130,38,1,0
BRDA:1138,39,0,0
BRDA:1138,39,1,0
BRDA:1156,40,0,0
BRDA:1156,40,1,0
BRDA:1158,41,0,0
BRDA:1158,41,1,0
BRDA:1164,42,0,0
BRDA:1164,42,1,0
BRDA:1164,43,0,0
BRDA:1164,43,1,0
BRDA:1168,44,0,0
BRDA:1168,44,1,0
BRDA:1174,45,0,0
BRDA:1174,45,1,0
BRDA:1174,46,0,0
BRDA:1174,46,1,0
BRDA:1178,47,0,0
BRDA:1178,47,1,0
BRDA:1184,48,0,0
BRDA:1184,48,1,0
BRDA:1184,49,0,0
BRDA:1184,49,1,0
BRDA:1188,50,0,0
BRDA:1188,50,1,0
BRDA:1194,51,0,0
BRDA:1194,51,1,0
BRDA:1194,52,0,0
BRDA:1194,52,1,0
BRDA:1237,53,0,0
BRDA:1237,53,1,0
BRDA:1237,54,0,0
BRDA:1237,54,1,0
BRDA:1280,55,0,0
BRDA:1280,55,1,0
BRDA:1280,56,0,0
BRDA:1280,56,1,0
BRDA:1325,57,0,0
BRDA:1325,57,1,0
BRDA:1325,58,0,0
BRDA:1325,58,1,0
BRDA:1349,59,0,0
BRDA:1349,59,1,0
BRDA:1403,60,0,0
BRDA:1403,60,1,0
BRF:126
BRH:51
end_of_record
TN:
SF:/Users/cooldued59/Git Projects/CMPT 371 QM-Lab/src/Main/elementPropAlter.js
FN:12,updateProperties
FN:50,setPropertyDisplayValues
FN:62,setPropertyInputBoxValueIfExists
FN:69,setPropertyColourPickerValueIfExists
FNF:4
FNH:0
FNDA:0,updateProperties
FNDA:0,setPropertyDisplayValues
FNDA:0,setPropertyInputBoxValueIfExists
FNDA:0,setPropertyColourPickerValueIfExists
DA:12,1
DA:13,0
DA:15,0
DA:16,0
DA:18,0
DA:19,0
DA:20,0
DA:21,0
DA:22,0
DA:23,0
DA:24,0
DA:27,0
DA:28,0
DA:29,0
DA:30,0
DA:31,0
DA:32,0
DA:33,0
DA:34,0
DA:35,0
DA:37,0
DA:38,0
DA:42,0
DA:50,1
DA:52,0
DA:53,0
DA:54,0
DA:55,0
DA:56,0
DA:57,0
DA:58,0
DA:62,1
DA:63,0
DA:64,0
DA:65,0
DA:69,1
DA:70,0
DA:71,0
DA:72,0
DA:73,0
LF:40
LH:4
BRDA:27,1,0,0
BRDA:27,1,1,0
BRDA:34,2,0,0
BRDA:34,2,1,0
BRDA:37,3,0,0
BRDA:37,3,1,0
BRDA:64,4,0,0
BRDA:64,4,1,0
BRDA:71,5,0,0
BRDA:71,5,1,0
BRF:10
BRH:0
end_of_record
TN:
SF:/Users/cooldued59/Git Projects/CMPT 371 QM-Lab/src/Main/utilityfunctionsqmlab.js
FN:1,(anonymous_1)
FN:12,compareArray
FN:26,smartRect
FN:48,getHighlightedItems
FNF:4
FNH:1
FNDA:0,(anonymous_1)
FNDA:3,compareArray
FNDA:0,smartRect
FNDA:0,getHighlightedItems
DA:1,1
DA:2,0
DA:3,0
DA:4,0
DA:5,0
DA:6,0
DA:8,0
DA:12,1
DA:13,3
DA:14,2
DA:15,2
DA:16,1
DA:17,1
DA:20,2
DA:22,1
DA:26,1
DA:27,0
DA:29,0
DA:30,0
DA:32,0
DA:34,0
DA:37,0
DA:38,0
DA:40,0
DA:42,0
DA:44,0
DA:48,1
DA:49,0
DA:50,0
DA:51,0
DA:53,0
DA:54,0
DA:55,0
DA:57,0
DA:58,0
DA:62,0
LF:36
LH:11
BRDA:2,1,0,0
BRDA:2,1,1,0
BRDA:2,2,0,0
BRDA:2,2,1,0
BRDA:3,3,0,0
BRDA:3,3,1,0
BRDA:5,4,0,0
BRDA:5,4,1,0
BRDA:13,5,0,2
BRDA:13,5,1,1
BRDA:16,6,0,1
BRDA:16,6,1,0
BRDA:29,7,0,0
BRDA:29,7,1,0
BRDA:37,8,0,0
BRDA:37,8,1,0
BRDA:57,9,0,0
BRDA:57,9,1,0
BRF:18
BRH:3
end_of_record
TN:
SF:/Users/cooldued59/Git Projects/CMPT 371 QM-Lab/src/Main/linkJoining.js
FN:20,targetFollow
FN:89,addVertex
FN:117,mouseTracker
FN:175,linkTargeter
FN:242,flowCloudPrep
FNF:5
FNH:1
FNDA:10,targetFollow
FNDA:0,addVertex
FNDA:0,mouseTracker
FNDA:0,linkTargeter
FNDA:0,flowCloudPrep
DA:2,1
DA:3,1
DA:4,1
DA:5,1
DA:6,1
DA:7,1
DA:9,1
DA:10,1
DA:20,1
DA:21,10
DA:23,0
DA:26,0
DA:28,0
DA:29,0
DA:30,0
DA:32,0
DA:34,0
DA:35,0
DA:36,0
DA:39,0
DA:41,0
DA:42,0
DA:43,0
DA:48,0
DA:52,0
DA:53,0
DA:58,0
DA:63,0
DA:65,0
DA:66,0
DA:71,0
DA:75,0
DA:76,0
DA:77,0
DA:78,0
DA:89,1
DA:90,0
DA:92,0
DA:93,0
DA:94,0
DA:95,0
DA:97,0
DA:101,0
DA:103,0
DA:104,0
DA:105,0
DA:106,0
DA:117,1
DA:118,0
DA:119,0
DA:120,0
DA:121,0
DA:124,0
DA:126,0
DA:128,0
DA:132,0
DA:137,0
DA:138,0
DA:140,0
DA:142,0
DA:144,0
DA:148,0
DA:154,0
DA:156,0
DA:158,0
DA:162,0
DA:165,0
DA:175,1
DA:176,0
DA:177,0
DA:180,0
DA:181,0
DA:183,0
DA:187,0
DA:189,0
DA:190,0
DA:194,0
DA:198,0
DA:199,0
DA:200,0
DA:202,0
DA:207,0
DA:210,0
DA:212,0
DA:213,0
DA:214,0
DA:217,0
DA:218,0
DA:219,0
DA:220,0
DA:221,0
DA:222,0
DA:224,0
DA:225,0
DA:226,0
DA:227,0
DA:229,0
DA:230,0
DA:231,0
DA:242,1
DA:245,0
DA:246,0
DA:248,0
DA:249,0
DA:251,0
DA:253,0
DA:255,0
LF:107
LH:14
BRDA:21,1,0,0
BRDA:21,1,1,10
BRDA:26,2,0,0
BRDA:26,2,1,0
BRDA:32,3,0,0
BRDA:32,3,1,0
BRDA:39,4,0,0
BRDA:39,4,1,0
BRDA:53,5,0,0
BRDA:53,5,1,0
BRDA:63,6,0,0
BRDA:63,6,1,0
BRDA:90,7,0,0
BRDA:90,7,1,0
BRDA:95,8,0,0
BRDA:95,8,1,0
BRDA:121,9,0,0
BRDA:121,9,1,0
BRDA:124,10,0,0
BRDA:124,10,1,0
BRDA:126,11,0,0
BRDA:126,11,1,0
BRDA:142,12,0,0
BRDA:142,12,1,0
BRDA:156,13,0,0
BRDA:156,13,1,0
BRDA:181,14,0,0
BRDA:181,14,1,0
BRDA:187,15,0,0
BRDA:187,15,1,0
BRDA:200,16,0,0
BRDA:200,16,1,0
BRDA:200,17,0,0
BRDA:200,17,1,0
BRDA:212,18,0,0
BRDA:212,18,1,0
BRF:36
BRH:1
end_of_record
