TN:
SF:/Users/cooldued59/Git Projects/CMPT 371 QM-Lab/src/Main/displayData.js
FNF:0
FNH:0
DA:2,1
DA:15,1
LF:2
LH:2
BRF:0
BRH:0
end_of_record
TN:
SF:/Users/cooldued59/Git Projects/CMPT 371 QM-Lab/src/Main/genUI.js
FN:8,QM_LabUI
FN:17,(anonymous_2)
FN:68,(anonymous_3)
FN:77,(anonymous_4)
FN:89,(anonymous_5)
FN:99,(anonymous_6)
FN:116,(anonymous_7)
FN:120,(anonymous_8)
FN:121,download
FN:130,(anonymous_10)
FN:134,(anonymous_11)
FN:138,(anonymous_12)
FN:146,(anonymous_13)
FN:168,(anonymous_14)
FN:175,(anonymous_15)
FN:183,(anonymous_16)
FN:190,(anonymous_17)
FN:197,(anonymous_18)
FN:205,(anonymous_19)
FN:212,(anonymous_20)
FN:225,(anonymous_21)
FNF:21
FNH:3
FNDA:1,QM_LabUI
FNDA:0,(anonymous_2)
FNDA:0,(anonymous_3)
FNDA:0,(anonymous_4)
FNDA:1,(anonymous_5)
FNDA:1,(anonymous_6)
FNDA:0,(anonymous_7)
FNDA:0,(anonymous_8)
FNDA:0,download
FNDA:0,(anonymous_10)
FNDA:0,(anonymous_11)
FNDA:0,(anonymous_12)
FNDA:0,(anonymous_13)
FNDA:0,(anonymous_14)
FNDA:0,(anonymous_15)
FNDA:0,(anonymous_16)
FNDA:0,(anonymous_17)
FNDA:0,(anonymous_18)
FNDA:0,(anonymous_19)
FNDA:0,(anonymous_20)
FNDA:0,(anonymous_21)
DA:5,1
DA:8,1
DA:9,1
DA:17,1
DA:18,0
DA:68,0
DA:69,0
DA:70,0
DA:71,0
DA:77,0
DA:78,0
DA:79,0
DA:80,0
DA:89,1
DA:90,1
DA:91,0
DA:92,0
DA:99,1
DA:100,1
DA:116,0
DA:117,0
DA:120,0
DA:121,1
DA:122,0
DA:123,0
DA:124,0
DA:127,0
DA:130,0
DA:131,0
DA:134,0
DA:136,0
DA:137,0
DA:138,0
DA:139,0
DA:140,0
DA:142,0
DA:146,1
DA:147,0
DA:158,0
DA:168,0
DA:169,0
DA:170,0
DA:171,0
DA:175,0
DA:176,0
DA:177,0
DA:178,0
DA:183,0
DA:184,0
DA:185,0
DA:186,0
DA:190,0
DA:191,0
DA:192,0
DA:193,0
DA:197,0
DA:198,0
DA:199,0
DA:200,0
DA:205,0
DA:206,0
DA:207,0
DA:208,0
DA:212,0
DA:213,0
DA:214,0
DA:215,0
DA:225,1
DA:226,0
DA:227,0
LF:70
LH:11
BRDA:169,1,0,0
BRDA:169,1,1,0
BRDA:176,2,0,0
BRDA:176,2,1,0
BRDA:184,3,0,0
BRDA:184,3,1,0
BRDA:191,4,0,0
BRDA:191,4,1,0
BRDA:198,5,0,0
BRDA:198,5,1,0
BRDA:206,6,0,0
BRDA:206,6,1,0
BRDA:213,7,0,0
BRDA:213,7,1,0
BRF:14
BRH:0
end_of_record
TN:
SF:/Users/cooldued59/Git Projects/CMPT 371 QM-Lab/src/Main/checkcollaballowed.js
FN:18,allowCollabRecording
FN:29,stopCollabRecording
FN:38,isCollabRecordingAllowed
FNF:3
FNH:0
FNDA:0,allowCollabRecording
FNDA:0,stopCollabRecording
FNDA:0,isCollabRecordingAllowed
DA:18,1
DA:19,0
DA:29,1
DA:30,0
DA:38,1
DA:39,0
LF:6
LH:3
BRF:0
BRH:0
end_of_record
TN:
SF:/Users/cooldued59/Git Projects/CMPT 371 QM-Lab/src/Main/collabobjectssetup.js
FN:21,registerCollaborativeObjectTypes
FN:49,addCollabEventToCell
FN:50,(anonymous_3)
FN:51,(anonymous_4)
FN:61,CollaborativeGraph
FN:72,doGraphInitialize
FN:86,doGraphOnLoaded
FN:103,updateCollabGraph
FN:125,updateGraph
FN:128,(anonymous_10)
FN:141,CollaborativeCell
FN:155,doCellInitialize
FN:176,doCellOnLoaded
FN:178,(anonymous_14)
FN:179,(anonymous_15)
FN:199,updateCellByJSON
FN:236,updateCellByEventID
FNF:17
FNH:10
FNDA:1,registerCollaborativeObjectTypes
FNDA:51,addCollabEventToCell
FNDA:51,(anonymous_3)
FNDA:0,(anonymous_4)
FNDA:0,CollaborativeGraph
FNDA:0,doGraphInitialize
FNDA:1,doGraphOnLoaded
FNDA:37,updateCollabGraph
FNDA:1,updateGraph
FNDA:0,(anonymous_10)
FNDA:21,CollaborativeCell
FNDA:21,doCellInitialize
FNDA:21,doCellOnLoaded
FNDA:21,(anonymous_14)
FNDA:0,(anonymous_15)
FNDA:0,updateCellByJSON
FNDA:0,updateCellByEventID
DA:21,1
DA:23,1
DA:24,1
DA:25,1
DA:26,1
DA:29,1
DA:30,1
DA:31,1
DA:32,1
DA:33,1
DA:49,1
DA:50,51
DA:51,51
DA:61,1
DA:72,1
DA:73,0
DA:74,0
DA:86,1
DA:88,1
DA:103,1
DA:104,37
DA:105,15
DA:106,15
DA:110,22
DA:125,1
DA:126,1
DA:128,1
DA:129,0
DA:132,1
DA:133,1
DA:141,1
DA:155,1
DA:156,21
DA:157,21
DA:158,21
DA:159,21
DA:176,1
DA:177,21
DA:178,21
DA:179,21
DA:181,21
DA:199,1
DA:202,0
DA:205,0
DA:206,0
DA:207,0
DA:208,0
DA:211,0
DA:212,0
DA:213,0
DA:216,0
DA:217,0
DA:218,0
DA:220,0
DA:236,1
DA:237,0
DA:238,0
DA:239,0
LF:58
LH:40
BRDA:104,1,0,15
BRDA:104,1,1,22
BRDA:205,2,0,0
BRDA:205,2,1,0
BRDA:207,3,0,0
BRDA:207,3,1,0
BRDA:211,4,0,0
BRDA:211,4,1,0
BRDA:212,5,0,0
BRDA:212,5,1,0
BRDA:216,6,0,0
BRDA:216,6,1,0
BRDA:237,7,0,0
BRDA:237,7,1,0
BRF:14
BRH:2
end_of_record
TN:
SF:/Users/cooldued59/Git Projects/CMPT 371 QM-Lab/src/Main/connectioncheck.js
FN:26,checkAndFreeze
FN:58,checkAndRestore
FNF:2
FNH:0
FNDA:0,checkAndFreeze
FNDA:0,checkAndRestore
DA:26,1
DA:27,0
DA:28,0
DA:29,0
DA:30,0
DA:31,0
DA:58,1
DA:59,0
DA:60,0
DA:61,0
DA:62,0
DA:63,0
DA:64,0
LF:13
LH:2
BRDA:27,1,0,0
BRDA:27,1,1,0
BRDA:59,2,0,0
BRDA:59,2,1,0
BRF:4
BRH:0
end_of_record
TN:
SF:/Users/cooldued59/Git Projects/CMPT 371 QM-Lab/src/Main/createobjects.js
FN:25,createCollabCell
FN:39,createStock
FN:63,createLink
FN:90,createImage
FN:129,createVariable
FN:151,createParameter
FN:177,createState
FN:203,createTerminalState
FN:228,createBranch
FN:252,createAgent
FN:278,createText
FN:311,createFlow
FN:333,setUpNewCell
FNF:13
FNH:13
FNDA:36,createCollabCell
FNDA:6,createStock
FNDA:9,createLink
FNDA:7,createImage
FNDA:3,createVariable
FNDA:1,createParameter
FNDA:1,createState
FNDA:1,createTerminalState
FNDA:1,createBranch
FNDA:1,createAgent
FNDA:1,createText
FNDA:1,createFlow
FNDA:36,setUpNewCell
DA:25,1
DA:26,36
DA:27,36
DA:28,36
DA:29,36
DA:39,1
DA:40,6
DA:48,6
DA:50,6
DA:51,6
DA:63,1
DA:64,9
DA:65,9
DA:67,9
DA:68,9
DA:90,1
DA:91,7
DA:100,7
DA:101,6
DA:103,7
DA:104,6
DA:107,1
DA:109,7
DA:110,6
DA:111,6
DA:113,1
DA:116,7
DA:117,7
DA:129,1
DA:130,3
DA:135,3
DA:137,3
DA:138,3
DA:151,1
DA:152,1
DA:160,1
DA:162,1
DA:163,1
DA:177,1
DA:178,1
DA:186,1
DA:188,1
DA:189,1
DA:203,1
DA:204,1
DA:212,1
DA:214,1
DA:215,1
DA:228,1
DA:229,1
DA:237,1
DA:239,1
DA:240,1
DA:252,1
DA:253,1
DA:262,1
DA:263,1
DA:264,1
DA:265,1
DA:266,1
DA:278,1
DA:279,1
DA:288,1
DA:289,1
DA:290,1
DA:291,1
DA:292,1
DA:311,1
DA:312,1
DA:313,1
DA:315,1
DA:316,1
DA:333,1
DA:334,36
DA:335,36
DA:336,36
DA:337,36
DA:339,36
DA:340,36
DA:341,36
LF:80
LH:80
BRDA:100,1,0,6
BRDA:100,1,1,1
BRDA:100,2,0,7
BRDA:100,2,1,6
BRDA:103,3,0,6
BRDA:103,3,1,1
BRDA:109,4,0,6
BRDA:109,4,1,1
BRF:8
BRH:8
end_of_record
TN:
SF:/Users/cooldued59/Git Projects/CMPT 371 QM-Lab/src/Main/initialzediagram.js
FN:18,initializeGraph
FN:30,initializePrintGraph
FN:41,updatePrintGraph
FN:47,stopPanning
FN:61,initializePaper
FN:89,(anonymous_6)
FN:107,initializePrintPaper
FN:131,paperZoom
FN:165,removePaperInteraction
FN:176,restorePaperInteraction
FN:180,resizePaper
FN:195,resizePrintPaper
FN:213,shrinkPrintPaper
FN:235,paperEmptySelectionPressed
FN:256,paperOnMouseUp
FN:304,selectClickedCell
FN:310,deselectCell
FN:332,handleKeyInput
FN:353,deleteSelectedCell
FN:377,handleMouseMove
FN:396,moveViewPort
FN:417,updateMousePos
FNF:22
FNH:4
FNDA:2,initializeGraph
FNDA:2,initializePrintGraph
FNDA:1,updatePrintGraph
FNDA:0,stopPanning
FNDA:0,initializePaper
FNDA:0,(anonymous_6)
FNDA:1,initializePrintPaper
FNDA:0,paperZoom
FNDA:0,removePaperInteraction
FNDA:0,restorePaperInteraction
FNDA:0,resizePaper
FNDA:0,resizePrintPaper
FNDA:0,shrinkPrintPaper
FNDA:0,paperEmptySelectionPressed
FNDA:0,paperOnMouseUp
FNDA:0,selectClickedCell
FNDA:0,deselectCell
FNDA:0,handleKeyInput
FNDA:0,deleteSelectedCell
FNDA:0,handleMouseMove
FNDA:0,moveViewPort
FNDA:0,updateMousePos
DA:18,1
DA:19,2
DA:20,2
DA:30,1
DA:31,2
DA:32,2
DA:33,2
DA:41,1
DA:42,1
DA:47,1
DA:48,0
DA:61,1
DA:62,0
DA:70,0
DA:72,0
DA:73,0
DA:74,0
DA:75,0
DA:76,0
DA:77,0
DA:81,0
DA:82,0
DA:85,0
DA:86,0
DA:87,0
DA:89,0
DA:90,0
DA:91,0
DA:92,0
DA:107,1
DA:110,1
DA:118,1
DA:131,1
DA:134,0
DA:137,0
DA:139,0
DA:140,0
DA:143,0
DA:144,0
DA:148,0
DA:151,0
DA:152,0
DA:153,0
DA:157,0
DA:165,1
DA:166,0
DA:167,0
DA:176,1
DA:177,0
DA:180,1
DA:181,0
DA:182,0
DA:183,0
DA:184,0
DA:186,0
DA:195,1
DA:197,0
DA:198,0
DA:199,0
DA:200,0
DA:213,1
DA:215,0
DA:216,0
DA:217,0
DA:235,1
DA:236,0
DA:237,0
DA:256,1
DA:257,0
DA:259,0
DA:260,0
DA:262,0
DA:263,0
DA:265,0
DA:266,0
DA:268,0
DA:269,0
DA:271,0
DA:272,0
DA:274,0
DA:275,0
DA:277,0
DA:278,0
DA:280,0
DA:281,0
DA:283,0
DA:284,0
DA:286,0
DA:287,0
DA:289,0
DA:290,0
DA:292,0
DA:293,0
DA:295,0
DA:298,0
DA:299,0
DA:300,0
DA:304,1
DA:305,0
DA:306,0
DA:307,0
DA:310,1
DA:311,0
DA:312,0
DA:332,1
DA:333,0
DA:334,0
DA:353,1
DA:354,0
DA:355,0
DA:356,0
DA:357,0
DA:377,1
DA:378,0
DA:379,0
DA:396,1
DA:397,0
DA:398,0
DA:399,0
DA:400,0
DA:417,1
DA:418,0
DA:419,0
DA:420,0
LF:124
LH:29
BRDA:90,1,0,0
BRDA:90,1,1,0
BRDA:137,2,0,0
BRDA:137,2,1,0
BRDA:137,2,2,0
BRDA:139,3,0,0
BRDA:139,3,1,0
BRDA:143,4,0,0
BRDA:143,4,1,0
BRDA:183,5,0,0
BRDA:183,5,1,0
BRDA:259,6,0,0
BRDA:259,6,1,0
BRDA:262,7,0,0
BRDA:262,7,1,0
BRDA:265,8,0,0
BRDA:265,8,1,0
BRDA:268,9,0,0
BRDA:268,9,1,0
BRDA:271,10,0,0
BRDA:271,10,1,0
BRDA:274,11,0,0
BRDA:274,11,1,0
BRDA:277,12,0,0
BRDA:277,12,1,0
BRDA:280,13,0,0
BRDA:280,13,1,0
BRDA:283,14,0,0
BRDA:283,14,1,0
BRDA:286,15,0,0
BRDA:286,15,1,0
BRDA:289,16,0,0
BRDA:289,16,1,0
BRDA:292,17,0,0
BRDA:292,17,1,0
BRDA:333,18,0,0
BRDA:333,18,1,0
BRDA:354,19,0,0
BRDA:354,19,1,0
BRDA:355,20,0,0
BRDA:355,20,1,0
BRDA:378,21,0,0
BRDA:378,21,1,0
BRF:43
BRH:0
end_of_record
TN:
SF:/Users/cooldued59/Git Projects/CMPT 371 QM-Lab/src/Main/qmlabfileopened.js
FN:22,onFileInitialize
FN:53,onFileLoaded
FN:92,addGlobalEventListeners
FN:107,addCollabEventToAllCells
FNF:4
FNH:4
FNDA:1,onFileInitialize
FNDA:1,onFileLoaded
FNDA:1,addGlobalEventListeners
FNDA:2,addCollabEventToAllCells
DA:22,1
DA:23,1
DA:25,1
DA:26,1
DA:27,1
DA:28,1
DA:29,1
DA:30,1
DA:32,1
DA:53,1
DA:54,1
DA:57,0
DA:58,0
DA:59,0
DA:60,0
DA:61,0
DA:62,0
DA:63,0
DA:67,0
DA:68,0
DA:70,0
DA:72,0
DA:74,0
DA:75,0
DA:77,0
DA:79,0
DA:92,1
DA:93,1
DA:94,1
DA:107,1
DA:108,2
DA:109,2
DA:110,15
LF:33
LH:18
BRF:0
BRH:0
end_of_record
TN:
SF:/Users/cooldued59/Git Projects/CMPT 371 QM-Lab/src/Main/qmlabjointclasses.js
FN:12,localNode
FN:30,(anonymous_2)
FN:42,(anonymous_3)
FN:53,(anonymous_4)
FN:65,(anonymous_5)
FN:77,(anonymous_6)
FN:88,(anonymous_7)
FN:119,(anonymous_8)
FN:132,(anonymous_9)
FN:146,(anonymous_10)
FN:157,(anonymous_11)
FN:170,(anonymous_12)
FN:188,(anonymous_13)
FN:196,(anonymous_14)
FN:205,(anonymous_15)
FN:210,(anonymous_16)
FN:215,(anonymous_17)
FN:219,(anonymous_18)
FN:226,(anonymous_19)
FN:230,(anonymous_20)
FN:234,(anonymous_21)
FN:285,localLink
FN:356,localFlow
FN:419,(anonymous_24)
FN:432,(anonymous_25)
FN:457,(anonymous_26)
FN:482,(anonymous_27)
FN:495,(anonymous_28)
FN:508,(anonymous_29)
FN:520,(anonymous_30)
FN:531,(anonymous_31)
FN:545,(anonymous_32)
FN:563,(anonymous_33)
FN:574,(anonymous_34)
FN:585,(anonymous_35)
FN:590,(anonymous_36)
FN:598,(anonymous_37)
FN:609,(anonymous_38)
FN:614,(anonymous_39)
FN:619,(anonymous_40)
FN:623,(anonymous_41)
FN:627,(anonymous_42)
FN:911,(anonymous_43)
FN:916,(anonymous_44)
FN:920,(anonymous_45)
FN:925,(anonymous_46)
FN:929,(anonymous_47)
FNF:47
FNH:39
FNDA:1,localNode
FNDA:2,(anonymous_2)
FNDA:2,(anonymous_3)
FNDA:1,(anonymous_4)
FNDA:3,(anonymous_5)
FNDA:3,(anonymous_6)
FNDA:11,(anonymous_7)
FNDA:1,(anonymous_8)
FNDA:1,(anonymous_9)
FNDA:1,(anonymous_10)
FNDA:1,(anonymous_11)
FNDA:8,(anonymous_12)
FNDA:36,(anonymous_13)
FNDA:27,(anonymous_14)
FNDA:1,(anonymous_15)
FNDA:27,(anonymous_16)
FNDA:1,(anonymous_17)
FNDA:27,(anonymous_18)
FNDA:1,(anonymous_19)
FNDA:0,(anonymous_20)
FNDA:1,(anonymous_21)
FNDA:13,localLink
FNDA:3,localFlow
FNDA:1,(anonymous_24)
FNDA:5,(anonymous_25)
FNDA:0,(anonymous_26)
FNDA:1,(anonymous_27)
FNDA:2,(anonymous_28)
FNDA:14,(anonymous_29)
FNDA:12,(anonymous_30)
FNDA:10,(anonymous_31)
FNDA:10,(anonymous_32)
FNDA:20,(anonymous_33)
FNDA:10,(anonymous_34)
FNDA:0,(anonymous_35)
FNDA:10,(anonymous_36)
FNDA:10,(anonymous_37)
FNDA:0,(anonymous_38)
FNDA:0,(anonymous_39)
FNDA:0,(anonymous_40)
FNDA:0,(anonymous_41)
FNDA:0,(anonymous_42)
FNDA:8,(anonymous_43)
FNDA:1,(anonymous_44)
FNDA:2,(anonymous_45)
FNDA:1,(anonymous_46)
FNDA:1,(anonymous_47)
DA:12,1
DA:13,1
DA:16,1
DA:17,1
DA:19,1
DA:30,1
DA:31,2
DA:42,1
DA:43,2
DA:53,1
DA:54,1
DA:65,1
DA:66,3
DA:77,1
DA:78,3
DA:88,1
DA:89,11
DA:90,11
DA:91,11
DA:92,11
DA:93,11
DA:94,11
DA:95,11
DA:96,11
DA:97,11
DA:99,11
DA:100,11
DA:102,10
DA:105,1
DA:119,1
DA:120,1
DA:121,1
DA:132,1
DA:133,1
DA:134,1
DA:146,1
DA:147,1
DA:157,1
DA:158,1
DA:159,1
DA:170,1
DA:171,8
DA:172,8
DA:173,1
DA:177,7
DA:188,1
DA:189,36
DA:190,36
DA:196,1
DA:197,27
DA:198,27
DA:199,27
DA:200,27
DA:201,27
DA:202,27
DA:205,1
DA:206,1
DA:210,1
DA:211,27
DA:212,27
DA:215,1
DA:216,1
DA:219,1
DA:220,27
DA:221,27
DA:222,27
DA:226,1
DA:227,1
DA:230,1
DA:234,1
DA:235,1
DA:241,1
DA:242,1
DA:243,1
DA:244,1
DA:245,1
DA:246,1
DA:247,1
DA:248,1
DA:250,1
DA:251,1
DA:252,1
DA:253,1
DA:254,1
DA:255,1
DA:256,1
DA:285,1
DA:286,13
DA:287,13
DA:289,13
DA:290,1
DA:291,1
DA:296,12
DA:300,13
DA:301,1
DA:302,1
DA:308,12
DA:309,12
DA:313,13
DA:314,1
DA:318,13
DA:319,13
DA:322,13
DA:356,1
DA:357,3
DA:358,3
DA:361,3
DA:362,1
DA:363,1
DA:368,2
DA:372,3
DA:373,1
DA:374,1
DA:380,2
DA:381,2
DA:385,3
DA:386,1
DA:390,3
DA:391,0
DA:394,3
DA:397,3
DA:419,1
DA:420,1
DA:432,1
DA:433,5
DA:434,4
DA:435,3
DA:438,1
DA:439,1
DA:443,1
DA:444,1
DA:457,1
DA:458,0
DA:459,0
DA:462,0
DA:463,0
DA:482,1
DA:483,1
DA:495,1
DA:496,2
DA:508,1
DA:509,14
DA:520,1
DA:521,12
DA:531,1
DA:532,10
DA:533,10
DA:534,10
DA:535,10
DA:545,1
DA:546,10
DA:563,1
DA:564,20
DA:565,20
DA:566,20
DA:570,0
DA:574,1
DA:575,10
DA:576,10
DA:585,1
DA:586,0
DA:590,1
DA:591,10
DA:592,10
DA:593,10
DA:594,10
DA:598,1
DA:599,10
DA:600,0
DA:603,10
DA:609,1
DA:610,0
DA:614,1
DA:615,0
DA:619,1
DA:623,1
DA:627,1
DA:628,0
DA:630,0
DA:631,0
DA:640,1
DA:650,1
DA:665,1
DA:684,1
DA:708,1
DA:730,1
DA:753,1
DA:776,1
DA:807,1
DA:825,1
DA:843,1
DA:873,1
DA:892,1
DA:911,1
DA:912,8
DA:913,8
DA:916,1
DA:917,1
DA:920,1
DA:921,2
DA:922,2
DA:925,1
DA:926,1
DA:929,1
DA:930,1
LF:205
LH:192
BRDA:16,1,0,1
BRDA:16,1,1,0
BRDA:100,2,0,10
BRDA:100,2,1,1
BRDA:100,3,0,11
BRDA:100,3,1,10
BRDA:120,4,0,1
BRDA:120,4,1,0
BRDA:133,5,0,1
BRDA:133,5,1,0
BRDA:158,6,0,1
BRDA:158,6,1,0
BRDA:172,7,0,1
BRDA:172,7,1,7
BRDA:220,8,0,27
BRDA:220,8,1,0
BRDA:289,9,0,1
BRDA:289,9,1,12
BRDA:290,10,0,1
BRDA:290,10,1,0
BRDA:300,11,0,1
BRDA:300,11,1,12
BRDA:301,12,0,1
BRDA:301,12,1,0
BRDA:313,13,0,1
BRDA:313,13,1,12
BRDA:318,14,0,13
BRDA:318,14,1,0
BRDA:318,15,0,13
BRDA:318,15,1,8
BRDA:318,15,2,4
BRDA:361,16,0,1
BRDA:361,16,1,2
BRDA:362,17,0,1
BRDA:362,17,1,0
BRDA:372,18,0,1
BRDA:372,18,1,2
BRDA:373,19,0,1
BRDA:373,19,1,0
BRDA:385,20,0,1
BRDA:385,20,1,2
BRDA:390,21,0,0
BRDA:390,21,1,3
BRDA:390,22,0,3
BRDA:390,22,1,3
BRDA:390,22,2,3
BRDA:433,23,0,4
BRDA:433,23,1,1
BRDA:434,24,0,3
BRDA:434,24,1,1
BRDA:458,25,0,0
BRDA:458,25,1,0
BRDA:564,26,0,20
BRDA:564,26,1,0
BRDA:565,27,0,20
BRDA:565,27,1,0
BRDA:599,28,0,0
BRDA:599,28,1,10
BRDA:628,29,0,0
BRDA:628,29,1,0
BRDA:628,30,0,0
BRDA:628,30,1,0
BRDA:630,31,0,0
BRDA:630,31,1,0
BRF:64
BRH:42
end_of_record
TN:
SF:/Users/cooldued59/Git Projects/CMPT 371 QM-Lab/src/Main/elementPropAlter.js
FN:17,updateProperties
FN:50,setPropertyDisplayValues
FNF:2
FNH:0
FNDA:0,updateProperties
FNDA:0,setPropertyDisplayValues
DA:7,1
DA:9,1
DA:17,1
DA:18,0
DA:19,0
DA:21,0
DA:22,0
DA:23,0
DA:24,0
DA:25,0
DA:26,0
DA:27,0
DA:30,0
DA:31,0
DA:32,0
DA:33,0
DA:34,0
DA:35,0
DA:36,0
DA:37,0
DA:38,0
DA:42,0
DA:50,1
DA:52,0
DA:53,0
DA:54,0
DA:55,0
DA:56,0
DA:57,0
DA:58,0
DA:59,0
DA:60,0
LF:32
LH:4
BRDA:30,1,0,0
BRDA:30,1,1,0
BRDA:37,2,0,0
BRDA:37,2,1,0
BRDA:37,3,0,0
BRDA:37,3,1,0
BRF:6
BRH:0
end_of_record
TN:
SF:/Users/cooldued59/Git Projects/CMPT 371 QM-Lab/src/Main/utilityfunctionsqmlab.js
FN:1,(anonymous_1)
FN:12,compareArray
FNF:2
FNH:1
FNDA:0,(anonymous_1)
FNDA:3,compareArray
DA:1,1
DA:2,0
DA:3,0
DA:4,0
DA:5,0
DA:6,0
DA:8,0
DA:12,1
DA:13,3
DA:14,2
DA:15,2
DA:16,1
DA:17,1
DA:20,2
DA:22,1
LF:15
LH:9
BRDA:2,1,0,0
BRDA:2,1,1,0
BRDA:2,2,0,0
BRDA:2,2,1,0
BRDA:3,3,0,0
BRDA:3,3,1,0
BRDA:5,4,0,0
BRDA:5,4,1,0
BRDA:13,5,0,2
BRDA:13,5,1,1
BRDA:16,6,0,1
BRDA:16,6,1,0
BRF:12
BRH:3
end_of_record
