<?xml version="1.0" ?>
<!DOCTYPE coverage SYSTEM "http://cobertura.sourceforge.net/xml/coverage-04.dtd">
<coverage lines-valid="1326"  lines-covered="488"  line-rate="0.368"  branches-valid="325"  branches-covered="65"  branch-rate="0.2"  timestamp="1459891643410" complexity="0" version="0.1">
<sources>
	<source>/Users/cooldued59/Git Projects/CMPT 371 QM-Lab</source>
</sources>
<packages>
	<package name="Main"  line-rate="0.368"  branch-rate="0.2" >
	<classes>
		<class name="checkcollaballowed.js"  filename="src/Main/checkcollaballowed.js"  line-rate="0.5"  branch-rate="1" >
		<methods>
			<method name="allowCollabRecording"  hits="0"  signature="()V" >
				<lines><line number="18"  hits="0" /></lines>
			</method>
			<method name="stopCollabRecording"  hits="0"  signature="()V" >
				<lines><line number="29"  hits="0" /></lines>
			</method>
			<method name="isCollabRecordingAllowed"  hits="0"  signature="()V" >
				<lines><line number="38"  hits="0" /></lines>
			</method>
		</methods>
		<lines>
			<line number="18"  hits="1"  branch="false" />
			<line number="19"  hits="0"  branch="false" />
			<line number="29"  hits="1"  branch="false" />
			<line number="30"  hits="0"  branch="false" />
			<line number="38"  hits="1"  branch="false" />
			<line number="39"  hits="0"  branch="false" />
		</lines>
		</class>
		<class name="collabobjectssetup.js"  filename="src/Main/collabobjectssetup.js"  line-rate="0.6897"  branch-rate="0.1429" >
		<methods>
			<method name="registerCollaborativeObjectTypes"  hits="1"  signature="()V" >
				<lines><line number="21"  hits="1" /></lines>
			</method>
			<method name="addCollabEventToCell"  hits="51"  signature="()V" >
				<lines><line number="49"  hits="51" /></lines>
			</method>
			<method name="(anonymous_3)"  hits="51"  signature="()V" >
				<lines><line number="50"  hits="51" /></lines>
			</method>
			<method name="(anonymous_4)"  hits="0"  signature="()V" >
				<lines><line number="51"  hits="0" /></lines>
			</method>
			<method name="CollaborativeGraph"  hits="0"  signature="()V" >
				<lines><line number="61"  hits="0" /></lines>
			</method>
			<method name="doGraphInitialize"  hits="0"  signature="()V" >
				<lines><line number="72"  hits="0" /></lines>
			</method>
			<method name="doGraphOnLoaded"  hits="1"  signature="()V" >
				<lines><line number="86"  hits="1" /></lines>
			</method>
			<method name="updateCollabGraph"  hits="37"  signature="()V" >
				<lines><line number="103"  hits="37" /></lines>
			</method>
			<method name="updateGraph"  hits="1"  signature="()V" >
				<lines><line number="125"  hits="1" /></lines>
			</method>
			<method name="(anonymous_10)"  hits="0"  signature="()V" >
				<lines><line number="128"  hits="0" /></lines>
			</method>
			<method name="CollaborativeCell"  hits="21"  signature="()V" >
				<lines><line number="141"  hits="21" /></lines>
			</method>
			<method name="doCellInitialize"  hits="21"  signature="()V" >
				<lines><line number="155"  hits="21" /></lines>
			</method>
			<method name="doCellOnLoaded"  hits="21"  signature="()V" >
				<lines><line number="176"  hits="21" /></lines>
			</method>
			<method name="(anonymous_14)"  hits="21"  signature="()V" >
				<lines><line number="178"  hits="21" /></lines>
			</method>
			<method name="(anonymous_15)"  hits="0"  signature="()V" >
				<lines><line number="179"  hits="0" /></lines>
			</method>
			<method name="updateCellByJSON"  hits="0"  signature="()V" >
				<lines><line number="199"  hits="0" /></lines>
			</method>
			<method name="updateCellByEventID"  hits="0"  signature="()V" >
				<lines><line number="236"  hits="0" /></lines>
			</method>
		</methods>
		<lines>
			<line number="21"  hits="1"  branch="false" />
			<line number="23"  hits="1"  branch="false" />
			<line number="24"  hits="1"  branch="false" />
			<line number="25"  hits="1"  branch="false" />
			<line number="26"  hits="1"  branch="false" />
			<line number="29"  hits="1"  branch="false" />
			<line number="30"  hits="1"  branch="false" />
			<line number="31"  hits="1"  branch="false" />
			<line number="32"  hits="1"  branch="false" />
			<line number="33"  hits="1"  branch="false" />
			<line number="49"  hits="1"  branch="false" />
			<line number="50"  hits="51"  branch="false" />
			<line number="51"  hits="51"  branch="false" />
			<line number="61"  hits="1"  branch="false" />
			<line number="72"  hits="1"  branch="false" />
			<line number="73"  hits="0"  branch="false" />
			<line number="74"  hits="0"  branch="false" />
			<line number="86"  hits="1"  branch="false" />
			<line number="88"  hits="1"  branch="false" />
			<line number="103"  hits="1"  branch="false" />
			<line number="104"  hits="37"  branch="true"  condition-coverage="100% (2/2)" />
			<line number="105"  hits="15"  branch="false" />
			<line number="106"  hits="15"  branch="false" />
			<line number="110"  hits="22"  branch="false" />
			<line number="125"  hits="1"  branch="false" />
			<line number="126"  hits="1"  branch="false" />
			<line number="128"  hits="1"  branch="false" />
			<line number="129"  hits="0"  branch="false" />
			<line number="132"  hits="1"  branch="false" />
			<line number="133"  hits="1"  branch="false" />
			<line number="141"  hits="1"  branch="false" />
			<line number="155"  hits="1"  branch="false" />
			<line number="156"  hits="21"  branch="false" />
			<line number="157"  hits="21"  branch="false" />
			<line number="158"  hits="21"  branch="false" />
			<line number="159"  hits="21"  branch="false" />
			<line number="176"  hits="1"  branch="false" />
			<line number="177"  hits="21"  branch="false" />
			<line number="178"  hits="21"  branch="false" />
			<line number="179"  hits="21"  branch="false" />
			<line number="181"  hits="21"  branch="false" />
			<line number="199"  hits="1"  branch="false" />
			<line number="202"  hits="0"  branch="false" />
			<line number="205"  hits="0"  branch="true"  condition-coverage="0% (0/2)" />
			<line number="206"  hits="0"  branch="false" />
			<line number="207"  hits="0"  branch="true"  condition-coverage="0% (0/2)" />
			<line number="208"  hits="0"  branch="false" />
			<line number="211"  hits="0"  branch="true"  condition-coverage="0% (0/2)" />
			<line number="212"  hits="0"  branch="true"  condition-coverage="0% (0/2)" />
			<line number="213"  hits="0"  branch="false" />
			<line number="216"  hits="0"  branch="true"  condition-coverage="0% (0/2)" />
			<line number="217"  hits="0"  branch="false" />
			<line number="218"  hits="0"  branch="false" />
			<line number="220"  hits="0"  branch="false" />
			<line number="236"  hits="1"  branch="false" />
			<line number="237"  hits="0"  branch="true"  condition-coverage="0% (0/2)" />
			<line number="238"  hits="0"  branch="false" />
			<line number="239"  hits="0"  branch="false" />
		</lines>
		</class>
		<class name="connectioncheck.js"  filename="src/Main/connectioncheck.js"  line-rate="0.15380000000000002"  branch-rate="0" >
		<methods>
			<method name="checkAndFreeze"  hits="0"  signature="()V" >
				<lines><line number="26"  hits="0" /></lines>
			</method>
			<method name="checkAndRestore"  hits="0"  signature="()V" >
				<lines><line number="58"  hits="0" /></lines>
			</method>
		</methods>
		<lines>
			<line number="26"  hits="1"  branch="false" />
			<line number="27"  hits="0"  branch="true"  condition-coverage="0% (0/2)" />
			<line number="28"  hits="0"  branch="false" />
			<line number="29"  hits="0"  branch="false" />
			<line number="30"  hits="0"  branch="false" />
			<line number="31"  hits="0"  branch="false" />
			<line number="58"  hits="1"  branch="false" />
			<line number="59"  hits="0"  branch="true"  condition-coverage="0% (0/2)" />
			<line number="60"  hits="0"  branch="false" />
			<line number="61"  hits="0"  branch="false" />
			<line number="62"  hits="0"  branch="false" />
			<line number="63"  hits="0"  branch="false" />
			<line number="64"  hits="0"  branch="false" />
		</lines>
		</class>
		<class name="createobjects.js"  filename="src/Main/createobjects.js"  line-rate="0.7661"  branch-rate="1" >
		<methods>
			<method name="createCollabCell"  hits="36"  signature="()V" >
				<lines><line number="25"  hits="36" /></lines>
			</method>
			<method name="createStock"  hits="6"  signature="()V" >
				<lines><line number="39"  hits="6" /></lines>
			</method>
			<method name="createLink"  hits="9"  signature="()V" >
				<lines><line number="63"  hits="9" /></lines>
			</method>
			<method name="createImage"  hits="7"  signature="()V" >
				<lines><line number="92"  hits="7" /></lines>
			</method>
			<method name="createVariable"  hits="3"  signature="()V" >
				<lines><line number="131"  hits="3" /></lines>
			</method>
			<method name="createParameter"  hits="1"  signature="()V" >
				<lines><line number="159"  hits="1" /></lines>
			</method>
			<method name="createIntervention"  hits="0"  signature="()V" >
				<lines><line number="189"  hits="0" /></lines>
			</method>
			<method name="createState"  hits="1"  signature="()V" >
				<lines><line number="218"  hits="1" /></lines>
			</method>
			<method name="createTerminalState"  hits="1"  signature="()V" >
				<lines><line number="244"  hits="1" /></lines>
			</method>
			<method name="createFinalState"  hits="0"  signature="()V" >
				<lines><line number="267"  hits="0" /></lines>
			</method>
			<method name="createBranch"  hits="1"  signature="()V" >
				<lines><line number="295"  hits="1" /></lines>
			</method>
			<method name="createAgent"  hits="1"  signature="()V" >
				<lines><line number="319"  hits="1" /></lines>
			</method>
			<method name="createText"  hits="1"  signature="()V" >
				<lines><line number="345"  hits="1" /></lines>
			</method>
			<method name="createFlow"  hits="1"  signature="()V" >
				<lines><line number="378"  hits="1" /></lines>
			</method>
			<method name="createTransition"  hits="0"  signature="()V" >
				<lines><line number="405"  hits="0" /></lines>
			</method>
			<method name="createConnection"  hits="0"  signature="()V" >
				<lines><line number="431"  hits="0" /></lines>
			</method>
			<method name="setUpNewCell"  hits="36"  signature="()V" >
				<lines><line number="462"  hits="36" /></lines>
			</method>
		</methods>
		<lines>
			<line number="25"  hits="1"  branch="false" />
			<line number="26"  hits="36"  branch="false" />
			<line number="27"  hits="36"  branch="false" />
			<line number="28"  hits="36"  branch="false" />
			<line number="29"  hits="36"  branch="false" />
			<line number="39"  hits="1"  branch="false" />
			<line number="40"  hits="6"  branch="false" />
			<line number="48"  hits="6"  branch="false" />
			<line number="50"  hits="6"  branch="false" />
			<line number="51"  hits="6"  branch="false" />
			<line number="63"  hits="1"  branch="false" />
			<line number="64"  hits="9"  branch="false" />
			<line number="65"  hits="9"  branch="false" />
			<line number="67"  hits="9"  branch="false" />
			<line number="68"  hits="9"  branch="false" />
			<line number="69"  hits="9"  branch="false" />
			<line number="70"  hits="9"  branch="false" />
			<line number="92"  hits="1"  branch="false" />
			<line number="93"  hits="7"  branch="false" />
			<line number="102"  hits="7"  branch="true"  condition-coverage="100% (4/4)" />
			<line number="103"  hits="6"  branch="false" />
			<line number="105"  hits="7"  branch="true"  condition-coverage="100% (2/2)" />
			<line number="106"  hits="6"  branch="false" />
			<line number="109"  hits="1"  branch="false" />
			<line number="111"  hits="7"  branch="true"  condition-coverage="100% (2/2)" />
			<line number="112"  hits="6"  branch="false" />
			<line number="113"  hits="6"  branch="false" />
			<line number="115"  hits="1"  branch="false" />
			<line number="118"  hits="7"  branch="false" />
			<line number="119"  hits="7"  branch="false" />
			<line number="131"  hits="1"  branch="false" />
			<line number="132"  hits="3"  branch="false" />
			<line number="141"  hits="3"  branch="false" />
			<line number="142"  hits="3"  branch="false" />
			<line number="143"  hits="3"  branch="false" />
			<line number="145"  hits="3"  branch="false" />
			<line number="146"  hits="3"  branch="false" />
			<line number="159"  hits="1"  branch="false" />
			<line number="160"  hits="1"  branch="false" />
			<line number="169"  hits="1"  branch="false" />
			<line number="170"  hits="1"  branch="false" />
			<line number="171"  hits="1"  branch="false" />
			<line number="173"  hits="1"  branch="false" />
			<line number="174"  hits="1"  branch="false" />
			<line number="189"  hits="1"  branch="false" />
			<line number="190"  hits="0"  branch="false" />
			<line number="199"  hits="0"  branch="false" />
			<line number="200"  hits="0"  branch="false" />
			<line number="201"  hits="0"  branch="false" />
			<line number="203"  hits="0"  branch="false" />
			<line number="204"  hits="0"  branch="false" />
			<line number="218"  hits="1"  branch="false" />
			<line number="219"  hits="1"  branch="false" />
			<line number="227"  hits="1"  branch="false" />
			<line number="229"  hits="1"  branch="false" />
			<line number="230"  hits="1"  branch="false" />
			<line number="244"  hits="1"  branch="false" />
			<line number="245"  hits="1"  branch="false" />
			<line number="253"  hits="1"  branch="false" />
			<line number="255"  hits="1"  branch="false" />
			<line number="256"  hits="1"  branch="false" />
			<line number="267"  hits="1"  branch="false" />
			<line number="268"  hits="0"  branch="false" />
			<line number="277"  hits="0"  branch="false" />
			<line number="278"  hits="0"  branch="false" />
			<line number="280"  hits="0"  branch="false" />
			<line number="281"  hits="0"  branch="false" />
			<line number="295"  hits="1"  branch="false" />
			<line number="296"  hits="1"  branch="false" />
			<line number="304"  hits="1"  branch="false" />
			<line number="306"  hits="1"  branch="false" />
			<line number="307"  hits="1"  branch="false" />
			<line number="319"  hits="1"  branch="false" />
			<line number="320"  hits="1"  branch="false" />
			<line number="329"  hits="1"  branch="false" />
			<line number="330"  hits="1"  branch="false" />
			<line number="331"  hits="1"  branch="false" />
			<line number="332"  hits="1"  branch="false" />
			<line number="333"  hits="1"  branch="false" />
			<line number="345"  hits="1"  branch="false" />
			<line number="346"  hits="1"  branch="false" />
			<line number="355"  hits="1"  branch="false" />
			<line number="356"  hits="1"  branch="false" />
			<line number="357"  hits="1"  branch="false" />
			<line number="358"  hits="1"  branch="false" />
			<line number="359"  hits="1"  branch="false" />
			<line number="378"  hits="1"  branch="false" />
			<line number="379"  hits="1"  branch="false" />
			<line number="380"  hits="1"  branch="false" />
			<line number="381"  hits="1"  branch="false" />
			<line number="382"  hits="1"  branch="false" />
			<line number="383"  hits="1"  branch="false" />
			<line number="389"  hits="1"  branch="false" />
			<line number="390"  hits="1"  branch="false" />
			<line number="391"  hits="1"  branch="false" />
			<line number="392"  hits="1"  branch="false" />
			<line number="405"  hits="1"  branch="false" />
			<line number="406"  hits="0"  branch="false" />
			<line number="407"  hits="0"  branch="false" />
			<line number="408"  hits="0"  branch="false" />
			<line number="409"  hits="0"  branch="false" />
			<line number="410"  hits="0"  branch="false" />
			<line number="415"  hits="0"  branch="false" />
			<line number="416"  hits="0"  branch="false" />
			<line number="417"  hits="0"  branch="false" />
			<line number="418"  hits="0"  branch="false" />
			<line number="431"  hits="1"  branch="false" />
			<line number="432"  hits="0"  branch="false" />
			<line number="433"  hits="0"  branch="false" />
			<line number="434"  hits="0"  branch="false" />
			<line number="435"  hits="0"  branch="false" />
			<line number="436"  hits="0"  branch="false" />
			<line number="441"  hits="0"  branch="false" />
			<line number="442"  hits="0"  branch="false" />
			<line number="443"  hits="0"  branch="false" />
			<line number="444"  hits="0"  branch="false" />
			<line number="462"  hits="1"  branch="false" />
			<line number="463"  hits="36"  branch="false" />
			<line number="464"  hits="36"  branch="false" />
			<line number="465"  hits="36"  branch="false" />
			<line number="466"  hits="36"  branch="false" />
			<line number="468"  hits="36"  branch="false" />
			<line number="469"  hits="36"  branch="false" />
			<line number="470"  hits="36"  branch="false" />
		</lines>
		</class>
		<class name="displayData.js"  filename="src/Main/displayData.js"  line-rate="1"  branch-rate="1" >
		<methods>
		</methods>
		<lines>
			<line number="2"  hits="1"  branch="false" />
			<line number="16"  hits="1"  branch="false" />
		</lines>
		</class>
		<class name="elementPropAlter.js"  filename="src/Main/elementPropAlter.js"  line-rate="0.1"  branch-rate="0" >
		<methods>
			<method name="updateProperties"  hits="0"  signature="()V" >
				<lines><line number="12"  hits="0" /></lines>
			</method>
			<method name="setPropertyDisplayValues"  hits="0"  signature="()V" >
				<lines><line number="50"  hits="0" /></lines>
			</method>
			<method name="setPropertyInputBoxValueIfExists"  hits="0"  signature="()V" >
				<lines><line number="62"  hits="0" /></lines>
			</method>
			<method name="setPropertyColourPickerValueIfExists"  hits="0"  signature="()V" >
				<lines><line number="69"  hits="0" /></lines>
			</method>
		</methods>
		<lines>
			<line number="12"  hits="1"  branch="false" />
			<line number="13"  hits="0"  branch="false" />
			<line number="15"  hits="0"  branch="false" />
			<line number="16"  hits="0"  branch="false" />
			<line number="18"  hits="0"  branch="false" />
			<line number="19"  hits="0"  branch="false" />
			<line number="20"  hits="0"  branch="false" />
			<line number="21"  hits="0"  branch="false" />
			<line number="22"  hits="0"  branch="false" />
			<line number="23"  hits="0"  branch="false" />
			<line number="24"  hits="0"  branch="false" />
			<line number="27"  hits="0"  branch="true"  condition-coverage="0% (0/2)" />
			<line number="28"  hits="0"  branch="false" />
			<line number="29"  hits="0"  branch="false" />
			<line number="30"  hits="0"  branch="false" />
			<line number="31"  hits="0"  branch="false" />
			<line number="32"  hits="0"  branch="false" />
			<line number="33"  hits="0"  branch="false" />
			<line number="34"  hits="0"  branch="true"  condition-coverage="0% (0/2)" />
			<line number="35"  hits="0"  branch="false" />
			<line number="37"  hits="0"  branch="true"  condition-coverage="0% (0/2)" />
			<line number="38"  hits="0"  branch="false" />
			<line number="42"  hits="0"  branch="false" />
			<line number="50"  hits="1"  branch="false" />
			<line number="52"  hits="0"  branch="false" />
			<line number="53"  hits="0"  branch="false" />
			<line number="54"  hits="0"  branch="false" />
			<line number="55"  hits="0"  branch="false" />
			<line number="56"  hits="0"  branch="false" />
			<line number="57"  hits="0"  branch="false" />
			<line number="58"  hits="0"  branch="false" />
			<line number="62"  hits="1"  branch="false" />
			<line number="63"  hits="0"  branch="false" />
			<line number="64"  hits="0"  branch="true"  condition-coverage="0% (0/2)" />
			<line number="65"  hits="0"  branch="false" />
			<line number="69"  hits="1"  branch="false" />
			<line number="70"  hits="0"  branch="false" />
			<line number="71"  hits="0"  branch="true"  condition-coverage="0% (0/2)" />
			<line number="72"  hits="0"  branch="false" />
			<line number="73"  hits="0"  branch="false" />
		</lines>
		</class>
		<class name="genUI.js"  filename="src/Main/genUI.js"  line-rate="0.1079"  branch-rate="0" >
		<methods>
			<method name="QM_LabUI"  hits="1"  signature="()V" >
				<lines><line number="11"  hits="1" /></lines>
			</method>
			<method name="(anonymous_2)"  hits="0"  signature="()V" >
				<lines><line number="25"  hits="0" /></lines>
			</method>
			<method name="(anonymous_3)"  hits="0"  signature="()V" >
				<lines><line number="79"  hits="0" /></lines>
			</method>
			<method name="(anonymous_4)"  hits="0"  signature="()V" >
				<lines><line number="88"  hits="0" /></lines>
			</method>
			<method name="(anonymous_5)"  hits="1"  signature="()V" >
				<lines><line number="100"  hits="1" /></lines>
			</method>
			<method name="(anonymous_6)"  hits="1"  signature="()V" >
				<lines><line number="114"  hits="1" /></lines>
			</method>
			<method name="(anonymous_7)"  hits="0"  signature="()V" >
				<lines><line number="129"  hits="0" /></lines>
			</method>
			<method name="(anonymous_8)"  hits="0"  signature="()V" >
				<lines><line number="133"  hits="0" /></lines>
			</method>
			<method name="(anonymous_9)"  hits="0"  signature="()V" >
				<lines><line number="137"  hits="0" /></lines>
			</method>
			<method name="(anonymous_10)"  hits="0"  signature="()V" >
				<lines><line number="141"  hits="0" /></lines>
			</method>
			<method name="(anonymous_11)"  hits="0"  signature="()V" >
				<lines><line number="157"  hits="0" /></lines>
			</method>
			<method name="(anonymous_12)"  hits="0"  signature="()V" >
				<lines><line number="193"  hits="0" /></lines>
			</method>
			<method name="(anonymous_13)"  hits="0"  signature="()V" >
				<lines><line number="209"  hits="0" /></lines>
			</method>
			<method name="(anonymous_14)"  hits="0"  signature="()V" >
				<lines><line number="229"  hits="0" /></lines>
			</method>
			<method name="(anonymous_15)"  hits="0"  signature="()V" >
				<lines><line number="236"  hits="0" /></lines>
			</method>
			<method name="(anonymous_16)"  hits="0"  signature="()V" >
				<lines><line number="244"  hits="0" /></lines>
			</method>
			<method name="(anonymous_17)"  hits="0"  signature="()V" >
				<lines><line number="251"  hits="0" /></lines>
			</method>
			<method name="(anonymous_18)"  hits="0"  signature="()V" >
				<lines><line number="265"  hits="0" /></lines>
			</method>
			<method name="(anonymous_19)"  hits="0"  signature="()V" >
				<lines><line number="287"  hits="0" /></lines>
			</method>
			<method name="(anonymous_20)"  hits="0"  signature="()V" >
				<lines><line number="294"  hits="0" /></lines>
			</method>
			<method name="(anonymous_21)"  hits="0"  signature="()V" >
				<lines><line number="301"  hits="0" /></lines>
			</method>
			<method name="(anonymous_22)"  hits="0"  signature="()V" >
				<lines><line number="308"  hits="0" /></lines>
			</method>
			<method name="(anonymous_23)"  hits="0"  signature="()V" >
				<lines><line number="315"  hits="0" /></lines>
			</method>
			<method name="(anonymous_24)"  hits="0"  signature="()V" >
				<lines><line number="327"  hits="0" /></lines>
			</method>
			<method name="(anonymous_25)"  hits="0"  signature="()V" >
				<lines><line number="347"  hits="0" /></lines>
			</method>
			<method name="(anonymous_26)"  hits="0"  signature="()V" >
				<lines><line number="354"  hits="0" /></lines>
			</method>
			<method name="(anonymous_27)"  hits="0"  signature="()V" >
				<lines><line number="362"  hits="0" /></lines>
			</method>
			<method name="(anonymous_28)"  hits="0"  signature="()V" >
				<lines><line number="370"  hits="0" /></lines>
			</method>
			<method name="(anonymous_29)"  hits="0"  signature="()V" >
				<lines><line number="385"  hits="0" /></lines>
			</method>
			<method name="(anonymous_30)"  hits="0"  signature="()V" >
				<lines><line number="406"  hits="0" /></lines>
			</method>
			<method name="(anonymous_31)"  hits="0"  signature="()V" >
				<lines><line number="413"  hits="0" /></lines>
			</method>
			<method name="(anonymous_32)"  hits="0"  signature="()V" >
				<lines><line number="421"  hits="0" /></lines>
			</method>
			<method name="(anonymous_33)"  hits="0"  signature="()V" >
				<lines><line number="429"  hits="0" /></lines>
			</method>
			<method name="(anonymous_34)"  hits="0"  signature="()V" >
				<lines><line number="436"  hits="0" /></lines>
			</method>
			<method name="(anonymous_35)"  hits="0"  signature="()V" >
				<lines><line number="459"  hits="0" /></lines>
			</method>
		</methods>
		<lines>
			<line number="5"  hits="1"  branch="false" />
			<line number="11"  hits="1"  branch="false" />
			<line number="12"  hits="1"  branch="false" />
			<line number="25"  hits="1"  branch="false" />
			<line number="26"  hits="0"  branch="false" />
			<line number="27"  hits="0"  branch="false" />
			<line number="79"  hits="0"  branch="false" />
			<line number="80"  hits="0"  branch="false" />
			<line number="81"  hits="0"  branch="false" />
			<line number="82"  hits="0"  branch="false" />
			<line number="88"  hits="0"  branch="false" />
			<line number="89"  hits="0"  branch="false" />
			<line number="90"  hits="0"  branch="false" />
			<line number="91"  hits="0"  branch="false" />
			<line number="100"  hits="1"  branch="false" />
			<line number="101"  hits="1"  branch="false" />
			<line number="102"  hits="0"  branch="false" />
			<line number="103"  hits="0"  branch="false" />
			<line number="114"  hits="1"  branch="false" />
			<line number="115"  hits="1"  branch="false" />
			<line number="129"  hits="0"  branch="false" />
			<line number="130"  hits="0"  branch="false" />
			<line number="133"  hits="0"  branch="false" />
			<line number="134"  hits="0"  branch="false" />
			<line number="137"  hits="0"  branch="false" />
			<line number="139"  hits="0"  branch="false" />
			<line number="140"  hits="0"  branch="false" />
			<line number="141"  hits="0"  branch="false" />
			<line number="142"  hits="0"  branch="false" />
			<line number="143"  hits="0"  branch="false" />
			<line number="145"  hits="0"  branch="false" />
			<line number="157"  hits="1"  branch="false" />
			<line number="163"  hits="0"  branch="false" />
			<line number="164"  hits="0"  branch="true"  condition-coverage="0% (0/2)" />
			<line number="165"  hits="0"  branch="true"  condition-coverage="0% (0/2)" />
			<line number="166"  hits="0"  branch="false" />
			<line number="168"  hits="0"  branch="true"  condition-coverage="0% (0/4)" />
			<line number="171"  hits="0"  branch="false" />
			<line number="173"  hits="0"  branch="true"  condition-coverage="0% (0/4)" />
			<line number="176"  hits="0"  branch="false" />
			<line number="179"  hits="0"  branch="false" />
			<line number="183"  hits="0"  branch="false" />
			<line number="193"  hits="1"  branch="false" />
			<line number="194"  hits="0"  branch="false" />
			<line number="209"  hits="1"  branch="false" />
			<line number="210"  hits="0"  branch="false" />
			<line number="211"  hits="0"  branch="false" />
			<line number="212"  hits="0"  branch="false" />
			<line number="214"  hits="0"  branch="false" />
			<line number="229"  hits="0"  branch="false" />
			<line number="230"  hits="0"  branch="true"  condition-coverage="0% (0/2)" />
			<line number="231"  hits="0"  branch="false" />
			<line number="232"  hits="0"  branch="false" />
			<line number="236"  hits="0"  branch="false" />
			<line number="237"  hits="0"  branch="true"  condition-coverage="0% (0/2)" />
			<line number="238"  hits="0"  branch="false" />
			<line number="239"  hits="0"  branch="false" />
			<line number="244"  hits="0"  branch="false" />
			<line number="245"  hits="0"  branch="true"  condition-coverage="0% (0/2)" />
			<line number="246"  hits="0"  branch="false" />
			<line number="247"  hits="0"  branch="false" />
			<line number="251"  hits="0"  branch="false" />
			<line number="252"  hits="0"  branch="true"  condition-coverage="0% (0/2)" />
			<line number="253"  hits="0"  branch="false" />
			<line number="254"  hits="0"  branch="false" />
			<line number="265"  hits="1"  branch="false" />
			<line number="266"  hits="0"  branch="false" />
			<line number="267"  hits="0"  branch="false" />
			<line number="268"  hits="0"  branch="false" />
			<line number="270"  hits="0"  branch="false" />
			<line number="287"  hits="0"  branch="false" />
			<line number="288"  hits="0"  branch="true"  condition-coverage="0% (0/2)" />
			<line number="289"  hits="0"  branch="false" />
			<line number="290"  hits="0"  branch="false" />
			<line number="294"  hits="0"  branch="false" />
			<line number="295"  hits="0"  branch="true"  condition-coverage="0% (0/2)" />
			<line number="296"  hits="0"  branch="false" />
			<line number="297"  hits="0"  branch="false" />
			<line number="301"  hits="0"  branch="false" />
			<line number="302"  hits="0"  branch="true"  condition-coverage="0% (0/2)" />
			<line number="303"  hits="0"  branch="false" />
			<line number="304"  hits="0"  branch="false" />
			<line number="308"  hits="0"  branch="false" />
			<line number="309"  hits="0"  branch="true"  condition-coverage="0% (0/2)" />
			<line number="310"  hits="0"  branch="false" />
			<line number="311"  hits="0"  branch="false" />
			<line number="315"  hits="0"  branch="false" />
			<line number="316"  hits="0"  branch="true"  condition-coverage="0% (0/2)" />
			<line number="317"  hits="0"  branch="false" />
			<line number="318"  hits="0"  branch="false" />
			<line number="327"  hits="1"  branch="false" />
			<line number="328"  hits="0"  branch="false" />
			<line number="329"  hits="0"  branch="false" />
			<line number="330"  hits="0"  branch="false" />
			<line number="332"  hits="0"  branch="false" />
			<line number="347"  hits="0"  branch="false" />
			<line number="348"  hits="0"  branch="true"  condition-coverage="0% (0/2)" />
			<line number="349"  hits="0"  branch="false" />
			<line number="350"  hits="0"  branch="false" />
			<line number="354"  hits="0"  branch="false" />
			<line number="355"  hits="0"  branch="true"  condition-coverage="0% (0/2)" />
			<line number="356"  hits="0"  branch="false" />
			<line number="357"  hits="0"  branch="false" />
			<line number="362"  hits="0"  branch="false" />
			<line number="363"  hits="0"  branch="true"  condition-coverage="0% (0/2)" />
			<line number="364"  hits="0"  branch="false" />
			<line number="365"  hits="0"  branch="false" />
			<line number="370"  hits="0"  branch="false" />
			<line number="371"  hits="0"  branch="true"  condition-coverage="0% (0/2)" />
			<line number="372"  hits="0"  branch="false" />
			<line number="373"  hits="0"  branch="false" />
			<line number="385"  hits="1"  branch="false" />
			<line number="386"  hits="0"  branch="false" />
			<line number="387"  hits="0"  branch="false" />
			<line number="388"  hits="0"  branch="false" />
			<line number="390"  hits="0"  branch="false" />
			<line number="406"  hits="0"  branch="false" />
			<line number="407"  hits="0"  branch="true"  condition-coverage="0% (0/2)" />
			<line number="408"  hits="0"  branch="false" />
			<line number="409"  hits="0"  branch="false" />
			<line number="413"  hits="0"  branch="false" />
			<line number="414"  hits="0"  branch="true"  condition-coverage="0% (0/2)" />
			<line number="415"  hits="0"  branch="false" />
			<line number="416"  hits="0"  branch="false" />
			<line number="421"  hits="0"  branch="false" />
			<line number="422"  hits="0"  branch="true"  condition-coverage="0% (0/2)" />
			<line number="423"  hits="0"  branch="false" />
			<line number="424"  hits="0"  branch="false" />
			<line number="429"  hits="0"  branch="false" />
			<line number="430"  hits="0"  branch="true"  condition-coverage="0% (0/2)" />
			<line number="431"  hits="0"  branch="false" />
			<line number="432"  hits="0"  branch="false" />
			<line number="436"  hits="0"  branch="false" />
			<line number="437"  hits="0"  branch="true"  condition-coverage="0% (0/2)" />
			<line number="438"  hits="0"  branch="false" />
			<line number="439"  hits="0"  branch="false" />
			<line number="459"  hits="1"  branch="false" />
			<line number="460"  hits="0"  branch="false" />
			<line number="461"  hits="0"  branch="false" />
		</lines>
		</class>
		<class name="initialzediagram.js"  filename="src/Main/initialzediagram.js"  line-rate="0.1478"  branch-rate="0" >
		<methods>
			<method name="initializeGraph"  hits="2"  signature="()V" >
				<lines><line number="18"  hits="2" /></lines>
			</method>
			<method name="initializePrintGraph"  hits="2"  signature="()V" >
				<lines><line number="30"  hits="2" /></lines>
			</method>
			<method name="updatePrintGraph"  hits="1"  signature="()V" >
				<lines><line number="41"  hits="1" /></lines>
			</method>
			<method name="removeAllSelectionBoxes"  hits="0"  signature="()V" >
				<lines><line number="46"  hits="0" /></lines>
			</method>
			<method name="drawSelectionBox"  hits="0"  signature="()V" >
				<lines><line number="58"  hits="0" /></lines>
			</method>
			<method name="initializePaper"  hits="0"  signature="()V" >
				<lines><line number="102"  hits="0" /></lines>
			</method>
			<method name="(anonymous_7)"  hits="0"  signature="()V" >
				<lines><line number="132"  hits="0" /></lines>
			</method>
			<method name="initializeView"  hits="0"  signature="()V" >
				<lines><line number="154"  hits="0" /></lines>
			</method>
			<method name="initializePrintPaper"  hits="1"  signature="()V" >
				<lines><line number="177"  hits="1" /></lines>
			</method>
			<method name="paperZoom"  hits="0"  signature="()V" >
				<lines><line number="201"  hits="0" /></lines>
			</method>
			<method name="removePaperInteraction"  hits="0"  signature="()V" >
				<lines><line number="234"  hits="0" /></lines>
			</method>
			<method name="restorePaperInteraction"  hits="0"  signature="()V" >
				<lines><line number="245"  hits="0" /></lines>
			</method>
			<method name="resizePaper"  hits="0"  signature="()V" >
				<lines><line number="249"  hits="0" /></lines>
			</method>
			<method name="resizePrintPaper"  hits="0"  signature="()V" >
				<lines><line number="265"  hits="0" /></lines>
			</method>
			<method name="shrinkPrintPaper"  hits="0"  signature="()V" >
				<lines><line number="283"  hits="0" /></lines>
			</method>
			<method name="paperEmptySelectionPressed"  hits="0"  signature="()V" >
				<lines><line number="305"  hits="0" /></lines>
			</method>
			<method name="paperOnMouseUp"  hits="0"  signature="()V" >
				<lines><line number="341"  hits="0" /></lines>
			</method>
			<method name="selectClickedCell"  hits="0"  signature="()V" >
				<lines><line number="394"  hits="0" /></lines>
			</method>
			<method name="deselectCell"  hits="0"  signature="()V" >
				<lines><line number="410"  hits="0" /></lines>
			</method>
			<method name="handleKeyInput"  hits="0"  signature="()V" >
				<lines><line number="436"  hits="0" /></lines>
			</method>
			<method name="deleteSelectedCell"  hits="0"  signature="()V" >
				<lines><line number="454"  hits="0" /></lines>
			</method>
			<method name="stopDraggingAction"  hits="0"  signature="()V" >
				<lines><line number="464"  hits="0" /></lines>
			</method>
			<method name="deselectAllCells"  hits="0"  signature="()V" >
				<lines><line number="499"  hits="0" /></lines>
			</method>
			<method name="handleMouseMove"  hits="0"  signature="()V" >
				<lines><line number="526"  hits="0" /></lines>
			</method>
			<method name="moveSelectedItems"  hits="0"  signature="()V" >
				<lines><line number="544"  hits="0" /></lines>
			</method>
			<method name="moveViewPort"  hits="0"  signature="()V" >
				<lines><line number="580"  hits="0" /></lines>
			</method>
			<method name="updateMousePos"  hits="0"  signature="()V" >
				<lines><line number="608"  hits="0" /></lines>
			</method>
		</methods>
		<lines>
			<line number="18"  hits="1"  branch="false" />
			<line number="19"  hits="2"  branch="false" />
			<line number="20"  hits="2"  branch="false" />
			<line number="30"  hits="1"  branch="false" />
			<line number="31"  hits="2"  branch="false" />
			<line number="32"  hits="2"  branch="false" />
			<line number="33"  hits="2"  branch="false" />
			<line number="41"  hits="1"  branch="false" />
			<line number="42"  hits="1"  branch="false" />
			<line number="46"  hits="1"  branch="false" />
			<line number="47"  hits="0"  branch="false" />
			<line number="50"  hits="0"  branch="false" />
			<line number="51"  hits="0"  branch="false" />
			<line number="52"  hits="0"  branch="false" />
			<line number="53"  hits="0"  branch="false" />
			<line number="58"  hits="1"  branch="false" />
			<line number="60"  hits="0"  branch="false" />
			<line number="63"  hits="0"  branch="false" />
			<line number="65"  hits="0"  branch="false" />
			<line number="66"  hits="0"  branch="false" />
			<line number="69"  hits="0"  branch="false" />
			<line number="70"  hits="0"  branch="false" />
			<line number="71"  hits="0"  branch="false" />
			<line number="72"  hits="0"  branch="false" />
			<line number="75"  hits="0"  branch="false" />
			<line number="76"  hits="0"  branch="false" />
			<line number="77"  hits="0"  branch="false" />
			<line number="78"  hits="0"  branch="false" />
			<line number="81"  hits="0"  branch="false" />
			<line number="83"  hits="0"  branch="false" />
			<line number="84"  hits="0"  branch="false" />
			<line number="85"  hits="0"  branch="false" />
			<line number="86"  hits="0"  branch="false" />
			<line number="88"  hits="0"  branch="false" />
			<line number="89"  hits="0"  branch="false" />
			<line number="90"  hits="0"  branch="false" />
			<line number="102"  hits="1"  branch="false" />
			<line number="103"  hits="0"  branch="false" />
			<line number="112"  hits="0"  branch="false" />
			<line number="113"  hits="0"  branch="false" />
			<line number="114"  hits="0"  branch="false" />
			<line number="116"  hits="0"  branch="false" />
			<line number="117"  hits="0"  branch="false" />
			<line number="118"  hits="0"  branch="false" />
			<line number="119"  hits="0"  branch="false" />
			<line number="120"  hits="0"  branch="false" />
			<line number="121"  hits="0"  branch="false" />
			<line number="124"  hits="0"  branch="false" />
			<line number="125"  hits="0"  branch="false" />
			<line number="127"  hits="0"  branch="false" />
			<line number="128"  hits="0"  branch="false" />
			<line number="129"  hits="0"  branch="false" />
			<line number="131"  hits="0"  branch="false" />
			<line number="132"  hits="0"  branch="false" />
			<line number="133"  hits="0"  branch="true"  condition-coverage="0% (0/2)" />
			<line number="134"  hits="0"  branch="false" />
			<line number="135"  hits="0"  branch="false" />
			<line number="141"  hits="0"  branch="false" />
			<line number="142"  hits="0"  branch="false" />
			<line number="143"  hits="0"  branch="false" />
			<line number="154"  hits="1"  branch="false" />
			<line number="155"  hits="0"  branch="false" />
			<line number="156"  hits="0"  branch="false" />
			<line number="157"  hits="0"  branch="false" />
			<line number="158"  hits="0"  branch="false" />
			<line number="159"  hits="0"  branch="false" />
			<line number="160"  hits="0"  branch="false" />
			<line number="161"  hits="0"  branch="false" />
			<line number="162"  hits="0"  branch="false" />
			<line number="163"  hits="0"  branch="false" />
			<line number="177"  hits="1"  branch="false" />
			<line number="180"  hits="1"  branch="false" />
			<line number="188"  hits="1"  branch="false" />
			<line number="201"  hits="1"  branch="false" />
			<line number="203"  hits="0"  branch="false" />
			<line number="206"  hits="0"  branch="true"  condition-coverage="0% (0/3)" />
			<line number="208"  hits="0"  branch="true"  condition-coverage="0% (0/2)" />
			<line number="209"  hits="0"  branch="false" />
			<line number="212"  hits="0"  branch="true"  condition-coverage="0% (0/2)" />
			<line number="213"  hits="0"  branch="false" />
			<line number="217"  hits="0"  branch="false" />
			<line number="220"  hits="0"  branch="false" />
			<line number="221"  hits="0"  branch="false" />
			<line number="222"  hits="0"  branch="false" />
			<line number="226"  hits="0"  branch="false" />
			<line number="234"  hits="1"  branch="false" />
			<line number="235"  hits="0"  branch="false" />
			<line number="236"  hits="0"  branch="false" />
			<line number="245"  hits="1"  branch="false" />
			<line number="246"  hits="0"  branch="false" />
			<line number="249"  hits="1"  branch="false" />
			<line number="250"  hits="0"  branch="false" />
			<line number="251"  hits="0"  branch="false" />
			<line number="252"  hits="0"  branch="true"  condition-coverage="0% (0/2)" />
			<line number="253"  hits="0"  branch="false" />
			<line number="255"  hits="0"  branch="false" />
			<line number="265"  hits="1"  branch="false" />
			<line number="267"  hits="0"  branch="false" />
			<line number="268"  hits="0"  branch="false" />
			<line number="269"  hits="0"  branch="false" />
			<line number="270"  hits="0"  branch="false" />
			<line number="283"  hits="1"  branch="false" />
			<line number="285"  hits="0"  branch="false" />
			<line number="286"  hits="0"  branch="false" />
			<line number="287"  hits="0"  branch="false" />
			<line number="305"  hits="1"  branch="false" />
			<line number="306"  hits="0"  branch="false" />
			<line number="307"  hits="0"  branch="false" />
			<line number="310"  hits="0"  branch="true"  condition-coverage="0% (0/2)" />
			<line number="311"  hits="0"  branch="false" />
			<line number="312"  hits="0"  branch="false" />
			<line number="316"  hits="0"  branch="false" />
			<line number="317"  hits="0"  branch="false" />
			<line number="318"  hits="0"  branch="false" />
			<line number="321"  hits="0"  branch="false" />
			<line number="341"  hits="1"  branch="false" />
			<line number="342"  hits="0"  branch="false" />
			<line number="345"  hits="0"  branch="true"  condition-coverage="0% (0/2)" />
			<line number="346"  hits="0"  branch="false" />
			<line number="348"  hits="0"  branch="true"  condition-coverage="0% (0/2)" />
			<line number="349"  hits="0"  branch="false" />
			<line number="351"  hits="0"  branch="true"  condition-coverage="0% (0/2)" />
			<line number="352"  hits="0"  branch="false" />
			<line number="354"  hits="0"  branch="true"  condition-coverage="0% (0/2)" />
			<line number="355"  hits="0"  branch="false" />
			<line number="357"  hits="0"  branch="true"  condition-coverage="0% (0/2)" />
			<line number="358"  hits="0"  branch="false" />
			<line number="360"  hits="0"  branch="true"  condition-coverage="0% (0/2)" />
			<line number="361"  hits="0"  branch="false" />
			<line number="363"  hits="0"  branch="true"  condition-coverage="0% (0/2)" />
			<line number="364"  hits="0"  branch="false" />
			<line number="366"  hits="0"  branch="true"  condition-coverage="0% (0/2)" />
			<line number="367"  hits="0"  branch="false" />
			<line number="369"  hits="0"  branch="true"  condition-coverage="0% (0/2)" />
			<line number="370"  hits="0"  branch="false" />
			<line number="372"  hits="0"  branch="true"  condition-coverage="0% (0/2)" />
			<line number="373"  hits="0"  branch="false" />
			<line number="375"  hits="0"  branch="true"  condition-coverage="0% (0/2)" />
			<line number="376"  hits="0"  branch="false" />
			<line number="378"  hits="0"  branch="true"  condition-coverage="0% (0/2)" />
			<line number="379"  hits="0"  branch="false" />
			<line number="381"  hits="0"  branch="true"  condition-coverage="0% (0/2)" />
			<line number="382"  hits="0"  branch="false" />
			<line number="384"  hits="0"  branch="false" />
			<line number="387"  hits="0"  branch="false" />
			<line number="388"  hits="0"  branch="false" />
			<line number="389"  hits="0"  branch="false" />
			<line number="390"  hits="0"  branch="false" />
			<line number="394"  hits="1"  branch="false" />
			<line number="396"  hits="0"  branch="false" />
			<line number="397"  hits="0"  branch="false" />
			<line number="399"  hits="0"  branch="false" />
			<line number="402"  hits="0"  branch="false" />
			<line number="403"  hits="0"  branch="false" />
			<line number="404"  hits="0"  branch="false" />
			<line number="410"  hits="1"  branch="false" />
			<line number="412"  hits="0"  branch="true"  condition-coverage="0% (0/2)" />
			<line number="413"  hits="0"  branch="false" />
			<line number="416"  hits="0"  branch="false" />
			<line number="417"  hits="0"  branch="false" />
			<line number="436"  hits="1"  branch="false" />
			<line number="437"  hits="0"  branch="true"  condition-coverage="0% (0/2)" />
			<line number="438"  hits="0"  branch="false" />
			<line number="454"  hits="1"  branch="false" />
			<line number="455"  hits="0"  branch="true"  condition-coverage="0% (0/2)" />
			<line number="456"  hits="0"  branch="true"  condition-coverage="0% (0/2)" />
			<line number="457"  hits="0"  branch="false" />
			<line number="458"  hits="0"  branch="false" />
			<line number="464"  hits="1"  branch="false" />
			<line number="465"  hits="0"  branch="false" />
			<line number="467"  hits="0"  branch="true"  condition-coverage="0% (0/2)" />
			<line number="468"  hits="0"  branch="false" />
			<line number="469"  hits="0"  branch="false" />
			<line number="472"  hits="0"  branch="true"  condition-coverage="0% (0/2)" />
			<line number="474"  hits="0"  branch="false" />
			<line number="476"  hits="0"  branch="false" />
			<line number="477"  hits="0"  branch="false" />
			<line number="479"  hits="0"  branch="false" />
			<line number="481"  hits="0"  branch="false" />
			<line number="482"  hits="0"  branch="false" />
			<line number="483"  hits="0"  branch="false" />
			<line number="487"  hits="0"  branch="false" />
			<line number="490"  hits="0"  branch="false" />
			<line number="493"  hits="0"  branch="false" />
			<line number="494"  hits="0"  branch="false" />
			<line number="495"  hits="0"  branch="false" />
			<line number="499"  hits="1"  branch="false" />
			<line number="500"  hits="0"  branch="false" />
			<line number="501"  hits="0"  branch="false" />
			<line number="504"  hits="0"  branch="false" />
			<line number="505"  hits="0"  branch="false" />
			<line number="508"  hits="0"  branch="false" />
			<line number="526"  hits="1"  branch="false" />
			<line number="527"  hits="0"  branch="false" />
			<line number="529"  hits="0"  branch="true"  condition-coverage="0% (0/2)" />
			<line number="530"  hits="0"  branch="false" />
			<line number="533"  hits="0"  branch="true"  condition-coverage="0% (0/2)" />
			<line number="534"  hits="0"  branch="false" />
			<line number="535"  hits="0"  branch="false" />
			<line number="536"  hits="0"  branch="false" />
			<line number="538"  hits="0"  branch="true"  condition-coverage="0% (0/4)" />
			<line number="539"  hits="0"  branch="false" />
			<line number="540"  hits="0"  branch="false" />
			<line number="544"  hits="1"  branch="false" />
			<line number="545"  hits="0"  branch="false" />
			<line number="546"  hits="0"  branch="false" />
			<line number="548"  hits="0"  branch="false" />
			<line number="549"  hits="0"  branch="false" />
			<line number="551"  hits="0"  branch="false" />
			<line number="552"  hits="0"  branch="false" />
			<line number="553"  hits="0"  branch="false" />
			<line number="555"  hits="0"  branch="false" />
			<line number="556"  hits="0"  branch="false" />
			<line number="557"  hits="0"  branch="false" />
			<line number="559"  hits="0"  branch="true"  condition-coverage="0% (0/2)" />
			<line number="560"  hits="0"  branch="false" />
			<line number="565"  hits="0"  branch="false" />
			<line number="580"  hits="1"  branch="false" />
			<line number="581"  hits="0"  branch="false" />
			<line number="582"  hits="0"  branch="false" />
			<line number="583"  hits="0"  branch="false" />
			<line number="584"  hits="0"  branch="false" />
			<line number="585"  hits="0"  branch="false" />
			<line number="588"  hits="0"  branch="false" />
			<line number="589"  hits="0"  branch="false" />
			<line number="591"  hits="0"  branch="false" />
			<line number="608"  hits="1"  branch="false" />
			<line number="609"  hits="0"  branch="false" />
			<line number="610"  hits="0"  branch="false" />
			<line number="611"  hits="0"  branch="false" />
		</lines>
		</class>
		<class name="initialzewebpage.js"  filename="src/Main/initialzewebpage.js"  line-rate="0.9091"  branch-rate="1" >
		<methods>
			<method name="onstartRun"  hits="1"  signature="()V" >
				<lines><line number="35"  hits="1" /></lines>
			</method>
		</methods>
		<lines>
			<line number="9"  hits="1"  branch="false" />
			<line number="10"  hits="1"  branch="false" />
			<line number="11"  hits="1"  branch="false" />
			<line number="12"  hits="1"  branch="false" />
			<line number="13"  hits="1"  branch="false" />
			<line number="14"  hits="1"  branch="false" />
			<line number="15"  hits="1"  branch="false" />
			<line number="16"  hits="1"  branch="false" />
			<line number="17"  hits="1"  branch="false" />
			<line number="18"  hits="1"  branch="false" />
			<line number="19"  hits="1"  branch="false" />
			<line number="20"  hits="1"  branch="false" />
			<line number="21"  hits="1"  branch="false" />
			<line number="22"  hits="1"  branch="false" />
			<line number="23"  hits="1"  branch="false" />
			<line number="24"  hits="1"  branch="false" />
			<line number="27"  hits="1"  branch="false" />
			<line number="35"  hits="1"  branch="false" />
			<line number="36"  hits="1"  branch="false" />
			<line number="37"  hits="1"  branch="false" />
			<line number="38"  hits="0"  branch="false" />
			<line number="39"  hits="0"  branch="false" />
		</lines>
		</class>
		<class name="linkJoining.js"  filename="src/Main/linkJoining.js"  line-rate="0.1308"  branch-rate="0.0278" >
		<methods>
			<method name="targetFollow"  hits="10"  signature="()V" >
				<lines><line number="20"  hits="10" /></lines>
			</method>
			<method name="addVertex"  hits="0"  signature="()V" >
				<lines><line number="89"  hits="0" /></lines>
			</method>
			<method name="mouseTracker"  hits="0"  signature="()V" >
				<lines><line number="117"  hits="0" /></lines>
			</method>
			<method name="linkTargeter"  hits="0"  signature="()V" >
				<lines><line number="175"  hits="0" /></lines>
			</method>
			<method name="flowCloudPrep"  hits="0"  signature="()V" >
				<lines><line number="242"  hits="0" /></lines>
			</method>
		</methods>
		<lines>
			<line number="2"  hits="1"  branch="false" />
			<line number="3"  hits="1"  branch="false" />
			<line number="4"  hits="1"  branch="false" />
			<line number="5"  hits="1"  branch="false" />
			<line number="6"  hits="1"  branch="false" />
			<line number="7"  hits="1"  branch="false" />
			<line number="9"  hits="1"  branch="false" />
			<line number="10"  hits="1"  branch="false" />
			<line number="20"  hits="1"  branch="false" />
			<line number="21"  hits="10"  branch="true"  condition-coverage="50% (1/2)" />
			<line number="23"  hits="0"  branch="false" />
			<line number="26"  hits="0"  branch="true"  condition-coverage="0% (0/2)" />
			<line number="28"  hits="0"  branch="false" />
			<line number="29"  hits="0"  branch="false" />
			<line number="30"  hits="0"  branch="false" />
			<line number="32"  hits="0"  branch="true"  condition-coverage="0% (0/2)" />
			<line number="34"  hits="0"  branch="false" />
			<line number="35"  hits="0"  branch="false" />
			<line number="36"  hits="0"  branch="false" />
			<line number="39"  hits="0"  branch="true"  condition-coverage="0% (0/2)" />
			<line number="41"  hits="0"  branch="false" />
			<line number="42"  hits="0"  branch="false" />
			<line number="43"  hits="0"  branch="false" />
			<line number="48"  hits="0"  branch="false" />
			<line number="52"  hits="0"  branch="false" />
			<line number="53"  hits="0"  branch="true"  condition-coverage="0% (0/2)" />
			<line number="58"  hits="0"  branch="false" />
			<line number="63"  hits="0"  branch="true"  condition-coverage="0% (0/2)" />
			<line number="65"  hits="0"  branch="false" />
			<line number="66"  hits="0"  branch="false" />
			<line number="71"  hits="0"  branch="false" />
			<line number="75"  hits="0"  branch="false" />
			<line number="76"  hits="0"  branch="false" />
			<line number="77"  hits="0"  branch="false" />
			<line number="78"  hits="0"  branch="false" />
			<line number="89"  hits="1"  branch="false" />
			<line number="90"  hits="0"  branch="true"  condition-coverage="0% (0/2)" />
			<line number="92"  hits="0"  branch="false" />
			<line number="93"  hits="0"  branch="false" />
			<line number="94"  hits="0"  branch="false" />
			<line number="95"  hits="0"  branch="true"  condition-coverage="0% (0/2)" />
			<line number="97"  hits="0"  branch="false" />
			<line number="101"  hits="0"  branch="false" />
			<line number="103"  hits="0"  branch="false" />
			<line number="104"  hits="0"  branch="false" />
			<line number="105"  hits="0"  branch="false" />
			<line number="106"  hits="0"  branch="false" />
			<line number="117"  hits="1"  branch="false" />
			<line number="118"  hits="0"  branch="false" />
			<line number="119"  hits="0"  branch="false" />
			<line number="120"  hits="0"  branch="false" />
			<line number="121"  hits="0"  branch="true"  condition-coverage="0% (0/2)" />
			<line number="124"  hits="0"  branch="true"  condition-coverage="0% (0/2)" />
			<line number="126"  hits="0"  branch="true"  condition-coverage="0% (0/2)" />
			<line number="128"  hits="0"  branch="false" />
			<line number="132"  hits="0"  branch="false" />
			<line number="137"  hits="0"  branch="false" />
			<line number="138"  hits="0"  branch="false" />
			<line number="140"  hits="0"  branch="false" />
			<line number="142"  hits="0"  branch="true"  condition-coverage="0% (0/2)" />
			<line number="144"  hits="0"  branch="false" />
			<line number="148"  hits="0"  branch="false" />
			<line number="154"  hits="0"  branch="false" />
			<line number="156"  hits="0"  branch="true"  condition-coverage="0% (0/2)" />
			<line number="158"  hits="0"  branch="false" />
			<line number="162"  hits="0"  branch="false" />
			<line number="165"  hits="0"  branch="false" />
			<line number="175"  hits="1"  branch="false" />
			<line number="176"  hits="0"  branch="false" />
			<line number="177"  hits="0"  branch="false" />
			<line number="180"  hits="0"  branch="false" />
			<line number="181"  hits="0"  branch="true"  condition-coverage="0% (0/2)" />
			<line number="183"  hits="0"  branch="false" />
			<line number="187"  hits="0"  branch="true"  condition-coverage="0% (0/2)" />
			<line number="189"  hits="0"  branch="false" />
			<line number="190"  hits="0"  branch="false" />
			<line number="194"  hits="0"  branch="false" />
			<line number="198"  hits="0"  branch="false" />
			<line number="199"  hits="0"  branch="false" />
			<line number="200"  hits="0"  branch="true"  condition-coverage="0% (0/4)" />
			<line number="202"  hits="0"  branch="false" />
			<line number="207"  hits="0"  branch="false" />
			<line number="210"  hits="0"  branch="false" />
			<line number="212"  hits="0"  branch="true"  condition-coverage="0% (0/2)" />
			<line number="213"  hits="0"  branch="false" />
			<line number="214"  hits="0"  branch="false" />
			<line number="217"  hits="0"  branch="false" />
			<line number="218"  hits="0"  branch="false" />
			<line number="219"  hits="0"  branch="false" />
			<line number="220"  hits="0"  branch="false" />
			<line number="221"  hits="0"  branch="false" />
			<line number="222"  hits="0"  branch="false" />
			<line number="224"  hits="0"  branch="false" />
			<line number="225"  hits="0"  branch="false" />
			<line number="226"  hits="0"  branch="false" />
			<line number="227"  hits="0"  branch="false" />
			<line number="229"  hits="0"  branch="false" />
			<line number="230"  hits="0"  branch="false" />
			<line number="231"  hits="0"  branch="false" />
			<line number="242"  hits="1"  branch="false" />
			<line number="245"  hits="0"  branch="false" />
			<line number="246"  hits="0"  branch="false" />
			<line number="248"  hits="0"  branch="false" />
			<line number="249"  hits="0"  branch="false" />
			<line number="251"  hits="0"  branch="false" />
			<line number="253"  hits="0"  branch="false" />
			<line number="255"  hits="0"  branch="false" />
		</lines>
		</class>
		<class name="qmlabfileopened.js"  filename="src/Main/qmlabfileopened.js"  line-rate="0.5455"  branch-rate="1" >
		<methods>
			<method name="onFileInitialize"  hits="1"  signature="()V" >
				<lines><line number="22"  hits="1" /></lines>
			</method>
			<method name="onFileLoaded"  hits="1"  signature="()V" >
				<lines><line number="53"  hits="1" /></lines>
			</method>
			<method name="addGlobalEventListeners"  hits="1"  signature="()V" >
				<lines><line number="92"  hits="1" /></lines>
			</method>
			<method name="addCollabEventToAllCells"  hits="2"  signature="()V" >
				<lines><line number="107"  hits="2" /></lines>
			</method>
		</methods>
		<lines>
			<line number="22"  hits="1"  branch="false" />
			<line number="23"  hits="1"  branch="false" />
			<line number="25"  hits="1"  branch="false" />
			<line number="26"  hits="1"  branch="false" />
			<line number="27"  hits="1"  branch="false" />
			<line number="28"  hits="1"  branch="false" />
			<line number="29"  hits="1"  branch="false" />
			<line number="30"  hits="1"  branch="false" />
			<line number="32"  hits="1"  branch="false" />
			<line number="53"  hits="1"  branch="false" />
			<line number="54"  hits="1"  branch="false" />
			<line number="57"  hits="0"  branch="false" />
			<line number="58"  hits="0"  branch="false" />
			<line number="59"  hits="0"  branch="false" />
			<line number="60"  hits="0"  branch="false" />
			<line number="61"  hits="0"  branch="false" />
			<line number="62"  hits="0"  branch="false" />
			<line number="63"  hits="0"  branch="false" />
			<line number="67"  hits="0"  branch="false" />
			<line number="68"  hits="0"  branch="false" />
			<line number="70"  hits="0"  branch="false" />
			<line number="72"  hits="0"  branch="false" />
			<line number="74"  hits="0"  branch="false" />
			<line number="75"  hits="0"  branch="false" />
			<line number="77"  hits="0"  branch="false" />
			<line number="79"  hits="0"  branch="false" />
			<line number="92"  hits="1"  branch="false" />
			<line number="93"  hits="1"  branch="false" />
			<line number="94"  hits="1"  branch="false" />
			<line number="107"  hits="1"  branch="false" />
			<line number="108"  hits="2"  branch="false" />
			<line number="109"  hits="2"  branch="false" />
			<line number="110"  hits="15"  branch="false" />
		</lines>
		</class>
		<class name="qmlabjointclasses.js"  filename="src/Main/qmlabjointclasses.js"  line-rate="0.4457"  branch-rate="0.4048" >
		<methods>
			<method name="localNode"  hits="1"  signature="()V" >
				<lines><line number="12"  hits="1" /></lines>
			</method>
			<method name="(anonymous_2)"  hits="2"  signature="()V" >
				<lines><line number="30"  hits="2" /></lines>
			</method>
			<method name="(anonymous_3)"  hits="2"  signature="()V" >
				<lines><line number="42"  hits="2" /></lines>
			</method>
			<method name="(anonymous_4)"  hits="1"  signature="()V" >
				<lines><line number="53"  hits="1" /></lines>
			</method>
			<method name="(anonymous_5)"  hits="3"  signature="()V" >
				<lines><line number="65"  hits="3" /></lines>
			</method>
			<method name="(anonymous_6)"  hits="3"  signature="()V" >
				<lines><line number="77"  hits="3" /></lines>
			</method>
			<method name="(anonymous_7)"  hits="15"  signature="()V" >
				<lines><line number="89"  hits="15" /></lines>
			</method>
			<method name="(anonymous_8)"  hits="1"  signature="()V" >
				<lines><line number="122"  hits="1" /></lines>
			</method>
			<method name="(anonymous_9)"  hits="1"  signature="()V" >
				<lines><line number="135"  hits="1" /></lines>
			</method>
			<method name="(anonymous_10)"  hits="1"  signature="()V" >
				<lines><line number="149"  hits="1" /></lines>
			</method>
			<method name="(anonymous_11)"  hits="1"  signature="()V" >
				<lines><line number="160"  hits="1" /></lines>
			</method>
			<method name="(anonymous_12)"  hits="8"  signature="()V" >
				<lines><line number="173"  hits="8" /></lines>
			</method>
			<method name="(anonymous_13)"  hits="36"  signature="()V" >
				<lines><line number="191"  hits="36" /></lines>
			</method>
			<method name="(anonymous_14)"  hits="4"  signature="()V" >
				<lines><line number="207"  hits="4" /></lines>
			</method>
			<method name="(anonymous_15)"  hits="23"  signature="()V" >
				<lines><line number="223"  hits="23" /></lines>
			</method>
			<method name="(anonymous_16)"  hits="1"  signature="()V" >
				<lines><line number="231"  hits="1" /></lines>
			</method>
			<method name="(anonymous_17)"  hits="27"  signature="()V" >
				<lines><line number="236"  hits="27" /></lines>
			</method>
			<method name="(anonymous_18)"  hits="1"  signature="()V" >
				<lines><line number="241"  hits="1" /></lines>
			</method>
			<method name="(anonymous_19)"  hits="27"  signature="()V" >
				<lines><line number="245"  hits="27" /></lines>
			</method>
			<method name="(anonymous_20)"  hits="1"  signature="()V" >
				<lines><line number="251"  hits="1" /></lines>
			</method>
			<method name="(anonymous_21)"  hits="0"  signature="()V" >
				<lines><line number="257"  hits="0" /></lines>
			</method>
			<method name="(anonymous_22)"  hits="1"  signature="()V" >
				<lines><line number="261"  hits="1" /></lines>
			</method>
			<method name="(anonymous_23)"  hits="170"  signature="()V" >
				<lines><line number="265"  hits="170" /></lines>
			</method>
			<method name="(anonymous_24)"  hits="4"  signature="()V" >
				<lines><line number="277"  hits="4" /></lines>
			</method>
			<method name="localLink"  hits="13"  signature="()V" >
				<lines><line number="326"  hits="13" /></lines>
			</method>
			<method name="localFlow"  hits="2"  signature="()V" >
				<lines><line number="397"  hits="2" /></lines>
			</method>
			<method name="(anonymous_27)"  hits="1"  signature="()V" >
				<lines><line number="439"  hits="1" /></lines>
			</method>
			<method name="(anonymous_28)"  hits="5"  signature="()V" >
				<lines><line number="452"  hits="5" /></lines>
			</method>
			<method name="(anonymous_29)"  hits="0"  signature="()V" >
				<lines><line number="477"  hits="0" /></lines>
			</method>
			<method name="(anonymous_30)"  hits="1"  signature="()V" >
				<lines><line number="502"  hits="1" /></lines>
			</method>
			<method name="(anonymous_31)"  hits="2"  signature="()V" >
				<lines><line number="515"  hits="2" /></lines>
			</method>
			<method name="(anonymous_32)"  hits="14"  signature="()V" >
				<lines><line number="528"  hits="14" /></lines>
			</method>
			<method name="(anonymous_33)"  hits="12"  signature="()V" >
				<lines><line number="540"  hits="12" /></lines>
			</method>
			<method name="(anonymous_34)"  hits="10"  signature="()V" >
				<lines><line number="558"  hits="10" /></lines>
			</method>
			<method name="(anonymous_35)"  hits="10"  signature="()V" >
				<lines><line number="576"  hits="10" /></lines>
			</method>
			<method name="(anonymous_36)"  hits="20"  signature="()V" >
				<lines><line number="595"  hits="20" /></lines>
			</method>
			<method name="(anonymous_37)"  hits="10"  signature="()V" >
				<lines><line number="606"  hits="10" /></lines>
			</method>
			<method name="(anonymous_38)"  hits="0"  signature="()V" >
				<lines><line number="617"  hits="0" /></lines>
			</method>
			<method name="(anonymous_39)"  hits="10"  signature="()V" >
				<lines><line number="622"  hits="10" /></lines>
			</method>
			<method name="(anonymous_40)"  hits="10"  signature="()V" >
				<lines><line number="631"  hits="10" /></lines>
			</method>
			<method name="(anonymous_41)"  hits="0"  signature="()V" >
				<lines><line number="643"  hits="0" /></lines>
			</method>
			<method name="(anonymous_42)"  hits="0"  signature="()V" >
				<lines><line number="648"  hits="0" /></lines>
			</method>
			<method name="(anonymous_43)"  hits="0"  signature="()V" >
				<lines><line number="653"  hits="0" /></lines>
			</method>
			<method name="(anonymous_44)"  hits="0"  signature="()V" >
				<lines><line number="657"  hits="0" /></lines>
			</method>
			<method name="(anonymous_45)"  hits="0"  signature="()V" >
				<lines><line number="661"  hits="0" /></lines>
			</method>
			<method name="(anonymous_46)"  hits="0"  signature="()V" >
				<lines><line number="671"  hits="0" /></lines>
			</method>
			<method name="(anonymous_47)"  hits="0"  signature="()V" >
				<lines><line number="675"  hits="0" /></lines>
			</method>
			<method name="(anonymous_48)"  hits="0"  signature="()V" >
				<lines><line number="682"  hits="0" /></lines>
			</method>
			<method name="(anonymous_49)"  hits="0"  signature="()V" >
				<lines><line number="689"  hits="0" /></lines>
			</method>
			<method name="(anonymous_50)"  hits="0"  signature="()V" >
				<lines><line number="696"  hits="0" /></lines>
			</method>
			<method name="(anonymous_51)"  hits="3"  signature="()V" >
				<lines><line number="703"  hits="3" /></lines>
			</method>
			<method name="(anonymous_52)"  hits="8"  signature="()V" >
				<lines><line number="1058"  hits="8" /></lines>
			</method>
			<method name="(anonymous_53)"  hits="1"  signature="()V" >
				<lines><line number="1062"  hits="1" /></lines>
			</method>
			<method name="(anonymous_54)"  hits="2"  signature="()V" >
				<lines><line number="1066"  hits="2" /></lines>
			</method>
			<method name="(anonymous_55)"  hits="1"  signature="()V" >
				<lines><line number="1070"  hits="1" /></lines>
			</method>
			<method name="(anonymous_56)"  hits="1"  signature="()V" >
				<lines><line number="1074"  hits="1" /></lines>
			</method>
			<method name="dropEdge"  hits="0"  signature="()V" >
				<lines><line number="1104"  hits="0" /></lines>
			</method>
			<method name="startResizingTop"  hits="0"  signature="()V" >
				<lines><line number="1112"  hits="0" /></lines>
			</method>
			<method name="startResizingBottom"  hits="0"  signature="()V" >
				<lines><line number="1120"  hits="0" /></lines>
			</method>
			<method name="startResizingLeft"  hits="0"  signature="()V" >
				<lines><line number="1128"  hits="0" /></lines>
			</method>
			<method name="startResizingRight"  hits="0"  signature="()V" >
				<lines><line number="1136"  hits="0" /></lines>
			</method>
			<method name="startResizing"  hits="0"  signature="()V" >
				<lines><line number="1144"  hits="0" /></lines>
			</method>
			<method name="stopResizing"  hits="0"  signature="()V" >
				<lines><line number="1149"  hits="0" /></lines>
			</method>
			<method name="dragResize"  hits="0"  signature="()V" >
				<lines><line number="1155"  hits="0" /></lines>
			</method>
			<method name="setInitialHTML"  hits="0"  signature="()V" >
				<lines><line number="1208"  hits="0" /></lines>
			</method>
			<method name="setInitialHTMLBranch"  hits="0"  signature="()V" >
				<lines><line number="1252"  hits="0" /></lines>
			</method>
			<method name="setInitialHTMLText"  hits="0"  signature="()V" >
				<lines><line number="1294"  hits="0" /></lines>
			</method>
			<method name="setSelectedHTML"  hits="0"  signature="()V" >
				<lines><line number="1348"  hits="0" /></lines>
			</method>
			<method name="setSelectedHTMLNoResize"  hits="0"  signature="()V" >
				<lines><line number="1402"  hits="0" /></lines>
			</method>
			<method name="initializeStockView"  hits="0"  signature="()V" >
				<lines><line number="1444"  hits="0" /></lines>
			</method>
			<method name="(anonymous_71)"  hits="0"  signature="()V" >
				<lines><line number="1455"  hits="0" /></lines>
			</method>
			<method name="(anonymous_72)"  hits="0"  signature="()V" >
				<lines><line number="1468"  hits="0" /></lines>
			</method>
			<method name="(anonymous_73)"  hits="0"  signature="()V" >
				<lines><line number="1474"  hits="0" /></lines>
			</method>
			<method name="(anonymous_74)"  hits="0"  signature="()V" >
				<lines><line number="1478"  hits="0" /></lines>
			</method>
			<method name="initializeImageNodeView"  hits="0"  signature="()V" >
				<lines><line number="1486"  hits="0" /></lines>
			</method>
			<method name="(anonymous_76)"  hits="0"  signature="()V" >
				<lines><line number="1497"  hits="0" /></lines>
			</method>
			<method name="(anonymous_77)"  hits="0"  signature="()V" >
				<lines><line number="1510"  hits="0" /></lines>
			</method>
			<method name="(anonymous_78)"  hits="0"  signature="()V" >
				<lines><line number="1516"  hits="0" /></lines>
			</method>
			<method name="(anonymous_79)"  hits="0"  signature="()V" >
				<lines><line number="1520"  hits="0" /></lines>
			</method>
			<method name="initializeTextView"  hits="0"  signature="()V" >
				<lines><line number="1526"  hits="0" /></lines>
			</method>
			<method name="(anonymous_81)"  hits="0"  signature="()V" >
				<lines><line number="1537"  hits="0" /></lines>
			</method>
			<method name="(anonymous_82)"  hits="0"  signature="()V" >
				<lines><line number="1550"  hits="0" /></lines>
			</method>
			<method name="(anonymous_83)"  hits="0"  signature="()V" >
				<lines><line number="1556"  hits="0" /></lines>
			</method>
			<method name="(anonymous_84)"  hits="0"  signature="()V" >
				<lines><line number="1560"  hits="0" /></lines>
			</method>
			<method name="initializeAgentView"  hits="0"  signature="()V" >
				<lines><line number="1566"  hits="0" /></lines>
			</method>
			<method name="(anonymous_86)"  hits="0"  signature="()V" >
				<lines><line number="1577"  hits="0" /></lines>
			</method>
			<method name="(anonymous_87)"  hits="0"  signature="()V" >
				<lines><line number="1590"  hits="0" /></lines>
			</method>
			<method name="(anonymous_88)"  hits="0"  signature="()V" >
				<lines><line number="1596"  hits="0" /></lines>
			</method>
			<method name="(anonymous_89)"  hits="0"  signature="()V" >
				<lines><line number="1600"  hits="0" /></lines>
			</method>
			<method name="initializeStateView"  hits="0"  signature="()V" >
				<lines><line number="1606"  hits="0" /></lines>
			</method>
			<method name="(anonymous_91)"  hits="0"  signature="()V" >
				<lines><line number="1617"  hits="0" /></lines>
			</method>
			<method name="(anonymous_92)"  hits="0"  signature="()V" >
				<lines><line number="1630"  hits="0" /></lines>
			</method>
			<method name="(anonymous_93)"  hits="0"  signature="()V" >
				<lines><line number="1636"  hits="0" /></lines>
			</method>
			<method name="(anonymous_94)"  hits="0"  signature="()V" >
				<lines><line number="1640"  hits="0" /></lines>
			</method>
			<method name="initializeTerminalStateView"  hits="0"  signature="()V" >
				<lines><line number="1646"  hits="0" /></lines>
			</method>
			<method name="(anonymous_96)"  hits="0"  signature="()V" >
				<lines><line number="1657"  hits="0" /></lines>
			</method>
			<method name="(anonymous_97)"  hits="0"  signature="()V" >
				<lines><line number="1670"  hits="0" /></lines>
			</method>
			<method name="(anonymous_98)"  hits="0"  signature="()V" >
				<lines><line number="1676"  hits="0" /></lines>
			</method>
			<method name="(anonymous_99)"  hits="0"  signature="()V" >
				<lines><line number="1680"  hits="0" /></lines>
			</method>
			<method name="initializeBranchView"  hits="0"  signature="()V" >
				<lines><line number="1686"  hits="0" /></lines>
			</method>
			<method name="(anonymous_101)"  hits="0"  signature="()V" >
				<lines><line number="1697"  hits="0" /></lines>
			</method>
			<method name="(anonymous_102)"  hits="0"  signature="()V" >
				<lines><line number="1710"  hits="0" /></lines>
			</method>
			<method name="(anonymous_103)"  hits="0"  signature="()V" >
				<lines><line number="1716"  hits="0" /></lines>
			</method>
			<method name="(anonymous_104)"  hits="0"  signature="()V" >
				<lines><line number="1720"  hits="0" /></lines>
			</method>
			<method name="initializeVariableView"  hits="0"  signature="()V" >
				<lines><line number="1728"  hits="0" /></lines>
			</method>
			<method name="(anonymous_106)"  hits="0"  signature="()V" >
				<lines><line number="1739"  hits="0" /></lines>
			</method>
			<method name="(anonymous_107)"  hits="0"  signature="()V" >
				<lines><line number="1752"  hits="0" /></lines>
			</method>
			<method name="(anonymous_108)"  hits="0"  signature="()V" >
				<lines><line number="1758"  hits="0" /></lines>
			</method>
			<method name="(anonymous_109)"  hits="0"  signature="()V" >
				<lines><line number="1762"  hits="0" /></lines>
			</method>
			<method name="initializeParameterView"  hits="0"  signature="()V" >
				<lines><line number="1768"  hits="0" /></lines>
			</method>
			<method name="(anonymous_111)"  hits="0"  signature="()V" >
				<lines><line number="1779"  hits="0" /></lines>
			</method>
			<method name="(anonymous_112)"  hits="0"  signature="()V" >
				<lines><line number="1792"  hits="0" /></lines>
			</method>
			<method name="(anonymous_113)"  hits="0"  signature="()V" >
				<lines><line number="1798"  hits="0" /></lines>
			</method>
			<method name="(anonymous_114)"  hits="0"  signature="()V" >
				<lines><line number="1802"  hits="0" /></lines>
			</method>
		</methods>
		<lines>
			<line number="12"  hits="1"  branch="false" />
			<line number="13"  hits="1"  branch="false" />
			<line number="16"  hits="1"  branch="true"  condition-coverage="50% (1/2)" />
			<line number="17"  hits="1"  branch="false" />
			<line number="19"  hits="1"  branch="false" />
			<line number="30"  hits="1"  branch="false" />
			<line number="31"  hits="2"  branch="false" />
			<line number="42"  hits="1"  branch="false" />
			<line number="43"  hits="2"  branch="false" />
			<line number="53"  hits="1"  branch="false" />
			<line number="54"  hits="1"  branch="false" />
			<line number="65"  hits="1"  branch="false" />
			<line number="66"  hits="3"  branch="false" />
			<line number="77"  hits="1"  branch="false" />
			<line number="78"  hits="3"  branch="false" />
			<line number="89"  hits="1"  branch="false" />
			<line number="95"  hits="15"  branch="true"  condition-coverage="100% (2/2)" />
			<line number="98"  hits="15"  branch="false" />
			<line number="100"  hits="15"  branch="false" />
			<line number="101"  hits="15"  branch="true"  condition-coverage="100% (8/8)" />
			<line number="105"  hits="14"  branch="false" />
			<line number="108"  hits="1"  branch="false" />
			<line number="122"  hits="1"  branch="false" />
			<line number="123"  hits="1"  branch="true"  condition-coverage="50% (1/2)" />
			<line number="124"  hits="1"  branch="false" />
			<line number="135"  hits="1"  branch="false" />
			<line number="136"  hits="1"  branch="true"  condition-coverage="50% (1/2)" />
			<line number="137"  hits="1"  branch="false" />
			<line number="149"  hits="1"  branch="false" />
			<line number="150"  hits="1"  branch="false" />
			<line number="160"  hits="1"  branch="false" />
			<line number="161"  hits="1"  branch="true"  condition-coverage="50% (1/2)" />
			<line number="162"  hits="1"  branch="false" />
			<line number="173"  hits="1"  branch="false" />
			<line number="174"  hits="8"  branch="false" />
			<line number="175"  hits="8"  branch="true"  condition-coverage="100% (2/2)" />
			<line number="176"  hits="1"  branch="false" />
			<line number="180"  hits="7"  branch="false" />
			<line number="191"  hits="1"  branch="false" />
			<line number="192"  hits="36"  branch="false" />
			<line number="207"  hits="1"  branch="false" />
			<line number="208"  hits="4"  branch="true"  condition-coverage="50% (1/2)" />
			<line number="210"  hits="0"  branch="false" />
			<line number="213"  hits="4"  branch="false" />
			<line number="217"  hits="4"  branch="false" />
			<line number="218"  hits="4"  branch="false" />
			<line number="219"  hits="4"  branch="false" />
			<line number="223"  hits="1"  branch="false" />
			<line number="225"  hits="23"  branch="false" />
			<line number="226"  hits="23"  branch="false" />
			<line number="231"  hits="1"  branch="false" />
			<line number="232"  hits="1"  branch="false" />
			<line number="236"  hits="1"  branch="false" />
			<line number="237"  hits="27"  branch="false" />
			<line number="241"  hits="1"  branch="false" />
			<line number="242"  hits="1"  branch="false" />
			<line number="245"  hits="1"  branch="false" />
			<line number="246"  hits="27"  branch="true"  condition-coverage="50% (1/2)" />
			<line number="247"  hits="27"  branch="false" />
			<line number="251"  hits="1"  branch="false" />
			<line number="253"  hits="1"  branch="false" />
			<line number="257"  hits="1"  branch="false" />
			<line number="261"  hits="1"  branch="false" />
			<line number="262"  hits="1"  branch="false" />
			<line number="265"  hits="1"  branch="false" />
			<line number="266"  hits="170"  branch="false" />
			<line number="267"  hits="170"  branch="false" />
			<line number="273"  hits="1"  branch="false" />
			<line number="274"  hits="1"  branch="false" />
			<line number="275"  hits="1"  branch="false" />
			<line number="276"  hits="1"  branch="false" />
			<line number="277"  hits="1"  branch="false" />
			<line number="278"  hits="4"  branch="false" />
			<line number="279"  hits="4"  branch="false" />
			<line number="280"  hits="4"  branch="false" />
			<line number="282"  hits="1"  branch="false" />
			<line number="283"  hits="1"  branch="false" />
			<line number="284"  hits="1"  branch="false" />
			<line number="285"  hits="1"  branch="false" />
			<line number="286"  hits="1"  branch="false" />
			<line number="288"  hits="1"  branch="false" />
			<line number="289"  hits="1"  branch="false" />
			<line number="290"  hits="1"  branch="false" />
			<line number="291"  hits="1"  branch="false" />
			<line number="292"  hits="1"  branch="false" />
			<line number="293"  hits="1"  branch="false" />
			<line number="294"  hits="1"  branch="false" />
			<line number="295"  hits="1"  branch="false" />
			<line number="296"  hits="1"  branch="false" />
			<line number="326"  hits="1"  branch="false" />
			<line number="327"  hits="13"  branch="false" />
			<line number="328"  hits="13"  branch="false" />
			<line number="330"  hits="13"  branch="true"  condition-coverage="100% (2/2)" />
			<line number="331"  hits="1"  branch="true"  condition-coverage="50% (1/2)" />
			<line number="332"  hits="1"  branch="false" />
			<line number="337"  hits="12"  branch="false" />
			<line number="341"  hits="13"  branch="true"  condition-coverage="100% (2/2)" />
			<line number="342"  hits="1"  branch="true"  condition-coverage="50% (1/2)" />
			<line number="343"  hits="1"  branch="false" />
			<line number="349"  hits="12"  branch="false" />
			<line number="350"  hits="12"  branch="false" />
			<line number="354"  hits="13"  branch="true"  condition-coverage="100% (2/2)" />
			<line number="355"  hits="1"  branch="false" />
			<line number="359"  hits="13"  branch="true"  condition-coverage="80% (4/5)" />
			<line number="360"  hits="13"  branch="false" />
			<line number="363"  hits="13"  branch="false" />
			<line number="397"  hits="1"  branch="false" />
			<line number="399"  hits="2"  branch="false" />
			<line number="400"  hits="2"  branch="false" />
			<line number="401"  hits="2"  branch="false" />
			<line number="404"  hits="2"  branch="false" />
			<line number="407"  hits="2"  branch="true"  condition-coverage="100% (2/2)" />
			<line number="408"  hits="1"  branch="false" />
			<line number="412"  hits="2"  branch="true"  condition-coverage="80% (4/5)" />
			<line number="413"  hits="0"  branch="false" />
			<line number="416"  hits="2"  branch="false" />
			<line number="419"  hits="2"  branch="false" />
[...]
			<line number="718"  hits="1"  branch="false" />
			<line number="724"  hits="2"  branch="false" />
			<line number="725"  hits="2"  branch="false" />
			<line number="734"  hits="1"  branch="false" />
			<line number="744"  hits="1"  branch="false" />
			<line number="758"  hits="1"  branch="false" />
			<line number="772"  hits="1"  branch="false" />
			<line number="788"  hits="1"  branch="false" />
			<line number="808"  hits="1"  branch="false" />
			<line number="832"  hits="1"  branch="false" />
			<line number="854"  hits="1"  branch="false" />
			<line number="877"  hits="1"  branch="false" />
			<line number="898"  hits="1"  branch="false" />
			<line number="918"  hits="1"  branch="false" />
			<line number="949"  hits="1"  branch="false" />
			<line number="967"  hits="1"  branch="false" />
			<line number="983"  hits="1"  branch="false" />
			<line number="1003"  hits="1"  branch="false" />
			<line number="1022"  hits="1"  branch="false" />
			<line number="1046"  hits="1"  branch="false" />
			<line number="1058"  hits="1"  branch="false" />
			<line number="1059"  hits="8"  branch="false" />
			<line number="1062"  hits="1"  branch="false" />
			<line number="1063"  hits="1"  branch="false" />
			<line number="1066"  hits="1"  branch="false" />
			<line number="1067"  hits="2"  branch="false" />
			<line number="1070"  hits="1"  branch="false" />
			<line number="1071"  hits="1"  branch="false" />
			<line number="1074"  hits="1"  branch="false" />
			<line number="1075"  hits="1"  branch="false" />
			<line number="1104"  hits="1"  branch="false" />
			<line number="1105"  hits="0"  branch="true"  condition-coverage="0% (0/2)" />
			<line number="1106"  hits="0"  branch="false" />
			<line number="1112"  hits="1"  branch="false" />
			<line number="1114"  hits="0"  branch="true"  condition-coverage="0% (0/2)" />
			<line number="1115"  hits="0"  branch="false" />
			<line number="1116"  hits="0"  branch="false" />
			<line number="1117"  hits="0"  branch="false" />
			<line number="1120"  hits="1"  branch="false" />
			<line number="1122"  hits="0"  branch="true"  condition-coverage="0% (0/2)" />
			<line number="1123"  hits="0"  branch="false" />
			<line number="1124"  hits="0"  branch="false" />
			<line number="1125"  hits="0"  branch="false" />
			<line number="1128"  hits="1"  branch="false" />
			<line number="1130"  hits="0"  branch="true"  condition-coverage="0% (0/2)" />
			<line number="1131"  hits="0"  branch="false" />
			<line number="1132"  hits="0"  branch="false" />
			<line number="1133"  hits="0"  branch="false" />
			<line number="1136"  hits="1"  branch="false" />
			<line number="1138"  hits="0"  branch="true"  condition-coverage="0% (0/2)" />
			<line number="1139"  hits="0"  branch="false" />
			<line number="1140"  hits="0"  branch="false" />
			<line number="1141"  hits="0"  branch="false" />
			<line number="1144"  hits="1"  branch="false" />
			<line number="1145"  hits="0"  branch="false" />
			<line number="1146"  hits="0"  branch="false" />
			<line number="1147"  hits="0"  branch="false" />
			<line number="1149"  hits="1"  branch="false" />
			<line number="1150"  hits="0"  branch="false" />
			<line number="1151"  hits="0"  branch="false" />
			<line number="1152"  hits="0"  branch="false" />
			<line number="1153"  hits="0"  branch="false" />
			<line number="1155"  hits="1"  branch="false" />
			<line number="1156"  hits="0"  branch="true"  condition-coverage="0% (0/2)" />
			<line number="1157"  hits="0"  branch="false" />
			<line number="1158"  hits="0"  branch="true"  condition-coverage="0% (0/2)" />
			<line number="1159"  hits="0"  branch="false" />
			<line number="1160"  hits="0"  branch="false" />
			<line number="1161"  hits="0"  branch="false" />
			<line number="1162"  hits="0"  branch="false" />
			<line number="1163"  hits="0"  branch="false" />
			<line number="1164"  hits="0"  branch="true"  condition-coverage="0% (0/4)" />
			<line number="1165"  hits="0"  branch="false" />
			<line number="1166"  hits="0"  branch="false" />
			<line number="1168"  hits="0"  branch="true"  condition-coverage="0% (0/2)" />
			<line number="1169"  hits="0"  branch="false" />
			<line number="1170"  hits="0"  branch="false" />
			<line number="1171"  hits="0"  branch="false" />
			<line number="1172"  hits="0"  branch="false" />
			<line number="1173"  hits="0"  branch="false" />
			<line number="1174"  hits="0"  branch="true"  condition-coverage="0% (0/4)" />
			<line number="1175"  hits="0"  branch="false" />
			<line number="1176"  hits="0"  branch="false" />
			<line number="1178"  hits="0"  branch="true"  condition-coverage="0% (0/2)" />
			<line number="1179"  hits="0"  branch="false" />
			<line number="1180"  hits="0"  branch="false" />
			<line number="1181"  hits="0"  branch="false" />
			<line number="1182"  hits="0"  branch="false" />
			<line number="1183"  hits="0"  branch="false" />
			<line number="1184"  hits="0"  branch="true"  condition-coverage="0% (0/4)" />
			<line number="1185"  hits="0"  branch="false" />
			<line number="1186"  hits="0"  branch="false" />
			<line number="1188"  hits="0"  branch="true"  condition-coverage="0% (0/2)" />
			<line number="1189"  hits="0"  branch="false" />
			<line number="1190"  hits="0"  branch="false" />
			<line number="1191"  hits="0"  branch="false" />
			<line number="1192"  hits="0"  branch="false" />
			<line number="1193"  hits="0"  branch="false" />
			<line number="1194"  hits="0"  branch="true"  condition-coverage="0% (0/4)" />
			<line number="1195"  hits="0"  branch="false" />
			<line number="1196"  hits="0"  branch="false" />
			<line number="1199"  hits="0"  branch="false" />
			<line number="1208"  hits="1"  branch="false" />
			<line number="1209"  hits="0"  branch="false" />
			<line number="1210"  hits="0"  branch="false" />
			<line number="1211"  hits="0"  branch="false" />
			<line number="1213"  hits="0"  branch="false" />
			<line number="1218"  hits="0"  branch="false" />
			<line number="1223"  hits="0"  branch="false" />
			<line number="1227"  hits="0"  branch="false" />
			<line number="1231"  hits="0"  branch="false" />
			<line number="1237"  hits="0"  branch="true"  condition-coverage="0% (0/4)" />
			<line number="1238"  hits="0"  branch="false" />
			<line number="1242"  hits="0"  branch="false" />
			<line number="1252"  hits="1"  branch="false" />
			<line number="1253"  hits="0"  branch="false" />
			<line number="1254"  hits="0"  branch="false" />
			<line number="1255"  hits="0"  branch="false" />
			<line number="1257"  hits="0"  branch="false" />
			<line number="1262"  hits="0"  branch="false" />
			<line number="1267"  hits="0"  branch="false" />
			<line number="1271"  hits="0"  branch="false" />
			<line number="1275"  hits="0"  branch="false" />
			<line number="1280"  hits="0"  branch="true"  condition-coverage="0% (0/4)" />
			<line number="1281"  hits="0"  branch="false" />
			<line number="1285"  hits="0"  branch="false" />
			<line number="1294"  hits="1"  branch="false" />
			<line number="1297"  hits="0"  branch="false" />
			<line number="1298"  hits="0"  branch="false" />
			<line number="1299"  hits="0"  branch="false" />
			<line number="1300"  hits="0"  branch="false" />
			<line number="1302"  hits="0"  branch="false" />
			<line number="1307"  hits="0"  branch="false" />
			<line number="1312"  hits="0"  branch="false" />
			<line number="1316"  hits="0"  branch="false" />
			<line number="1320"  hits="0"  branch="false" />
			<line number="1325"  hits="0"  branch="true"  condition-coverage="0% (0/4)" />
			<line number="1326"  hits="0"  branch="false" />
			<line number="1330"  hits="0"  branch="false" />
			<line number="1348"  hits="1"  branch="false" />
			<line number="1349"  hits="0"  branch="true"  condition-coverage="0% (0/2)" />
			<line number="1350"  hits="0"  branch="false" />
			<line number="1355"  hits="0"  branch="false" />
			<line number="1360"  hits="0"  branch="false" />
			<line number="1365"  hits="0"  branch="false" />
			<line number="1370"  hits="0"  branch="false" />
			<line number="1371"  hits="0"  branch="false" />
			<line number="1372"  hits="0"  branch="false" />
			<line number="1373"  hits="0"  branch="false" />
			<line number="1375"  hits="0"  branch="false" />
			<line number="1380"  hits="0"  branch="false" />
			<line number="1385"  hits="0"  branch="false" />
			<line number="1390"  hits="0"  branch="false" />
			<line number="1395"  hits="0"  branch="false" />
			<line number="1396"  hits="0"  branch="false" />
			<line number="1397"  hits="0"  branch="false" />
			<line number="1398"  hits="0"  branch="false" />
			<line number="1402"  hits="1"  branch="false" />
			<line number="1403"  hits="0"  branch="true"  condition-coverage="0% (0/2)" />
			<line number="1404"  hits="0"  branch="false" />
			<line number="1408"  hits="0"  branch="false" />
			<line number="1412"  hits="0"  branch="false" />
			<line number="1416"  hits="0"  branch="false" />
			<line number="1421"  hits="0"  branch="false" />
			<line number="1426"  hits="0"  branch="false" />
			<line number="1431"  hits="0"  branch="false" />
			<line number="1436"  hits="0"  branch="false" />
			<line number="1444"  hits="1"  branch="false" />
			<line number="1445"  hits="0"  branch="false" />
			<line number="1456"  hits="0"  branch="false" />
			<line number="1457"  hits="0"  branch="false" />
			<line number="1458"  hits="0"  branch="false" />
			<line number="1460"  hits="0"  branch="false" />
			<line number="1461"  hits="0"  branch="false" />
			<line number="1463"  hits="0"  branch="false" />
			<line number="1465"  hits="0"  branch="false" />
			<line number="1466"  hits="0"  branch="false" />
			<line number="1469"  hits="0"  branch="false" />
			<line number="1470"  hits="0"  branch="false" />
			<line number="1471"  hits="0"  branch="false" />
			<line number="1472"  hits="0"  branch="false" />
			<line number="1475"  hits="0"  branch="false" />
			<line number="1476"  hits="0"  branch="false" />
			<line number="1479"  hits="0"  branch="false" />
			<line number="1486"  hits="1"  branch="false" />
			<line number="1487"  hits="0"  branch="false" />
			<line number="1498"  hits="0"  branch="false" />
			<line number="1499"  hits="0"  branch="false" />
			<line number="1500"  hits="0"  branch="false" />
			<line number="1502"  hits="0"  branch="false" />
			<line number="1503"  hits="0"  branch="false" />
			<line number="1505"  hits="0"  branch="false" />
			<line number="1507"  hits="0"  branch="false" />
			<line number="1508"  hits="0"  branch="false" />
			<line number="1511"  hits="0"  branch="false" />
			<line number="1512"  hits="0"  branch="false" />
			<line number="1513"  hits="0"  branch="false" />
			<line number="1514"  hits="0"  branch="false" />
			<line number="1517"  hits="0"  branch="false" />
			<line number="1518"  hits="0"  branch="false" />
			<line number="1521"  hits="0"  branch="false" />
			<line number="1526"  hits="1"  branch="false" />
			<line number="1527"  hits="0"  branch="false" />
			<line number="1538"  hits="0"  branch="false" />
			<line number="1539"  hits="0"  branch="false" />
			<line number="1540"  hits="0"  branch="false" />
			<line number="1542"  hits="0"  branch="false" />
			<line number="1543"  hits="0"  branch="false" />
			<line number="1545"  hits="0"  branch="false" />
			<line number="1547"  hits="0"  branch="false" />
			<line number="1548"  hits="0"  branch="false" />
			<line number="1551"  hits="0"  branch="false" />
			<line number="1552"  hits="0"  branch="false" />
			<line number="1553"  hits="0"  branch="false" />
			<line number="1554"  hits="0"  branch="false" />
			<line number="1557"  hits="0"  branch="false" />
			<line number="1558"  hits="0"  branch="false" />
			<line number="1561"  hits="0"  branch="false" />
			<line number="1566"  hits="1"  branch="false" />
			<line number="1567"  hits="0"  branch="false" />
			<line number="1578"  hits="0"  branch="false" />
			<line number="1579"  hits="0"  branch="false" />
			<line number="1580"  hits="0"  branch="false" />
			<line number="1582"  hits="0"  branch="false" />
			<line number="1583"  hits="0"  branch="false" />
			<line number="1585"  hits="0"  branch="false" />
			<line number="1587"  hits="0"  branch="false" />
			<line number="1588"  hits="0"  branch="false" />
			<line number="1591"  hits="0"  branch="false" />
			<line number="1592"  hits="0"  branch="false" />
			<line number="1593"  hits="0"  branch="false" />
			<line number="1594"  hits="0"  branch="false" />
			<line number="1597"  hits="0"  branch="false" />
			<line number="1598"  hits="0"  branch="false" />
			<line number="1601"  hits="0"  branch="false" />
			<line number="1606"  hits="1"  branch="false" />
			<line number="1607"  hits="0"  branch="false" />
			<line number="1618"  hits="0"  branch="false" />
			<line number="1619"  hits="0"  branch="false" />
			<line number="1620"  hits="0"  branch="false" />
			<line number="1622"  hits="0"  branch="false" />
			<line number="1623"  hits="0"  branch="false" />
			<line number="1625"  hits="0"  branch="false" />
			<line number="1627"  hits="0"  branch="false" />
			<line number="1628"  hits="0"  branch="false" />
			<line number="1631"  hits="0"  branch="false" />
			<line number="1632"  hits="0"  branch="false" />
			<line number="1633"  hits="0"  branch="false" />
			<line number="1634"  hits="0"  branch="false" />
			<line number="1637"  hits="0"  branch="false" />
			<line number="1638"  hits="0"  branch="false" />
			<line number="1641"  hits="0"  branch="false" />
			<line number="1646"  hits="1"  branch="false" />
			<line number="1647"  hits="0"  branch="false" />
			<line number="1658"  hits="0"  branch="false" />
			<line number="1659"  hits="0"  branch="false" />
			<line number="1660"  hits="0"  branch="false" />
			<line number="1662"  hits="0"  branch="false" />
			<line number="1663"  hits="0"  branch="false" />
			<line number="1665"  hits="0"  branch="false" />
			<line number="1667"  hits="0"  branch="false" />
			<line number="1668"  hits="0"  branch="false" />
			<line number="1671"  hits="0"  branch="false" />
			<line number="1672"  hits="0"  branch="false" />
			<line number="1673"  hits="0"  branch="false" />
			<line number="1674"  hits="0"  branch="false" />
			<line number="1677"  hits="0"  branch="false" />
			<line number="1678"  hits="0"  branch="false" />
			<line number="1681"  hits="0"  branch="false" />
			<line number="1686"  hits="1"  branch="false" />
			<line number="1687"  hits="0"  branch="false" />
			<line number="1698"  hits="0"  branch="false" />
			<line number="1699"  hits="0"  branch="false" />
			<line number="1700"  hits="0"  branch="false" />
			<line number="1702"  hits="0"  branch="false" />
			<line number="1703"  hits="0"  branch="false" />
			<line number="1705"  hits="0"  branch="false" />
			<line number="1707"  hits="0"  branch="false" />
			<line number="1708"  hits="0"  branch="false" />
			<line number="1711"  hits="0"  branch="false" />
			<line number="1712"  hits="0"  branch="false" />
			<line number="1713"  hits="0"  branch="false" />
			<line number="1714"  hits="0"  branch="false" />
			<line number="1717"  hits="0"  branch="false" />
			<line number="1718"  hits="0"  branch="false" />
			<line number="1721"  hits="0"  branch="false" />
			<line number="1728"  hits="1"  branch="false" />
			<line number="1729"  hits="0"  branch="false" />
			<line number="1740"  hits="0"  branch="false" />
			<line number="1741"  hits="0"  branch="false" />
			<line number="1742"  hits="0"  branch="false" />
			<line number="1744"  hits="0"  branch="false" />
			<line number="1745"  hits="0"  branch="false" />
			<line number="1747"  hits="0"  branch="false" />
			<line number="1749"  hits="0"  branch="false" />
			<line number="1750"  hits="0"  branch="false" />
			<line number="1753"  hits="0"  branch="false" />
			<line number="1754"  hits="0"  branch="false" />
			<line number="1755"  hits="0"  branch="false" />
			<line number="1756"  hits="0"  branch="false" />
			<line number="1759"  hits="0"  branch="false" />
			<line number="1760"  hits="0"  branch="false" />
			<line number="1763"  hits="0"  branch="false" />
			<line number="1768"  hits="1"  branch="false" />
			<line number="1769"  hits="0"  branch="false" />
			<line number="1780"  hits="0"  branch="false" />
			<line number="1781"  hits="0"  branch="false" />
			<line number="1782"  hits="0"  branch="false" />
			<line number="1784"  hits="0"  branch="false" />
			<line number="1785"  hits="0"  branch="false" />
			<line number="1787"  hits="0"  branch="false" />
			<line number="1789"  hits="0"  branch="false" />
			<line number="1790"  hits="0"  branch="false" />
			<line number="1793"  hits="0"  branch="false" />
			<line number="1794"  hits="0"  branch="false" />
			<line number="1795"  hits="0"  branch="false" />
			<line number="1796"  hits="0"  branch="false" />
			<line number="1799"  hits="0"  branch="false" />
			<line number="1800"  hits="0"  branch="false" />
			<line number="1803"  hits="0"  branch="false" />
		</lines>
		</class>
		<class name="utilityfunctionsqmlab.js"  filename="src/Main/utilityfunctionsqmlab.js"  line-rate="0.3056"  branch-rate="0.16670000000000001" >
		<methods>
			<method name="(anonymous_1)"  hits="0"  signature="()V" >
				<lines><line number="1"  hits="0" /></lines>
			</method>
			<method name="compareArray"  hits="3"  signature="()V" >
				<lines><line number="12"  hits="3" /></lines>
			</method>
			<method name="smartRect"  hits="0"  signature="()V" >
				<lines><line number="26"  hits="0" /></lines>
			</method>
			<method name="getHighlightedItems"  hits="0"  signature="()V" >
				<lines><line number="48"  hits="0" /></lines>
			</method>
		</methods>
		<lines>
			<line number="1"  hits="1"  branch="false" />
			<line number="2"  hits="0"  branch="true"  condition-coverage="0% (0/4)" />
			<line number="3"  hits="0"  branch="true"  condition-coverage="0% (0/2)" />
			<line number="4"  hits="0"  branch="false" />
			<line number="5"  hits="0"  branch="true"  condition-coverage="0% (0/2)" />
			<line number="6"  hits="0"  branch="false" />
			<line number="8"  hits="0"  branch="false" />
			<line number="12"  hits="1"  branch="false" />
			<line number="13"  hits="3"  branch="true"  condition-coverage="100% (2/2)" />
			<line number="14"  hits="2"  branch="false" />
			<line number="15"  hits="2"  branch="false" />
			<line number="16"  hits="1"  branch="true"  condition-coverage="50% (1/2)" />
			<line number="17"  hits="1"  branch="false" />
			<line number="20"  hits="2"  branch="false" />
			<line number="22"  hits="1"  branch="false" />
			<line number="26"  hits="1"  branch="false" />
			<line number="27"  hits="0"  branch="false" />
			<line number="29"  hits="0"  branch="true"  condition-coverage="0% (0/2)" />
			<line number="30"  hits="0"  branch="false" />
			<line number="32"  hits="0"  branch="false" />
			<line number="34"  hits="0"  branch="false" />
			<line number="37"  hits="0"  branch="true"  condition-coverage="0% (0/2)" />
			<line number="38"  hits="0"  branch="false" />
			<line number="40"  hits="0"  branch="false" />
			<line number="42"  hits="0"  branch="false" />
			<line number="44"  hits="0"  branch="false" />
			<line number="48"  hits="1"  branch="false" />
			<line number="49"  hits="0"  branch="false" />
			<line number="50"  hits="0"  branch="false" />
			<line number="51"  hits="0"  branch="false" />
			<line number="53"  hits="0"  branch="false" />
			<line number="54"  hits="0"  branch="false" />
			<line number="55"  hits="0"  branch="false" />
			<line number="57"  hits="0"  branch="true"  condition-coverage="0% (0/2)" />
			<line number="58"  hits="0"  branch="false" />
			<line number="62"  hits="0"  branch="false" />
		</lines>
		</class>
	</classes>
	</package>
</packages>
</coverage>
