<?xml version="1.0" ?>
<!DOCTYPE coverage SYSTEM "http://cobertura.sourceforge.net/xml/coverage-04.dtd">
<coverage lines-valid="638"  lines-covered="390"  line-rate="0.6113000000000001"  branches-valid="165"  branches-covered="55"  branch-rate="0.3333"  timestamp="1458594855304" complexity="0" version="0.1">
<sources>
	<source>/Users/cooldued59/Git Projects/CMPT 371 QM-Lab</source>
</sources>
<packages>
	<package name="Main"  line-rate="0.6113000000000001"  branch-rate="0.3333" >
	<classes>
		<class name="checkcollaballowed.js"  filename="src/Main/checkcollaballowed.js"  line-rate="0.5"  branch-rate="1" >
		<methods>
			<method name="allowCollabRecording"  hits="0"  signature="()V" >
				<lines><line number="18"  hits="0" /></lines>
			</method>
			<method name="stopCollabRecording"  hits="0"  signature="()V" >
				<lines><line number="29"  hits="0" /></lines>
			</method>
			<method name="isCollabRecordingAllowed"  hits="0"  signature="()V" >
				<lines><line number="38"  hits="0" /></lines>
			</method>
		</methods>
		<lines>
			<line number="18"  hits="1"  branch="false" />
			<line number="19"  hits="0"  branch="false" />
			<line number="29"  hits="1"  branch="false" />
			<line number="30"  hits="0"  branch="false" />
			<line number="38"  hits="1"  branch="false" />
			<line number="39"  hits="0"  branch="false" />
		</lines>
		</class>
		<class name="collabobjectssetup.js"  filename="src/Main/collabobjectssetup.js"  line-rate="0.6897"  branch-rate="0.1429" >
		<methods>
			<method name="registerCollaborativeObjectTypes"  hits="1"  signature="()V" >
				<lines><line number="21"  hits="1" /></lines>
			</method>
			<method name="addCollabEventToCell"  hits="51"  signature="()V" >
				<lines><line number="49"  hits="51" /></lines>
			</method>
			<method name="(anonymous_3)"  hits="51"  signature="()V" >
				<lines><line number="50"  hits="51" /></lines>
			</method>
			<method name="(anonymous_4)"  hits="0"  signature="()V" >
				<lines><line number="51"  hits="0" /></lines>
			</method>
			<method name="CollaborativeGraph"  hits="0"  signature="()V" >
				<lines><line number="61"  hits="0" /></lines>
			</method>
			<method name="doGraphInitialize"  hits="0"  signature="()V" >
				<lines><line number="72"  hits="0" /></lines>
			</method>
			<method name="doGraphOnLoaded"  hits="1"  signature="()V" >
				<lines><line number="86"  hits="1" /></lines>
			</method>
			<method name="updateCollabGraph"  hits="37"  signature="()V" >
				<lines><line number="103"  hits="37" /></lines>
			</method>
			<method name="updateGraph"  hits="1"  signature="()V" >
				<lines><line number="125"  hits="1" /></lines>
			</method>
			<method name="(anonymous_10)"  hits="0"  signature="()V" >
				<lines><line number="128"  hits="0" /></lines>
			</method>
			<method name="CollaborativeCell"  hits="21"  signature="()V" >
				<lines><line number="141"  hits="21" /></lines>
			</method>
			<method name="doCellInitialize"  hits="21"  signature="()V" >
				<lines><line number="155"  hits="21" /></lines>
			</method>
			<method name="doCellOnLoaded"  hits="21"  signature="()V" >
				<lines><line number="176"  hits="21" /></lines>
			</method>
			<method name="(anonymous_14)"  hits="21"  signature="()V" >
				<lines><line number="178"  hits="21" /></lines>
			</method>
			<method name="(anonymous_15)"  hits="0"  signature="()V" >
				<lines><line number="179"  hits="0" /></lines>
			</method>
			<method name="updateCellByJSON"  hits="0"  signature="()V" >
				<lines><line number="199"  hits="0" /></lines>
			</method>
			<method name="updateCellByEventID"  hits="0"  signature="()V" >
				<lines><line number="236"  hits="0" /></lines>
			</method>
		</methods>
		<lines>
			<line number="21"  hits="1"  branch="false" />
			<line number="23"  hits="1"  branch="false" />
			<line number="24"  hits="1"  branch="false" />
			<line number="25"  hits="1"  branch="false" />
			<line number="26"  hits="1"  branch="false" />
			<line number="29"  hits="1"  branch="false" />
			<line number="30"  hits="1"  branch="false" />
			<line number="31"  hits="1"  branch="false" />
			<line number="32"  hits="1"  branch="false" />
			<line number="33"  hits="1"  branch="false" />
			<line number="49"  hits="1"  branch="false" />
			<line number="50"  hits="51"  branch="false" />
			<line number="51"  hits="51"  branch="false" />
			<line number="61"  hits="1"  branch="false" />
			<line number="72"  hits="1"  branch="false" />
			<line number="73"  hits="0"  branch="false" />
			<line number="74"  hits="0"  branch="false" />
			<line number="86"  hits="1"  branch="false" />
			<line number="88"  hits="1"  branch="false" />
			<line number="103"  hits="1"  branch="false" />
			<line number="104"  hits="37"  branch="true"  condition-coverage="100% (2/2)" />
			<line number="105"  hits="15"  branch="false" />
			<line number="106"  hits="15"  branch="false" />
			<line number="110"  hits="22"  branch="false" />
			<line number="125"  hits="1"  branch="false" />
			<line number="126"  hits="1"  branch="false" />
			<line number="128"  hits="1"  branch="false" />
			<line number="129"  hits="0"  branch="false" />
			<line number="132"  hits="1"  branch="false" />
			<line number="133"  hits="1"  branch="false" />
			<line number="141"  hits="1"  branch="false" />
			<line number="155"  hits="1"  branch="false" />
			<line number="156"  hits="21"  branch="false" />
			<line number="157"  hits="21"  branch="false" />
			<line number="158"  hits="21"  branch="false" />
			<line number="159"  hits="21"  branch="false" />
			<line number="176"  hits="1"  branch="false" />
			<line number="177"  hits="21"  branch="false" />
			<line number="178"  hits="21"  branch="false" />
			<line number="179"  hits="21"  branch="false" />
			<line number="181"  hits="21"  branch="false" />
			<line number="199"  hits="1"  branch="false" />
			<line number="202"  hits="0"  branch="false" />
			<line number="205"  hits="0"  branch="true"  condition-coverage="0% (0/2)" />
			<line number="206"  hits="0"  branch="false" />
			<line number="207"  hits="0"  branch="true"  condition-coverage="0% (0/2)" />
			<line number="208"  hits="0"  branch="false" />
			<line number="211"  hits="0"  branch="true"  condition-coverage="0% (0/2)" />
			<line number="212"  hits="0"  branch="true"  condition-coverage="0% (0/2)" />
			<line number="213"  hits="0"  branch="false" />
			<line number="216"  hits="0"  branch="true"  condition-coverage="0% (0/2)" />
			<line number="217"  hits="0"  branch="false" />
			<line number="218"  hits="0"  branch="false" />
			<line number="220"  hits="0"  branch="false" />
			<line number="236"  hits="1"  branch="false" />
			<line number="237"  hits="0"  branch="true"  condition-coverage="0% (0/2)" />
			<line number="238"  hits="0"  branch="false" />
			<line number="239"  hits="0"  branch="false" />
		</lines>
		</class>
		<class name="connectioncheck.js"  filename="src/Main/connectioncheck.js"  line-rate="0.15380000000000002"  branch-rate="0" >
		<methods>
			<method name="checkAndFreeze"  hits="0"  signature="()V" >
				<lines><line number="26"  hits="0" /></lines>
			</method>
			<method name="checkAndRestore"  hits="0"  signature="()V" >
				<lines><line number="58"  hits="0" /></lines>
			</method>
		</methods>
		<lines>
			<line number="26"  hits="1"  branch="false" />
			<line number="27"  hits="0"  branch="true"  condition-coverage="0% (0/2)" />
			<line number="28"  hits="0"  branch="false" />
			<line number="29"  hits="0"  branch="false" />
			<line number="30"  hits="0"  branch="false" />
			<line number="31"  hits="0"  branch="false" />
			<line number="58"  hits="1"  branch="false" />
			<line number="59"  hits="0"  branch="true"  condition-coverage="0% (0/2)" />
			<line number="60"  hits="0"  branch="false" />
			<line number="61"  hits="0"  branch="false" />
			<line number="62"  hits="0"  branch="false" />
			<line number="63"  hits="0"  branch="false" />
			<line number="64"  hits="0"  branch="false" />
		</lines>
		</class>
		<class name="createobjects.js"  filename="src/Main/createobjects.js"  line-rate="1"  branch-rate="1" >
		<methods>
			<method name="createCollabCell"  hits="36"  signature="()V" >
				<lines><line number="25"  hits="36" /></lines>
			</method>
			<method name="createStock"  hits="6"  signature="()V" >
				<lines><line number="39"  hits="6" /></lines>
			</method>
			<method name="createLink"  hits="9"  signature="()V" >
				<lines><line number="63"  hits="9" /></lines>
			</method>
			<method name="createImage"  hits="7"  signature="()V" >
				<lines><line number="90"  hits="7" /></lines>
			</method>
			<method name="createVariable"  hits="3"  signature="()V" >
				<lines><line number="129"  hits="3" /></lines>
			</method>
			<method name="createParameter"  hits="1"  signature="()V" >
				<lines><line number="151"  hits="1" /></lines>
			</method>
			<method name="createState"  hits="1"  signature="()V" >
				<lines><line number="177"  hits="1" /></lines>
			</method>
			<method name="createTerminalState"  hits="1"  signature="()V" >
				<lines><line number="203"  hits="1" /></lines>
			</method>
			<method name="createBranch"  hits="1"  signature="()V" >
				<lines><line number="228"  hits="1" /></lines>
			</method>
			<method name="createAgent"  hits="1"  signature="()V" >
				<lines><line number="252"  hits="1" /></lines>
			</method>
			<method name="createText"  hits="1"  signature="()V" >
				<lines><line number="278"  hits="1" /></lines>
			</method>
			<method name="createFlow"  hits="1"  signature="()V" >
				<lines><line number="311"  hits="1" /></lines>
			</method>
			<method name="setUpNewCell"  hits="36"  signature="()V" >
				<lines><line number="333"  hits="36" /></lines>
			</method>
		</methods>
		<lines>
			<line number="25"  hits="1"  branch="false" />
			<line number="26"  hits="36"  branch="false" />
			<line number="27"  hits="36"  branch="false" />
			<line number="28"  hits="36"  branch="false" />
			<line number="29"  hits="36"  branch="false" />
			<line number="39"  hits="1"  branch="false" />
			<line number="40"  hits="6"  branch="false" />
			<line number="48"  hits="6"  branch="false" />
			<line number="50"  hits="6"  branch="false" />
			<line number="51"  hits="6"  branch="false" />
			<line number="63"  hits="1"  branch="false" />
			<line number="64"  hits="9"  branch="false" />
			<line number="65"  hits="9"  branch="false" />
			<line number="67"  hits="9"  branch="false" />
			<line number="68"  hits="9"  branch="false" />
			<line number="90"  hits="1"  branch="false" />
			<line number="91"  hits="7"  branch="false" />
			<line number="100"  hits="7"  branch="true"  condition-coverage="100% (4/4)" />
			<line number="101"  hits="6"  branch="false" />
			<line number="103"  hits="7"  branch="true"  condition-coverage="100% (2/2)" />
			<line number="104"  hits="6"  branch="false" />
			<line number="107"  hits="1"  branch="false" />
			<line number="109"  hits="7"  branch="true"  condition-coverage="100% (2/2)" />
			<line number="110"  hits="6"  branch="false" />
			<line number="111"  hits="6"  branch="false" />
			<line number="113"  hits="1"  branch="false" />
			<line number="116"  hits="7"  branch="false" />
			<line number="117"  hits="7"  branch="false" />
			<line number="129"  hits="1"  branch="false" />
			<line number="130"  hits="3"  branch="false" />
			<line number="135"  hits="3"  branch="false" />
			<line number="137"  hits="3"  branch="false" />
			<line number="138"  hits="3"  branch="false" />
			<line number="151"  hits="1"  branch="false" />
			<line number="152"  hits="1"  branch="false" />
			<line number="160"  hits="1"  branch="false" />
			<line number="162"  hits="1"  branch="false" />
			<line number="163"  hits="1"  branch="false" />
			<line number="177"  hits="1"  branch="false" />
			<line number="178"  hits="1"  branch="false" />
			<line number="186"  hits="1"  branch="false" />
			<line number="188"  hits="1"  branch="false" />
			<line number="189"  hits="1"  branch="false" />
			<line number="203"  hits="1"  branch="false" />
			<line number="204"  hits="1"  branch="false" />
			<line number="212"  hits="1"  branch="false" />
			<line number="214"  hits="1"  branch="false" />
			<line number="215"  hits="1"  branch="false" />
			<line number="228"  hits="1"  branch="false" />
			<line number="229"  hits="1"  branch="false" />
			<line number="237"  hits="1"  branch="false" />
			<line number="239"  hits="1"  branch="false" />
			<line number="240"  hits="1"  branch="false" />
			<line number="252"  hits="1"  branch="false" />
			<line number="253"  hits="1"  branch="false" />
			<line number="262"  hits="1"  branch="false" />
			<line number="263"  hits="1"  branch="false" />
			<line number="264"  hits="1"  branch="false" />
			<line number="265"  hits="1"  branch="false" />
			<line number="266"  hits="1"  branch="false" />
			<line number="278"  hits="1"  branch="false" />
			<line number="279"  hits="1"  branch="false" />
			<line number="288"  hits="1"  branch="false" />
			<line number="289"  hits="1"  branch="false" />
			<line number="290"  hits="1"  branch="false" />
			<line number="291"  hits="1"  branch="false" />
			<line number="292"  hits="1"  branch="false" />
			<line number="311"  hits="1"  branch="false" />
			<line number="312"  hits="1"  branch="false" />
			<line number="313"  hits="1"  branch="false" />
			<line number="315"  hits="1"  branch="false" />
			<line number="316"  hits="1"  branch="false" />
			<line number="333"  hits="1"  branch="false" />
			<line number="334"  hits="36"  branch="false" />
			<line number="335"  hits="36"  branch="false" />
			<line number="336"  hits="36"  branch="false" />
			<line number="337"  hits="36"  branch="false" />
			<line number="339"  hits="36"  branch="false" />
			<line number="340"  hits="36"  branch="false" />
			<line number="341"  hits="36"  branch="false" />
		</lines>
		</class>
		<class name="displayData.js"  filename="src/Main/displayData.js"  line-rate="1"  branch-rate="1" >
		<methods>
		</methods>
		<lines>
			<line number="2"  hits="1"  branch="false" />
			<line number="15"  hits="1"  branch="false" />
		</lines>
		</class>
		<class name="elementPropAlter.js"  filename="src/Main/elementPropAlter.js"  line-rate="0.125"  branch-rate="0" >
		<methods>
			<method name="updateProperties"  hits="0"  signature="()V" >
				<lines><line number="17"  hits="0" /></lines>
			</method>
			<method name="setPropertyDisplayValues"  hits="0"  signature="()V" >
				<lines><line number="50"  hits="0" /></lines>
			</method>
		</methods>
		<lines>
			<line number="7"  hits="1"  branch="false" />
			<line number="9"  hits="1"  branch="false" />
			<line number="17"  hits="1"  branch="false" />
			<line number="18"  hits="0"  branch="false" />
			<line number="19"  hits="0"  branch="false" />
			<line number="21"  hits="0"  branch="false" />
			<line number="22"  hits="0"  branch="false" />
			<line number="23"  hits="0"  branch="false" />
			<line number="24"  hits="0"  branch="false" />
			<line number="25"  hits="0"  branch="false" />
			<line number="26"  hits="0"  branch="false" />
			<line number="27"  hits="0"  branch="false" />
			<line number="30"  hits="0"  branch="true"  condition-coverage="0% (0/2)" />
			<line number="31"  hits="0"  branch="false" />
			<line number="32"  hits="0"  branch="false" />
			<line number="33"  hits="0"  branch="false" />
			<line number="34"  hits="0"  branch="false" />
			<line number="35"  hits="0"  branch="false" />
			<line number="36"  hits="0"  branch="false" />
			<line number="37"  hits="0"  branch="true"  condition-coverage="0% (0/4)" />
			<line number="38"  hits="0"  branch="false" />
			<line number="42"  hits="0"  branch="false" />
			<line number="50"  hits="1"  branch="false" />
			<line number="52"  hits="0"  branch="false" />
			<line number="53"  hits="0"  branch="false" />
			<line number="54"  hits="0"  branch="false" />
			<line number="55"  hits="0"  branch="false" />
			<line number="56"  hits="0"  branch="false" />
			<line number="57"  hits="0"  branch="false" />
			<line number="58"  hits="0"  branch="false" />
			<line number="59"  hits="0"  branch="false" />
			<line number="60"  hits="0"  branch="false" />
		</lines>
		</class>
		<class name="genUI.js"  filename="src/Main/genUI.js"  line-rate="0.15710000000000002"  branch-rate="0" >
		<methods>
			<method name="QM_LabUI"  hits="1"  signature="()V" >
				<lines><line number="8"  hits="1" /></lines>
			</method>
			<method name="(anonymous_2)"  hits="0"  signature="()V" >
				<lines><line number="17"  hits="0" /></lines>
			</method>
			<method name="(anonymous_3)"  hits="0"  signature="()V" >
				<lines><line number="68"  hits="0" /></lines>
			</method>
			<method name="(anonymous_4)"  hits="0"  signature="()V" >
				<lines><line number="77"  hits="0" /></lines>
			</method>
			<method name="(anonymous_5)"  hits="1"  signature="()V" >
				<lines><line number="89"  hits="1" /></lines>
			</method>
			<method name="(anonymous_6)"  hits="1"  signature="()V" >
				<lines><line number="99"  hits="1" /></lines>
			</method>
			<method name="(anonymous_7)"  hits="0"  signature="()V" >
				<lines><line number="116"  hits="0" /></lines>
			</method>
			<method name="(anonymous_8)"  hits="0"  signature="()V" >
				<lines><line number="120"  hits="0" /></lines>
			</method>
			<method name="download"  hits="0"  signature="()V" >
				<lines><line number="121"  hits="0" /></lines>
			</method>
			<method name="(anonymous_10)"  hits="0"  signature="()V" >
				<lines><line number="130"  hits="0" /></lines>
			</method>
			<method name="(anonymous_11)"  hits="0"  signature="()V" >
				<lines><line number="134"  hits="0" /></lines>
			</method>
			<method name="(anonymous_12)"  hits="0"  signature="()V" >
				<lines><line number="138"  hits="0" /></lines>
			</method>
			<method name="(anonymous_13)"  hits="0"  signature="()V" >
				<lines><line number="146"  hits="0" /></lines>
			</method>
			<method name="(anonymous_14)"  hits="0"  signature="()V" >
				<lines><line number="168"  hits="0" /></lines>
			</method>
			<method name="(anonymous_15)"  hits="0"  signature="()V" >
				<lines><line number="175"  hits="0" /></lines>
			</method>
			<method name="(anonymous_16)"  hits="0"  signature="()V" >
				<lines><line number="183"  hits="0" /></lines>
			</method>
			<method name="(anonymous_17)"  hits="0"  signature="()V" >
				<lines><line number="190"  hits="0" /></lines>
			</method>
			<method name="(anonymous_18)"  hits="0"  signature="()V" >
				<lines><line number="197"  hits="0" /></lines>
			</method>
			<method name="(anonymous_19)"  hits="0"  signature="()V" >
				<lines><line number="205"  hits="0" /></lines>
			</method>
			<method name="(anonymous_20)"  hits="0"  signature="()V" >
				<lines><line number="212"  hits="0" /></lines>
			</method>
			<method name="(anonymous_21)"  hits="0"  signature="()V" >
				<lines><line number="225"  hits="0" /></lines>
			</method>
		</methods>
		<lines>
			<line number="5"  hits="1"  branch="false" />
			<line number="8"  hits="1"  branch="false" />
			<line number="9"  hits="1"  branch="false" />
			<line number="17"  hits="1"  branch="false" />
			<line number="18"  hits="0"  branch="false" />
			<line number="68"  hits="0"  branch="false" />
			<line number="69"  hits="0"  branch="false" />
			<line number="70"  hits="0"  branch="false" />
			<line number="71"  hits="0"  branch="false" />
			<line number="77"  hits="0"  branch="false" />
			<line number="78"  hits="0"  branch="false" />
			<line number="79"  hits="0"  branch="false" />
			<line number="80"  hits="0"  branch="false" />
			<line number="89"  hits="1"  branch="false" />
			<line number="90"  hits="1"  branch="false" />
			<line number="91"  hits="0"  branch="false" />
			<line number="92"  hits="0"  branch="false" />
			<line number="99"  hits="1"  branch="false" />
			<line number="100"  hits="1"  branch="false" />
			<line number="116"  hits="0"  branch="false" />
			<line number="117"  hits="0"  branch="false" />
			<line number="120"  hits="0"  branch="false" />
			<line number="121"  hits="1"  branch="false" />
			<line number="122"  hits="0"  branch="false" />
			<line number="123"  hits="0"  branch="false" />
			<line number="124"  hits="0"  branch="false" />
			<line number="127"  hits="0"  branch="false" />
			<line number="130"  hits="0"  branch="false" />
			<line number="131"  hits="0"  branch="false" />
			<line number="134"  hits="0"  branch="false" />
			<line number="136"  hits="0"  branch="false" />
			<line number="137"  hits="0"  branch="false" />
			<line number="138"  hits="0"  branch="false" />
			<line number="139"  hits="0"  branch="false" />
			<line number="140"  hits="0"  branch="false" />
			<line number="142"  hits="0"  branch="false" />
			<line number="146"  hits="1"  branch="false" />
			<line number="147"  hits="0"  branch="false" />
			<line number="158"  hits="0"  branch="false" />
			<line number="168"  hits="0"  branch="false" />
			<line number="169"  hits="0"  branch="true"  condition-coverage="0% (0/2)" />
			<line number="170"  hits="0"  branch="false" />
			<line number="171"  hits="0"  branch="false" />
			<line number="175"  hits="0"  branch="false" />
			<line number="176"  hits="0"  branch="true"  condition-coverage="0% (0/2)" />
			<line number="177"  hits="0"  branch="false" />
			<line number="178"  hits="0"  branch="false" />
			<line number="183"  hits="0"  branch="false" />
			<line number="184"  hits="0"  branch="true"  condition-coverage="0% (0/2)" />
			<line number="185"  hits="0"  branch="false" />
			<line number="186"  hits="0"  branch="false" />
			<line number="190"  hits="0"  branch="false" />
			<line number="191"  hits="0"  branch="true"  condition-coverage="0% (0/2)" />
			<line number="192"  hits="0"  branch="false" />
			<line number="193"  hits="0"  branch="false" />
			<line number="197"  hits="0"  branch="false" />
			<line number="198"  hits="0"  branch="true"  condition-coverage="0% (0/2)" />
			<line number="199"  hits="0"  branch="false" />
			<line number="200"  hits="0"  branch="false" />
			<line number="205"  hits="0"  branch="false" />
			<line number="206"  hits="0"  branch="true"  condition-coverage="0% (0/2)" />
			<line number="207"  hits="0"  branch="false" />
			<line number="208"  hits="0"  branch="false" />
			<line number="212"  hits="0"  branch="false" />
			<line number="213"  hits="0"  branch="true"  condition-coverage="0% (0/2)" />
			<line number="214"  hits="0"  branch="false" />
			<line number="215"  hits="0"  branch="false" />
			<line number="225"  hits="1"  branch="false" />
			<line number="226"  hits="0"  branch="false" />
			<line number="227"  hits="0"  branch="false" />
		</lines>
		</class>
		<class name="initialzediagram.js"  filename="src/Main/initialzediagram.js"  line-rate="0.2339"  branch-rate="0" >
		<methods>
			<method name="initializeGraph"  hits="2"  signature="()V" >
				<lines><line number="18"  hits="2" /></lines>
			</method>
			<method name="initializePrintGraph"  hits="2"  signature="()V" >
				<lines><line number="30"  hits="2" /></lines>
			</method>
			<method name="updatePrintGraph"  hits="1"  signature="()V" >
				<lines><line number="41"  hits="1" /></lines>
			</method>
			<method name="stopPanning"  hits="0"  signature="()V" >
				<lines><line number="47"  hits="0" /></lines>
			</method>
			<method name="initializePaper"  hits="0"  signature="()V" >
				<lines><line number="61"  hits="0" /></lines>
			</method>
			<method name="(anonymous_6)"  hits="0"  signature="()V" >
				<lines><line number="89"  hits="0" /></lines>
			</method>
			<method name="initializePrintPaper"  hits="1"  signature="()V" >
				<lines><line number="107"  hits="1" /></lines>
			</method>
			<method name="paperZoom"  hits="0"  signature="()V" >
				<lines><line number="131"  hits="0" /></lines>
			</method>
			<method name="removePaperInteraction"  hits="0"  signature="()V" >
				<lines><line number="165"  hits="0" /></lines>
			</method>
			<method name="restorePaperInteraction"  hits="0"  signature="()V" >
				<lines><line number="176"  hits="0" /></lines>
			</method>
			<method name="resizePaper"  hits="0"  signature="()V" >
				<lines><line number="180"  hits="0" /></lines>
			</method>
			<method name="resizePrintPaper"  hits="0"  signature="()V" >
				<lines><line number="195"  hits="0" /></lines>
			</method>
			<method name="shrinkPrintPaper"  hits="0"  signature="()V" >
				<lines><line number="213"  hits="0" /></lines>
			</method>
			<method name="paperEmptySelectionPressed"  hits="0"  signature="()V" >
				<lines><line number="235"  hits="0" /></lines>
			</method>
			<method name="paperOnMouseUp"  hits="0"  signature="()V" >
				<lines><line number="256"  hits="0" /></lines>
			</method>
			<method name="selectClickedCell"  hits="0"  signature="()V" >
				<lines><line number="304"  hits="0" /></lines>
			</method>
			<method name="deselectCell"  hits="0"  signature="()V" >
				<lines><line number="310"  hits="0" /></lines>
			</method>
			<method name="handleKeyInput"  hits="0"  signature="()V" >
				<lines><line number="332"  hits="0" /></lines>
			</method>
			<method name="deleteSelectedCell"  hits="0"  signature="()V" >
				<lines><line number="353"  hits="0" /></lines>
			</method>
			<method name="handleMouseMove"  hits="0"  signature="()V" >
				<lines><line number="377"  hits="0" /></lines>
			</method>
			<method name="moveViewPort"  hits="0"  signature="()V" >
				<lines><line number="396"  hits="0" /></lines>
			</method>
			<method name="updateMousePos"  hits="0"  signature="()V" >
				<lines><line number="417"  hits="0" /></lines>
			</method>
		</methods>
		<lines>
			<line number="18"  hits="1"  branch="false" />
			<line number="19"  hits="2"  branch="false" />
			<line number="20"  hits="2"  branch="false" />
			<line number="30"  hits="1"  branch="false" />
			<line number="31"  hits="2"  branch="false" />
			<line number="32"  hits="2"  branch="false" />
			<line number="33"  hits="2"  branch="false" />
			<line number="41"  hits="1"  branch="false" />
			<line number="42"  hits="1"  branch="false" />
			<line number="47"  hits="1"  branch="false" />
			<line number="48"  hits="0"  branch="false" />
			<line number="61"  hits="1"  branch="false" />
			<line number="62"  hits="0"  branch="false" />
			<line number="70"  hits="0"  branch="false" />
			<line number="72"  hits="0"  branch="false" />
			<line number="73"  hits="0"  branch="false" />
			<line number="74"  hits="0"  branch="false" />
			<line number="75"  hits="0"  branch="false" />
			<line number="76"  hits="0"  branch="false" />
			<line number="77"  hits="0"  branch="false" />
			<line number="81"  hits="0"  branch="false" />
			<line number="82"  hits="0"  branch="false" />
			<line number="85"  hits="0"  branch="false" />
			<line number="86"  hits="0"  branch="false" />
			<line number="87"  hits="0"  branch="false" />
			<line number="89"  hits="0"  branch="false" />
			<line number="90"  hits="0"  branch="true"  condition-coverage="0% (0/2)" />
			<line number="91"  hits="0"  branch="false" />
			<line number="92"  hits="0"  branch="false" />
			<line number="107"  hits="1"  branch="false" />
			<line number="110"  hits="1"  branch="false" />
			<line number="118"  hits="1"  branch="false" />
			<line number="131"  hits="1"  branch="false" />
			<line number="134"  hits="0"  branch="false" />
			<line number="137"  hits="0"  branch="true"  condition-coverage="0% (0/3)" />
			<line number="139"  hits="0"  branch="true"  condition-coverage="0% (0/2)" />
			<line number="140"  hits="0"  branch="false" />
			<line number="143"  hits="0"  branch="true"  condition-coverage="0% (0/2)" />
			<line number="144"  hits="0"  branch="false" />
			<line number="148"  hits="0"  branch="false" />
			<line number="151"  hits="0"  branch="false" />
			<line number="152"  hits="0"  branch="false" />
			<line number="153"  hits="0"  branch="false" />
			<line number="157"  hits="0"  branch="false" />
			<line number="165"  hits="1"  branch="false" />
			<line number="166"  hits="0"  branch="false" />
			<line number="167"  hits="0"  branch="false" />
			<line number="176"  hits="1"  branch="false" />
			<line number="177"  hits="0"  branch="false" />
			<line number="180"  hits="1"  branch="false" />
			<line number="181"  hits="0"  branch="false" />
			<line number="182"  hits="0"  branch="false" />
			<line number="183"  hits="0"  branch="true"  condition-coverage="0% (0/2)" />
			<line number="184"  hits="0"  branch="false" />
			<line number="186"  hits="0"  branch="false" />
			<line number="195"  hits="1"  branch="false" />
			<line number="197"  hits="0"  branch="false" />
			<line number="198"  hits="0"  branch="false" />
			<line number="199"  hits="0"  branch="false" />
			<line number="200"  hits="0"  branch="false" />
			<line number="213"  hits="1"  branch="false" />
			<line number="215"  hits="0"  branch="false" />
			<line number="216"  hits="0"  branch="false" />
			<line number="217"  hits="0"  branch="false" />
			<line number="235"  hits="1"  branch="false" />
			<line number="236"  hits="0"  branch="false" />
			<line number="237"  hits="0"  branch="false" />
			<line number="256"  hits="1"  branch="false" />
			<line number="257"  hits="0"  branch="false" />
			<line number="259"  hits="0"  branch="true"  condition-coverage="0% (0/2)" />
			<line number="260"  hits="0"  branch="false" />
			<line number="262"  hits="0"  branch="true"  condition-coverage="0% (0/2)" />
			<line number="263"  hits="0"  branch="false" />
			<line number="265"  hits="0"  branch="true"  condition-coverage="0% (0/2)" />
			<line number="266"  hits="0"  branch="false" />
			<line number="268"  hits="0"  branch="true"  condition-coverage="0% (0/2)" />
			<line number="269"  hits="0"  branch="false" />
			<line number="271"  hits="0"  branch="true"  condition-coverage="0% (0/2)" />
			<line number="272"  hits="0"  branch="false" />
			<line number="274"  hits="0"  branch="true"  condition-coverage="0% (0/2)" />
			<line number="275"  hits="0"  branch="false" />
			<line number="277"  hits="0"  branch="true"  condition-coverage="0% (0/2)" />
			<line number="278"  hits="0"  branch="false" />
			<line number="280"  hits="0"  branch="true"  condition-coverage="0% (0/2)" />
			<line number="281"  hits="0"  branch="false" />
			<line number="283"  hits="0"  branch="true"  condition-coverage="0% (0/2)" />
			<line number="284"  hits="0"  branch="false" />
			<line number="286"  hits="0"  branch="true"  condition-coverage="0% (0/2)" />
			<line number="287"  hits="0"  branch="false" />
			<line number="289"  hits="0"  branch="true"  condition-coverage="0% (0/2)" />
			<line number="290"  hits="0"  branch="false" />
			<line number="292"  hits="0"  branch="true"  condition-coverage="0% (0/2)" />
			<line number="293"  hits="0"  branch="false" />
			<line number="295"  hits="0"  branch="false" />
			<line number="298"  hits="0"  branch="false" />
			<line number="299"  hits="0"  branch="false" />
			<line number="300"  hits="0"  branch="false" />
			<line number="304"  hits="1"  branch="false" />
			<line number="305"  hits="0"  branch="false" />
			<line number="306"  hits="0"  branch="false" />
			<line number="307"  hits="0"  branch="false" />
			<line number="310"  hits="1"  branch="false" />
			<line number="311"  hits="0"  branch="false" />
			<line number="312"  hits="0"  branch="false" />
			<line number="332"  hits="1"  branch="false" />
			<line number="333"  hits="0"  branch="true"  condition-coverage="0% (0/2)" />
			<line number="334"  hits="0"  branch="false" />
			<line number="353"  hits="1"  branch="false" />
			<line number="354"  hits="0"  branch="true"  condition-coverage="0% (0/2)" />
			<line number="355"  hits="0"  branch="true"  condition-coverage="0% (0/2)" />
			<line number="356"  hits="0"  branch="false" />
			<line number="357"  hits="0"  branch="false" />
			<line number="377"  hits="1"  branch="false" />
			<line number="378"  hits="0"  branch="true"  condition-coverage="0% (0/2)" />
			<line number="379"  hits="0"  branch="false" />
			<line number="396"  hits="1"  branch="false" />
			<line number="397"  hits="0"  branch="false" />
			<line number="398"  hits="0"  branch="false" />
			<line number="399"  hits="0"  branch="false" />
			<line number="400"  hits="0"  branch="false" />
			<line number="417"  hits="1"  branch="false" />
			<line number="418"  hits="0"  branch="false" />
			<line number="419"  hits="0"  branch="false" />
			<line number="420"  hits="0"  branch="false" />
		</lines>
		</class>
		<class name="qmlabfileopened.js"  filename="src/Main/qmlabfileopened.js"  line-rate="0.5455"  branch-rate="1" >
		<methods>
			<method name="onFileInitialize"  hits="1"  signature="()V" >
				<lines><line number="22"  hits="1" /></lines>
			</method>
			<method name="onFileLoaded"  hits="1"  signature="()V" >
				<lines><line number="53"  hits="1" /></lines>
			</method>
			<method name="addGlobalEventListeners"  hits="1"  signature="()V" >
				<lines><line number="92"  hits="1" /></lines>
			</method>
			<method name="addCollabEventToAllCells"  hits="2"  signature="()V" >
				<lines><line number="107"  hits="2" /></lines>
			</method>
		</methods>
		<lines>
			<line number="22"  hits="1"  branch="false" />
			<line number="23"  hits="1"  branch="false" />
			<line number="25"  hits="1"  branch="false" />
			<line number="26"  hits="1"  branch="false" />
			<line number="27"  hits="1"  branch="false" />
			<line number="28"  hits="1"  branch="false" />
			<line number="29"  hits="1"  branch="false" />
			<line number="30"  hits="1"  branch="false" />
			<line number="32"  hits="1"  branch="false" />
			<line number="53"  hits="1"  branch="false" />
			<line number="54"  hits="1"  branch="false" />
			<line number="57"  hits="0"  branch="false" />
			<line number="58"  hits="0"  branch="false" />
			<line number="59"  hits="0"  branch="false" />
			<line number="60"  hits="0"  branch="false" />
			<line number="61"  hits="0"  branch="false" />
			<line number="62"  hits="0"  branch="false" />
			<line number="63"  hits="0"  branch="false" />
			<line number="67"  hits="0"  branch="false" />
			<line number="68"  hits="0"  branch="false" />
			<line number="70"  hits="0"  branch="false" />
			<line number="72"  hits="0"  branch="false" />
			<line number="74"  hits="0"  branch="false" />
			<line number="75"  hits="0"  branch="false" />
			<line number="77"  hits="0"  branch="false" />
			<line number="79"  hits="0"  branch="false" />
			<line number="92"  hits="1"  branch="false" />
			<line number="93"  hits="1"  branch="false" />
			<line number="94"  hits="1"  branch="false" />
			<line number="107"  hits="1"  branch="false" />
			<line number="108"  hits="2"  branch="false" />
			<line number="109"  hits="2"  branch="false" />
			<line number="110"  hits="15"  branch="false" />
		</lines>
		</class>
		<class name="qmlabjointclasses.js"  filename="src/Main/qmlabjointclasses.js"  line-rate="0.9366"  branch-rate="0.6563" >
		<methods>
			<method name="localNode"  hits="1"  signature="()V" >
				<lines><line number="12"  hits="1" /></lines>
			</method>
			<method name="(anonymous_2)"  hits="2"  signature="()V" >
				<lines><line number="30"  hits="2" /></lines>
			</method>
			<method name="(anonymous_3)"  hits="2"  signature="()V" >
				<lines><line number="42"  hits="2" /></lines>
			</method>
			<method name="(anonymous_4)"  hits="1"  signature="()V" >
				<lines><line number="53"  hits="1" /></lines>
			</method>
			<method name="(anonymous_5)"  hits="3"  signature="()V" >
				<lines><line number="65"  hits="3" /></lines>
			</method>
			<method name="(anonymous_6)"  hits="3"  signature="()V" >
				<lines><line number="77"  hits="3" /></lines>
			</method>
			<method name="(anonymous_7)"  hits="11"  signature="()V" >
				<lines><line number="88"  hits="11" /></lines>
			</method>
			<method name="(anonymous_8)"  hits="1"  signature="()V" >
				<lines><line number="119"  hits="1" /></lines>
			</method>
			<method name="(anonymous_9)"  hits="1"  signature="()V" >
				<lines><line number="132"  hits="1" /></lines>
			</method>
			<method name="(anonymous_10)"  hits="1"  signature="()V" >
				<lines><line number="146"  hits="1" /></lines>
			</method>
			<method name="(anonymous_11)"  hits="1"  signature="()V" >
				<lines><line number="157"  hits="1" /></lines>
			</method>
			<method name="(anonymous_12)"  hits="8"  signature="()V" >
				<lines><line number="170"  hits="8" /></lines>
			</method>
			<method name="(anonymous_13)"  hits="36"  signature="()V" >
				<lines><line number="188"  hits="36" /></lines>
			</method>
			<method name="(anonymous_14)"  hits="27"  signature="()V" >
				<lines><line number="196"  hits="27" /></lines>
			</method>
			<method name="(anonymous_15)"  hits="1"  signature="()V" >
				<lines><line number="205"  hits="1" /></lines>
			</method>
			<method name="(anonymous_16)"  hits="27"  signature="()V" >
				<lines><line number="210"  hits="27" /></lines>
			</method>
			<method name="(anonymous_17)"  hits="1"  signature="()V" >
				<lines><line number="215"  hits="1" /></lines>
			</method>
			<method name="(anonymous_18)"  hits="27"  signature="()V" >
				<lines><line number="219"  hits="27" /></lines>
			</method>
			<method name="(anonymous_19)"  hits="1"  signature="()V" >
				<lines><line number="226"  hits="1" /></lines>
			</method>
			<method name="(anonymous_20)"  hits="0"  signature="()V" >
				<lines><line number="230"  hits="0" /></lines>
			</method>
			<method name="(anonymous_21)"  hits="1"  signature="()V" >
				<lines><line number="234"  hits="1" /></lines>
			</method>
			<method name="localLink"  hits="13"  signature="()V" >
				<lines><line number="285"  hits="13" /></lines>
			</method>
			<method name="localFlow"  hits="3"  signature="()V" >
				<lines><line number="356"  hits="3" /></lines>
			</method>
			<method name="(anonymous_24)"  hits="1"  signature="()V" >
				<lines><line number="419"  hits="1" /></lines>
			</method>
			<method name="(anonymous_25)"  hits="5"  signature="()V" >
				<lines><line number="432"  hits="5" /></lines>
			</method>
			<method name="(anonymous_26)"  hits="0"  signature="()V" >
				<lines><line number="457"  hits="0" /></lines>
			</method>
			<method name="(anonymous_27)"  hits="1"  signature="()V" >
				<lines><line number="482"  hits="1" /></lines>
			</method>
			<method name="(anonymous_28)"  hits="2"  signature="()V" >
				<lines><line number="495"  hits="2" /></lines>
			</method>
			<method name="(anonymous_29)"  hits="14"  signature="()V" >
				<lines><line number="508"  hits="14" /></lines>
			</method>
			<method name="(anonymous_30)"  hits="12"  signature="()V" >
				<lines><line number="520"  hits="12" /></lines>
			</method>
			<method name="(anonymous_31)"  hits="10"  signature="()V" >
				<lines><line number="531"  hits="10" /></lines>
			</method>
			<method name="(anonymous_32)"  hits="10"  signature="()V" >
				<lines><line number="545"  hits="10" /></lines>
			</method>
			<method name="(anonymous_33)"  hits="20"  signature="()V" >
				<lines><line number="563"  hits="20" /></lines>
			</method>
			<method name="(anonymous_34)"  hits="10"  signature="()V" >
				<lines><line number="574"  hits="10" /></lines>
			</method>
			<method name="(anonymous_35)"  hits="0"  signature="()V" >
				<lines><line number="585"  hits="0" /></lines>
			</method>
			<method name="(anonymous_36)"  hits="10"  signature="()V" >
				<lines><line number="590"  hits="10" /></lines>
			</method>
			<method name="(anonymous_37)"  hits="10"  signature="()V" >
				<lines><line number="598"  hits="10" /></lines>
			</method>
			<method name="(anonymous_38)"  hits="0"  signature="()V" >
				<lines><line number="609"  hits="0" /></lines>
			</method>
			<method name="(anonymous_39)"  hits="0"  signature="()V" >
				<lines><line number="614"  hits="0" /></lines>
			</method>
			<method name="(anonymous_40)"  hits="0"  signature="()V" >
				<lines><line number="619"  hits="0" /></lines>
			</method>
			<method name="(anonymous_41)"  hits="0"  signature="()V" >
				<lines><line number="623"  hits="0" /></lines>
			</method>
			<method name="(anonymous_42)"  hits="0"  signature="()V" >
				<lines><line number="627"  hits="0" /></lines>
			</method>
			<method name="(anonymous_43)"  hits="8"  signature="()V" >
				<lines><line number="911"  hits="8" /></lines>
			</method>
			<method name="(anonymous_44)"  hits="1"  signature="()V" >
				<lines><line number="916"  hits="1" /></lines>
			</method>
			<method name="(anonymous_45)"  hits="2"  signature="()V" >
				<lines><line number="920"  hits="2" /></lines>
			</method>
			<method name="(anonymous_46)"  hits="1"  signature="()V" >
				<lines><line number="925"  hits="1" /></lines>
			</method>
			<method name="(anonymous_47)"  hits="1"  signature="()V" >
				<lines><line number="929"  hits="1" /></lines>
			</method>
		</methods>
		<lines>
			<line number="12"  hits="1"  branch="false" />
			<line number="13"  hits="1"  branch="false" />
			<line number="16"  hits="1"  branch="true"  condition-coverage="50% (1/2)" />
			<line number="17"  hits="1"  branch="false" />
			<line number="19"  hits="1"  branch="false" />
			<line number="30"  hits="1"  branch="false" />
			<line number="31"  hits="2"  branch="false" />
			<line number="42"  hits="1"  branch="false" />
			<line number="43"  hits="2"  branch="false" />
			<line number="53"  hits="1"  branch="false" />
			<line number="54"  hits="1"  branch="false" />
			<line number="65"  hits="1"  branch="false" />
			<line number="66"  hits="3"  branch="false" />
			<line number="77"  hits="1"  branch="false" />
			<line number="78"  hits="3"  branch="false" />
			<line number="88"  hits="1"  branch="false" />
			<line number="89"  hits="11"  branch="false" />
			<line number="90"  hits="11"  branch="false" />
			<line number="91"  hits="11"  branch="false" />
			<line number="92"  hits="11"  branch="false" />
			<line number="93"  hits="11"  branch="false" />
			<line number="94"  hits="11"  branch="false" />
			<line number="95"  hits="11"  branch="false" />
			<line number="96"  hits="11"  branch="false" />
			<line number="97"  hits="11"  branch="false" />
			<line number="99"  hits="11"  branch="false" />
			<line number="100"  hits="11"  branch="true"  condition-coverage="100% (4/4)" />
			<line number="102"  hits="10"  branch="false" />
			<line number="105"  hits="1"  branch="false" />
			<line number="119"  hits="1"  branch="false" />
			<line number="120"  hits="1"  branch="true"  condition-coverage="50% (1/2)" />
			<line number="121"  hits="1"  branch="false" />
			<line number="132"  hits="1"  branch="false" />
			<line number="133"  hits="1"  branch="true"  condition-coverage="50% (1/2)" />
			<line number="134"  hits="1"  branch="false" />
			<line number="146"  hits="1"  branch="false" />
			<line number="147"  hits="1"  branch="false" />
			<line number="157"  hits="1"  branch="false" />
			<line number="158"  hits="1"  branch="true"  condition-coverage="50% (1/2)" />
			<line number="159"  hits="1"  branch="false" />
			<line number="170"  hits="1"  branch="false" />
			<line number="171"  hits="8"  branch="false" />
			<line number="172"  hits="8"  branch="true"  condition-coverage="100% (2/2)" />
			<line number="173"  hits="1"  branch="false" />
			<line number="177"  hits="7"  branch="false" />
			<line number="188"  hits="1"  branch="false" />
			<line number="189"  hits="36"  branch="false" />
			<line number="190"  hits="36"  branch="false" />
			<line number="196"  hits="1"  branch="false" />
			<line number="197"  hits="27"  branch="false" />
			<line number="198"  hits="27"  branch="false" />
			<line number="199"  hits="27"  branch="false" />
			<line number="200"  hits="27"  branch="false" />
			<line number="201"  hits="27"  branch="false" />
			<line number="202"  hits="27"  branch="false" />
			<line number="205"  hits="1"  branch="false" />
			<line number="206"  hits="1"  branch="false" />
			<line number="210"  hits="1"  branch="false" />
			<line number="211"  hits="27"  branch="false" />
			<line number="212"  hits="27"  branch="false" />
			<line number="215"  hits="1"  branch="false" />
			<line number="216"  hits="1"  branch="false" />
			<line number="219"  hits="1"  branch="false" />
			<line number="220"  hits="27"  branch="true"  condition-coverage="50% (1/2)" />
			<line number="221"  hits="27"  branch="false" />
			<line number="222"  hits="27"  branch="false" />
			<line number="226"  hits="1"  branch="false" />
			<line number="227"  hits="1"  branch="false" />
			<line number="230"  hits="1"  branch="false" />
			<line number="234"  hits="1"  branch="false" />
			<line number="235"  hits="1"  branch="false" />
			<line number="241"  hits="1"  branch="false" />
			<line number="242"  hits="1"  branch="false" />
			<line number="243"  hits="1"  branch="false" />
			<line number="244"  hits="1"  branch="false" />
			<line number="245"  hits="1"  branch="false" />
			<line number="246"  hits="1"  branch="false" />
			<line number="247"  hits="1"  branch="false" />
			<line number="248"  hits="1"  branch="false" />
			<line number="250"  hits="1"  branch="false" />
			<line number="251"  hits="1"  branch="false" />
			<line number="252"  hits="1"  branch="false" />
			<line number="253"  hits="1"  branch="false" />
			<line number="254"  hits="1"  branch="false" />
			<line number="255"  hits="1"  branch="false" />
			<line number="256"  hits="1"  branch="false" />
			<line number="285"  hits="1"  branch="false" />
			<line number="286"  hits="13"  branch="false" />
			<line number="287"  hits="13"  branch="false" />
			<line number="289"  hits="13"  branch="true"  condition-coverage="100% (2/2)" />
			<line number="290"  hits="1"  branch="true"  condition-coverage="50% (1/2)" />
			<line number="291"  hits="1"  branch="false" />
			<line number="296"  hits="12"  branch="false" />
			<line number="300"  hits="13"  branch="true"  condition-coverage="100% (2/2)" />
			<line number="301"  hits="1"  branch="true"  condition-coverage="50% (1/2)" />
			<line number="302"  hits="1"  branch="false" />
			<line number="308"  hits="12"  branch="false" />
			<line number="309"  hits="12"  branch="false" />
			<line number="313"  hits="13"  branch="true"  condition-coverage="100% (2/2)" />
			<line number="314"  hits="1"  branch="false" />
			<line number="318"  hits="13"  branch="true"  condition-coverage="80% (4/5)" />
			<line number="319"  hits="13"  branch="false" />
			<line number="322"  hits="13"  branch="false" />
			<line number="356"  hits="1"  branch="false" />
			<line number="357"  hits="3"  branch="false" />
			<line number="358"  hits="3"  branch="false" />
			<line number="361"  hits="3"  branch="true"  condition-coverage="100% (2/2)" />
			<line number="362"  hits="1"  branch="true"  condition-coverage="50% (1/2)" />
			<line number="363"  hits="1"  branch="false" />
			<line number="368"  hits="2"  branch="false" />
			<line number="372"  hits="3"  branch="true"  condition-coverage="100% (2/2)" />
			<line number="373"  hits="1"  branch="true"  condition-coverage="50% (1/2)" />
			<line number="374"  hits="1"  branch="false" />
			<line number="380"  hits="2"  branch="false" />
			<line number="381"  hits="2"  branch="false" />
			<line number="385"  hits="3"  branch="true"  condition-coverage="100% (2/2)" />
			<line number="386"  hits="1"  branch="false" />
			<line number="390"  hits="3"  branch="true"  condition-coverage="80% (4/5)" />
			<line number="391"  hits="0"  branch="false" />
			<line number="394"  hits="3"  branch="false" />
			<line number="397"  hits="3"  branch="false" />
			<line number="419"  hits="1"  branch="false" />
			<line number="420"  hits="1"  branch="false" />
			<line number="432"  hits="1"  branch="false" />
			<line number="433"  hits="5"  branch="true"  condition-coverage="100% (2/2)" />
			<line number="434"  hits="4"  branch="true"  condition-coverage="100% (2/2)" />
			<line number="435"  hits="3"  branch="false" />
			<line number="438"  hits="1"  branch="false" />
			<line number="439"  hits="1"  branch="false" />
			<line number="443"  hits="1"  branch="false" />
			<line number="444"  hits="1"  branch="false" />
			<line number="457"  hits="1"  branch="false" />
			<line number="458"  hits="0"  branch="true"  condition-coverage="0% (0/2)" />
			<line number="459"  hits="0"  branch="false" />
			<line number="462"  hits="0"  branch="false" />
			<line number="463"  hits="0"  branch="false" />
			<line number="482"  hits="1"  branch="false" />
			<line number="483"  hits="1"  branch="false" />
			<line number="495"  hits="1"  branch="false" />
			<line number="496"  hits="2"  branch="false" />
			<line number="508"  hits="1"  branch="false" />
			<line number="509"  hits="14"  branch="false" />
			<line number="520"  hits="1"  branch="false" />
			<line number="521"  hits="12"  branch="false" />
			<line number="531"  hits="1"  branch="false" />
			<line number="532"  hits="10"  branch="false" />
			<line number="533"  hits="10"  branch="false" />
			<line number="534"  hits="10"  branch="false" />
			<line number="535"  hits="10"  branch="false" />
			<line number="545"  hits="1"  branch="false" />
			<line number="546"  hits="10"  branch="false" />
			<line number="563"  hits="1"  branch="false" />
			<line number="564"  hits="20"  branch="true"  condition-coverage="50% (1/2)" />
			<line number="565"  hits="20"  branch="true"  condition-coverage="50% (1/2)" />
			<line number="566"  hits="20"  branch="false" />
			<line number="570"  hits="0"  branch="false" />
			<line number="574"  hits="1"  branch="false" />
			<line number="575"  hits="10"  branch="false" />
			<line number="576"  hits="10"  branch="false" />
			<line number="585"  hits="1"  branch="false" />
			<line number="586"  hits="0"  branch="false" />
			<line number="590"  hits="1"  branch="false" />
			<line number="591"  hits="10"  branch="false" />
			<line number="592"  hits="10"  branch="false" />
			<line number="593"  hits="10"  branch="false" />
			<line number="594"  hits="10"  branch="false" />
			<line number="598"  hits="1"  branch="false" />
			<line number="599"  hits="10"  branch="true"  condition-coverage="50% (1/2)" />
			<line number="600"  hits="0"  branch="false" />
			<line number="603"  hits="10"  branch="false" />
			<line number="609"  hits="1"  branch="false" />
			<line number="610"  hits="0"  branch="false" />
			<line number="614"  hits="1"  branch="false" />
			<line number="615"  hits="0"  branch="false" />
			<line number="619"  hits="1"  branch="false" />
			<line number="623"  hits="1"  branch="false" />
			<line number="627"  hits="1"  branch="false" />
			<line number="628"  hits="0"  branch="true"  condition-coverage="0% (0/4)" />
			<line number="630"  hits="0"  branch="true"  condition-coverage="0% (0/2)" />
			<line number="631"  hits="0"  branch="false" />
			<line number="640"  hits="1"  branch="false" />
			<line number="650"  hits="1"  branch="false" />
			<line number="665"  hits="1"  branch="false" />
			<line number="684"  hits="1"  branch="false" />
			<line number="708"  hits="1"  branch="false" />
			<line number="730"  hits="1"  branch="false" />
			<line number="753"  hits="1"  branch="false" />
			<line number="776"  hits="1"  branch="false" />
			<line number="807"  hits="1"  branch="false" />
			<line number="825"  hits="1"  branch="false" />
			<line number="843"  hits="1"  branch="false" />
			<line number="873"  hits="1"  branch="false" />
			<line number="892"  hits="1"  branch="false" />
			<line number="911"  hits="1"  branch="false" />
			<line number="912"  hits="8"  branch="false" />
			<line number="913"  hits="8"  branch="false" />
			<line number="916"  hits="1"  branch="false" />
			<line number="917"  hits="1"  branch="false" />
			<line number="920"  hits="1"  branch="false" />
			<line number="921"  hits="2"  branch="false" />
			<line number="922"  hits="2"  branch="false" />
			<line number="925"  hits="1"  branch="false" />
			<line number="926"  hits="1"  branch="false" />
			<line number="929"  hits="1"  branch="false" />
			<line number="930"  hits="1"  branch="false" />
		</lines>
		</class>
		<class name="utilityfunctionsqmlab.js"  filename="src/Main/utilityfunctionsqmlab.js"  line-rate="0.6"  branch-rate="0.25" >
		<methods>
			<method name="(anonymous_1)"  hits="0"  signature="()V" >
				<lines><line number="1"  hits="0" /></lines>
			</method>
			<method name="compareArray"  hits="3"  signature="()V" >
				<lines><line number="12"  hits="3" /></lines>
			</method>
		</methods>
		<lines>
			<line number="1"  hits="1"  branch="false" />
			<line number="2"  hits="0"  branch="true"  condition-coverage="0% (0/4)" />
			<line number="3"  hits="0"  branch="true"  condition-coverage="0% (0/2)" />
			<line number="4"  hits="0"  branch="false" />
			<line number="5"  hits="0"  branch="true"  condition-coverage="0% (0/2)" />
			<line number="6"  hits="0"  branch="false" />
			<line number="8"  hits="0"  branch="false" />
			<line number="12"  hits="1"  branch="false" />
			<line number="13"  hits="3"  branch="true"  condition-coverage="100% (2/2)" />
			<line number="14"  hits="2"  branch="false" />
			<line number="15"  hits="2"  branch="false" />
			<line number="16"  hits="1"  branch="true"  condition-coverage="50% (1/2)" />
			<line number="17"  hits="1"  branch="false" />
			<line number="20"  hits="2"  branch="false" />
			<line number="22"  hits="1"  branch="false" />
		</lines>
		</class>
	</classes>
	</package>
</packages>
</coverage>
